2026-05-24T03:03:39+0300 INFO: Запуск процесса из студии разработки. D:\Frontend_Projects\word_formatter\process\Процесс 1.json
2026-05-24T03:03:41+0300 INFO: Старт робота: D:\Frontend_Projects\word_formatter\resource\e6ab7252-53cc-42e1-b03a-165e68827292\cortex_427.py
2026-05-24T03:03:41+0300 INFO: Завершение работы робота: D:\Frontend_Projects\word_formatter\resource\e6ab7252-53cc-42e1-b03a-165e68827292\cortex_427.py
2026-05-24T03:03:41+0300 INFO: Завершение выполнения процесса. D:\Frontend_Projects\word_formatter\process\Процесс 1.json
2026-05-24T03:04:30+0300 INFO: Запуск процесса из студии разработки. D:\Frontend_Projects\word_formatter\process\Процесс 1.json
2026-05-24T03:04:31+0300 INFO: Старт робота: D:\Frontend_Projects\word_formatter\resource\19d32a86-3918-4b27-b6bb-bc416eb4d771\cortex_427.py
2026-05-24T03:04:36+0300 INFO: Завершение работы робота: D:\Frontend_Projects\word_formatter\resource\19d32a86-3918-4b27-b6bb-bc416eb4d771\cortex_427.py
2026-05-24T03:04:36+0300 INFO: Завершение выполнения процесса. D:\Frontend_Projects\word_formatter\process\Процесс 1.json
2026-05-24T03:05:27+0300 INFO: Запуск процесса из студии разработки. D:\Frontend_Projects\word_formatter\process\Процесс 1.json
2026-05-24T03:05:28+0300 INFO: Старт робота: D:\Frontend_Projects\word_formatter\resource\2df30501-f097-4b41-b652-cfb82fbf8304\cortex_427.py
2026-05-24T03:05:31+0300 INFO: Завершение работы робота: D:\Frontend_Projects\word_formatter\resource\2df30501-f097-4b41-b652-cfb82fbf8304\cortex_427.py
2026-05-24T03:05:31+0300 INFO: Завершение выполнения процесса. D:\Frontend_Projects\word_formatter\process\Процесс 1.json
2026-05-24T10:01:09+0300 INFO: Запуск процесса из студии разработки. D:\Frontend_Projects\word_formatter\process\Процесс 1.json
2026-05-24T10:01:10+0300 INFO: Старт робота: D:\Frontend_Projects\word_formatter\resource\9c2df7fc-7af1-490d-8eb9-16d79aa372fd\cortex_427.py
2026-05-24T10:01:12+0300 ERROR: D:\Frontend_Projects\word_formatter\resource\9c2df7fc-7af1-490d-8eb9-16d79aa372fd\cortex_427.py Ошибка: name 'my_dict' is not defined
2026-05-24T10:01:16+0300 ERROR: Завершение выполнения процесса. D:\Frontend_Projects\word_formatter\process\Процесс 1.json
2026-05-24T10:46:03+0300 INFO: Запуск процесса из студии разработки. D:\Frontend_Projects\puzzle_WORD\hackathon-may-2026\KLYANIS_kejs_7\solution\process\Процесс 1.json
2026-05-24T10:46:05+0300 INFO: Старт робота: D:\Frontend_Projects\puzzle_WORD\hackathon-may-2026\KLYANIS_kejs_7\solution\resource\9a8bb5e1-57da-4824-810d-f4821f474158\cortex_427.py
2026-05-24T10:46:05+0300 ERROR: D:\Frontend_Projects\puzzle_WORD\hackathon-may-2026\KLYANIS_kejs_7\solution\resource\9a8bb5e1-57da-4824-810d-f4821f474158\cortex_427.py Ошибка: Шаблон не найден: D:\Frontend_Projects\puzzle_WORD\hackathon-may-2026\KLYANIS_kejs_7\solution\resource\old_word.docx
2026-05-24T10:46:12+0300 ERROR: Завершение выполнения процесса. D:\Frontend_Projects\puzzle_WORD\hackathon-may-2026\KLYANIS_kejs_7\solution\process\Процесс 1.json
2026-05-24T11:18:09+0300 INFO: Запуск процесса из студии разработки. D:\Frontend_Projects\puzzle_WORD\hackathon-may-2026\KLYANIS_kejs_7\solution\process\Процесс 1.json
2026-05-24T11:18:10+0300 INFO: Старт робота: D:\Frontend_Projects\puzzle_WORD\hackathon-may-2026\KLYANIS_kejs_7\solution\resource\5e394046-a652-489a-80e8-b57c2d476ff7\cortex_427.py
2026-05-24T11:18:12+0300 INFO: Завершение работы робота: D:\Frontend_Projects\puzzle_WORD\hackathon-may-2026\KLYANIS_kejs_7\solution\resource\5e394046-a652-489a-80e8-b57c2d476ff7\cortex_427.py
2026-05-24T11:18:12+0300 INFO: Завершение выполнения процесса. D:\Frontend_Projects\puzzle_WORD\hackathon-may-2026\KLYANIS_kejs_7\solution\process\Процесс 1.json
2026-05-24T11:19:44+0300 INFO: Запуск процесса из студии разработки. D:\Frontend_Projects\puzzle_WORD\hackathon-may-2026\KLYANIS_kejs_7\solution\process\Процесс 1.json
2026-05-24T11:19:45+0300 INFO: Старт робота: D:\Frontend_Projects\puzzle_WORD\hackathon-may-2026\KLYANIS_kejs_7\solution\resource\bc1b4730-7c4a-41d0-a344-4738f523b1a8\cortex_427.py
2026-05-24T11:19:47+0300 INFO: Завершение работы робота: D:\Frontend_Projects\puzzle_WORD\hackathon-may-2026\KLYANIS_kejs_7\solution\resource\bc1b4730-7c4a-41d0-a344-4738f523b1a8\cortex_427.py
2026-05-24T11:19:48+0300 INFO: Завершение выполнения процесса. D:\Frontend_Projects\puzzle_WORD\hackathon-may-2026\KLYANIS_kejs_7\solution\process\Процесс 1.json
2026-05-24T11:44:06+0300 INFO: Запуск процесса из студии разработки. D:\Frontend_Projects\puzzle_WORD\hackathon-may-2026\KLYANIS_kejs_7\solution\process\Процесс 1.json
2026-05-24T11:44:07+0300 INFO: Старт робота: D:\Frontend_Projects\puzzle_WORD\hackathon-may-2026\KLYANIS_kejs_7\solution\resource\5324a584-82d3-4483-9a54-d07b9ef410ee\cortex_427.py
2026-05-24T11:44:12+0300 INFO: Завершение работы робота: D:\Frontend_Projects\puzzle_WORD\hackathon-may-2026\KLYANIS_kejs_7\solution\resource\5324a584-82d3-4483-9a54-d07b9ef410ee\cortex_427.py
2026-05-24T11:44:12+0300 INFO: Завершение выполнения процесса. D:\Frontend_Projects\puzzle_WORD\hackathon-may-2026\KLYANIS_kejs_7\solution\process\Процесс 1.json
2026-05-24T11:47:40+0300 INFO: Запуск процесса из студии разработки. D:\Frontend_Projects\puzzle_WORD\hackathon-may-2026\KLYANIS_kejs_7\solution\process\Процесс 1.json
2026-05-24T11:47:41+0300 INFO: Старт робота: D:\Frontend_Projects\puzzle_WORD\hackathon-may-2026\KLYANIS_kejs_7\solution\resource\de6fd06c-a4c3-4925-9415-906cee0064f8\cortex_427.py
2026-05-24T11:47:43+0300 INFO: Завершение работы робота: D:\Frontend_Projects\puzzle_WORD\hackathon-may-2026\KLYANIS_kejs_7\solution\resource\de6fd06c-a4c3-4925-9415-906cee0064f8\cortex_427.py
2026-05-24T11:47:44+0300 INFO: Завершение выполнения процесса. D:\Frontend_Projects\puzzle_WORD\hackathon-may-2026\KLYANIS_kejs_7\solution\process\Процесс 1.json
2026-05-24T11:50:09+0300 INFO: Запуск процесса из студии разработки. D:\Frontend_Projects\puzzle_WORD\hackathon-may-2026\KLYANIS_kejs_7\solution\process\Процесс 1.json
2026-05-24T11:50:10+0300 INFO: Старт робота: D:\Frontend_Projects\puzzle_WORD\hackathon-may-2026\KLYANIS_kejs_7\solution\resource\19f3e6fe-2c97-4478-a27b-2cf1622a31a5\cortex_427.py
2026-05-24T11:50:12+0300 INFO: Завершение работы робота: D:\Frontend_Projects\puzzle_WORD\hackathon-may-2026\KLYANIS_kejs_7\solution\resource\19f3e6fe-2c97-4478-a27b-2cf1622a31a5\cortex_427.py
2026-05-24T11:50:13+0300 INFO: Завершение выполнения процесса. D:\Frontend_Projects\puzzle_WORD\hackathon-may-2026\KLYANIS_kejs_7\solution\process\Процесс 1.json
2026-05-24T12:22:25+0300 INFO: Запуск процесса из студии разработки. D:\Frontend_Projects\puzzle_WORD\hackathon-may-2026\KLYANIS_kejs_7\solution\process\Процесс 1.json
2026-05-24T12:22:26+0300 INFO: Старт робота: D:\Frontend_Projects\puzzle_WORD\hackathon-may-2026\KLYANIS_kejs_7\solution\resource\a9c1f8bf-36ad-49c6-b515-dc28df8a38fb\cortex_427.py
2026-05-24T12:22:28+0300 INFO: Завершение работы робота: D:\Frontend_Projects\puzzle_WORD\hackathon-may-2026\KLYANIS_kejs_7\solution\resource\a9c1f8bf-36ad-49c6-b515-dc28df8a38fb\cortex_427.py
2026-05-24T12:22:28+0300 INFO: Завершение выполнения процесса. D:\Frontend_Projects\puzzle_WORD\hackathon-may-2026\KLYANIS_kejs_7\solution\process\Процесс 1.json
2026-05-24T12:25:31+0300 INFO: Запуск процесса из студии разработки. D:\Frontend_Projects\puzzle_WORD\hackathon-may-2026\KLYANIS_kejs_7\solution\process\Процесс 1.json
2026-05-24T12:25:33+0300 INFO: Старт робота: D:\Frontend_Projects\puzzle_WORD\hackathon-may-2026\KLYANIS_kejs_7\solution\resource\a35249fc-9663-48fa-934a-4e49105094be\cortex_427.py
2026-05-24T12:25:35+0300 INFO: Завершение работы робота: D:\Frontend_Projects\puzzle_WORD\hackathon-may-2026\KLYANIS_kejs_7\solution\resource\a35249fc-9663-48fa-934a-4e49105094be\cortex_427.py
2026-05-24T12:25:35+0300 INFO: Завершение выполнения процесса. D:\Frontend_Projects\puzzle_WORD\hackathon-may-2026\KLYANIS_kejs_7\solution\process\Процесс 1.json
2026-05-24T12:38:54+0300 INFO: Запуск процесса из студии разработки. D:\Frontend_Projects\puzzle_WORD\hackathon-may-2026\KLYANIS_kejs_7\solution\process\Процесс 1.json
2026-05-24T12:38:55+0300 INFO: Старт робота: D:\Frontend_Projects\puzzle_WORD\hackathon-may-2026\KLYANIS_kejs_7\solution\resource\43c465cf-dd8f-4482-9190-327cd24193f0\cortex_427.py
2026-05-24T12:39:01+0300 INFO: Завершение работы робота: D:\Frontend_Projects\puzzle_WORD\hackathon-may-2026\KLYANIS_kejs_7\solution\resource\43c465cf-dd8f-4482-9190-327cd24193f0\cortex_427.py
2026-05-24T12:39:01+0300 INFO: Завершение выполнения процесса. D:\Frontend_Projects\puzzle_WORD\hackathon-may-2026\KLYANIS_kejs_7\solution\process\Процесс 1.json
2026-05-24T12:40:10+0300 INFO: Запуск процесса из студии разработки. D:\Frontend_Projects\puzzle_WORD\hackathon-may-2026\KLYANIS_kejs_7\solution\process\Процесс 1.json
2026-05-24T12:40:11+0300 INFO: Старт робота: D:\Frontend_Projects\puzzle_WORD\hackathon-may-2026\KLYANIS_kejs_7\solution\resource\b2c85249-e173-43d6-8906-7445343221e1\cortex_427.py
2026-05-24T12:40:18+0300 INFO: Завершение работы робота: D:\Frontend_Projects\puzzle_WORD\hackathon-may-2026\KLYANIS_kejs_7\solution\resource\b2c85249-e173-43d6-8906-7445343221e1\cortex_427.py
2026-05-24T12:40:18+0300 INFO: Завершение выполнения процесса. D:\Frontend_Projects\puzzle_WORD\hackathon-may-2026\KLYANIS_kejs_7\solution\process\Процесс 1.json
2026-05-24T12:43:18+0300 INFO: Запуск процесса из студии разработки. D:\Frontend_Projects\puzzle_WORD\hackathon-may-2026\KLYANIS_kejs_7\solution\process\Процесс 1.json
2026-05-24T12:43:19+0300 INFO: Старт робота: D:\Frontend_Projects\puzzle_WORD\hackathon-may-2026\KLYANIS_kejs_7\solution\resource\9076c1a6-2c48-4d71-9c86-b678da6f35d3\cortex_427.py
2026-05-24T12:43:27+0300 INFO: Завершение работы робота: D:\Frontend_Projects\puzzle_WORD\hackathon-may-2026\KLYANIS_kejs_7\solution\resource\9076c1a6-2c48-4d71-9c86-b678da6f35d3\cortex_427.py
2026-05-24T12:43:27+0300 INFO: Завершение выполнения процесса. D:\Frontend_Projects\puzzle_WORD\hackathon-may-2026\KLYANIS_kejs_7\solution\process\Процесс 1.json
2026-05-24T11:46:20+0300 INFO: Запуск процесса из студии разработки. D:\Frontend_Projects\puzzle_WORD\hackathon-may-2026\KLYANIS_kejs_7\solution\process\Процесс 1.json
2026-05-24T11:46:21+0300 INFO: Старт робота: D:\Frontend_Projects\puzzle_WORD\hackathon-may-2026\KLYANIS_kejs_7\solution\resource\29b3ed58-e260-4273-b965-c8a02a5f3b60\cortex_427.py
2026-05-24T11:46:28+0300 INFO: Завершение работы робота: D:\Frontend_Projects\puzzle_WORD\hackathon-may-2026\KLYANIS_kejs_7\solution\resource\29b3ed58-e260-4273-b965-c8a02a5f3b60\cortex_427.py
2026-05-24T11:46:28+0300 INFO: Завершение выполнения процесса. D:\Frontend_Projects\puzzle_WORD\hackathon-may-2026\KLYANIS_kejs_7\solution\process\Процесс 1.json
2026-05-24T15:23:35+0300 INFO: Запуск процесса из студии разработки. D:\Frontend_Projects\puzzle_WORD\hackathon-may-2026\KLYANIS_kejs_7\solution\process\Процесс 1.json
2026-05-24T15:23:35+0300 INFO: Запуск процесса из студии разработки. D:\Frontend_Projects\puzzle_WORD\hackathon-may-2026\KLYANIS_kejs_7\solution\process\Процесс 1.json
2026-05-24T15:23:37+0300 INFO: Старт робота: D:\Frontend_Projects\puzzle_WORD\hackathon-may-2026\KLYANIS_kejs_7\solution\resource\24620140-2385-48b9-8011-8ea59dc96335\cortex_427.py
2026-05-24T15:23:45+0300 INFO: Завершение работы робота: D:\Frontend_Projects\puzzle_WORD\hackathon-may-2026\KLYANIS_kejs_7\solution\resource\14cee955-80dd-4ec7-96de-9d6ca1afcaca\cortex_427.py
2026-05-24T15:23:45+0300 INFO: Завершение выполнения процесса. D:\Frontend_Projects\puzzle_WORD\hackathon-may-2026\KLYANIS_kejs_7\solution\process\Процесс 1.json
2026-05-24T15:23:46+0300 INFO: Завершение работы робота: D:\Frontend_Projects\puzzle_WORD\hackathon-may-2026\KLYANIS_kejs_7\solution\resource\24620140-2385-48b9-8011-8ea59dc96335\cortex_427.py
2026-05-24T15:23:46+0300 INFO: Завершение выполнения процесса. D:\Frontend_Projects\puzzle_WORD\hackathon-may-2026\KLYANIS_kejs_7\solution\process\Процесс 1.json
