2026-05-24T00:23:08+0300 INFO: Старт робота: C:\Users\dandi\AppData\Local\Programs\PuzzleRPA\3.0.3\Studio\resources\_tmp\projects\Проект 1\resource\15887690-7e97-4da6-8a06-b50a7e918e61\sentry_907.py
2026-05-24T00:23:09+0300 INFO: Завершение работы робота: C:\Users\dandi\AppData\Local\Programs\PuzzleRPA\3.0.3\Studio\resources\_tmp\projects\Проект 1\resource\15887690-7e97-4da6-8a06-b50a7e918e61\sentry_907.py
2026-05-24T00:24:02+0300 INFO: Старт робота: C:\Users\dandi\OneDrive\Документы\RPA PROJ TEXT\Проект 12\resource\1bd7e527-98d8-4e99-8ebc-88ddcd54a271\sentry_907.py
2026-05-24T00:24:03+0300 INFO: Завершение работы робота: C:\Users\dandi\OneDrive\Документы\RPA PROJ TEXT\Проект 12\resource\1bd7e527-98d8-4e99-8ebc-88ddcd54a271\sentry_907.py
2026-05-24T00:24:08+0300 INFO: Старт робота: C:\Users\dandi\OneDrive\Документы\RPA PROJ TEXT\Проект 12\resource\7b9e2481-fe5e-4f2c-9ad1-74c19e0187bb\sentry_907.py
2026-05-24T00:24:09+0300 INFO: Завершение работы робота: C:\Users\dandi\OneDrive\Документы\RPA PROJ TEXT\Проект 12\resource\7b9e2481-fe5e-4f2c-9ad1-74c19e0187bb\sentry_907.py
2026-05-24T00:31:16+0300 INFO: Старт робота: C:\Users\dandi\OneDrive\Документы\RPA PROJ TEXT\Проект 12\resource\a8b52904-aff4-4759-bd60-6038bda9177f\sentry_907.py
2026-05-24T00:31:17+0300 INFO: Завершение работы робота: C:\Users\dandi\OneDrive\Документы\RPA PROJ TEXT\Проект 12\resource\a8b52904-aff4-4759-bd60-6038bda9177f\sentry_907.py
2026-05-24T00:32:57+0300 INFO: Старт робота: C:\Users\dandi\OneDrive\Документы\RPA PROJ TEXT\Проект 12\resource\9f99611c-df45-4d5e-988e-7c373b2e82b6\sentry_907.py
2026-05-24T00:33:10+0300 INFO: Завершение работы робота: C:\Users\dandi\OneDrive\Документы\RPA PROJ TEXT\Проект 12\resource\9f99611c-df45-4d5e-988e-7c373b2e82b6\sentry_907.py
2026-05-24T00:33:42+0300 INFO: Старт робота: C:\Users\dandi\OneDrive\Документы\RPA PROJ TEXT\Проект 12\resource\9092c808-f4e0-4f3e-80d3-56e63e81f27c\sentry_907.py
2026-05-24T00:34:30+0300 INFO: Завершение работы робота: C:\Users\dandi\OneDrive\Документы\RPA PROJ TEXT\Проект 12\resource\9092c808-f4e0-4f3e-80d3-56e63e81f27c\sentry_907.py
2026-05-24T00:43:34+0300 INFO: Старт робота: C:\Users\dandi\OneDrive\Документы\RPA PROJ TEXT\Проект 12\resource\7e32193e-f0f5-45d4-b68e-6293e8be5dfb\sentry_907.py
2026-05-24T00:44:29+0300 INFO: Завершение работы робота: C:\Users\dandi\OneDrive\Документы\RPA PROJ TEXT\Проект 12\resource\7e32193e-f0f5-45d4-b68e-6293e8be5dfb\sentry_907.py
2026-05-24T01:25:06+0300 INFO: Старт робота: C:\Users\dandi\OneDrive\Документы\RPA PROJ TEXT\Проект 12\resource\d402b9f0-ef6f-4d13-a6c7-c4905b5e11c5\sentry_907.py
2026-05-24T01:26:48+0300 INFO: Завершение работы робота: C:\Users\dandi\OneDrive\Документы\RPA PROJ TEXT\Проект 12\resource\d402b9f0-ef6f-4d13-a6c7-c4905b5e11c5\sentry_907.py
2026-05-24T03:14:36+0300 INFO: Запуск процесса из студии разработки. C:\Users\dandi\OneDrive\Документы\RPA PROJ TEXT\Проект 12\process\Процесс 1.json
2026-05-24T03:14:37+0300 INFO: Старт робота: C:\Users\dandi\OneDrive\Документы\RPA PROJ TEXT\Проект 12\resource\2b8123bb-8535-412d-bbf6-f26a4ca4bf0c\sentry_907.py
2026-05-24T03:14:46+0300 INFO: Завершение работы робота: C:\Users\dandi\OneDrive\Документы\RPA PROJ TEXT\Проект 12\resource\2b8123bb-8535-412d-bbf6-f26a4ca4bf0c\sentry_907.py
2026-05-24T03:14:47+0300 INFO: Завершение выполнения процесса. C:\Users\dandi\OneDrive\Документы\RPA PROJ TEXT\Проект 12\process\Процесс 1.json
2026-05-24T03:14:54+0300 INFO: Запуск процесса из студии разработки. C:\Users\dandi\OneDrive\Документы\RPA PROJ TEXT\Проект 12\process\Процесс 1.json
2026-05-24T03:14:56+0300 INFO: Старт робота: C:\Users\dandi\OneDrive\Документы\RPA PROJ TEXT\Проект 12\resource\afe41543-3849-4151-94fe-af8a25a2b06c\sentry_907.py
2026-05-24T03:16:30+0300 INFO: Завершение работы робота: C:\Users\dandi\OneDrive\Документы\RPA PROJ TEXT\Проект 12\resource\afe41543-3849-4151-94fe-af8a25a2b06c\sentry_907.py
2026-05-24T03:16:30+0300 INFO: Завершение выполнения процесса. C:\Users\dandi\OneDrive\Документы\RPA PROJ TEXT\Проект 12\process\Процесс 1.json
2026-05-24T03:17:29+0300 INFO: Запуск процесса из студии разработки. C:\Users\dandi\OneDrive\Документы\RPA PROJ TEXT\Проект 12\process\Процесс 1.json
2026-05-24T03:17:33+0300 INFO: Старт робота: C:\Users\dandi\OneDrive\Документы\RPA PROJ TEXT\Проект 12\resource\e8a4da22-40e5-45e6-a6a4-64b2010a828d\sentry_907.py
2026-05-24T03:17:47+0300 INFO: Завершение работы робота: C:\Users\dandi\OneDrive\Документы\RPA PROJ TEXT\Проект 12\resource\e8a4da22-40e5-45e6-a6a4-64b2010a828d\sentry_907.py
2026-05-24T03:17:47+0300 INFO: Завершение выполнения процесса. C:\Users\dandi\OneDrive\Документы\RPA PROJ TEXT\Проект 12\process\Процесс 1.json
2026-05-24T03:19:44+0300 INFO: Запуск процесса из студии разработки. C:\Users\dandi\OneDrive\Документы\RPA PROJ TEXT\Проект 12\process\Процесс 1.json
2026-05-24T03:19:45+0300 INFO: Старт робота: C:\Users\dandi\OneDrive\Документы\RPA PROJ TEXT\Проект 12\resource\b46c85aa-08e1-4385-b130-30866be50820\sentry_907.py
2026-05-24T03:21:31+0300 INFO: Завершение работы робота: C:\Users\dandi\OneDrive\Документы\RPA PROJ TEXT\Проект 12\resource\b46c85aa-08e1-4385-b130-30866be50820\sentry_907.py
2026-05-24T03:21:32+0300 INFO: Завершение выполнения процесса. C:\Users\dandi\OneDrive\Документы\RPA PROJ TEXT\Проект 12\process\Процесс 1.json
2026-05-24T03:41:25+0300 INFO: Запуск процесса из студии разработки. C:\Users\dandi\OneDrive\Документы\RPA PROJ TEXT\Проект 12\process\Процесс 1.json
2026-05-24T03:41:27+0300 INFO: Старт робота: C:\Users\dandi\OneDrive\Документы\RPA PROJ TEXT\Проект 12\resource\11dd5042-2cdc-494e-8acb-e45e767aed30\sentry_907.py
2026-05-24T03:41:55+0300 INFO: Завершение работы робота: C:\Users\dandi\OneDrive\Документы\RPA PROJ TEXT\Проект 12\resource\11dd5042-2cdc-494e-8acb-e45e767aed30\sentry_907.py
2026-05-24T03:41:56+0300 INFO: Завершение выполнения процесса. C:\Users\dandi\OneDrive\Документы\RPA PROJ TEXT\Проект 12\process\Процесс 1.json
2026-05-24T03:54:36+0300 INFO: Запуск процесса из студии разработки. C:\Users\dandi\OneDrive\Документы\RPA PROJ TEXT\Проект 12\process\Процесс 1.json
2026-05-24T03:54:37+0300 INFO: Старт робота: C:\Users\dandi\OneDrive\Документы\RPA PROJ TEXT\Проект 12\resource\d704cd12-b9fb-4522-8c31-791883ab09a6\sentry_907.py
2026-05-24T03:54:46+0300 INFO: Завершение работы робота: C:\Users\dandi\OneDrive\Документы\RPA PROJ TEXT\Проект 12\resource\d704cd12-b9fb-4522-8c31-791883ab09a6\sentry_907.py
2026-05-24T03:54:46+0300 INFO: Завершение выполнения процесса. C:\Users\dandi\OneDrive\Документы\RPA PROJ TEXT\Проект 12\process\Процесс 1.json
2026-05-24T04:18:43+0300 INFO: Запуск процесса из студии разработки. C:\Users\dandi\OneDrive\Документы\RPA PROJ TEXT\Проект 12\process\Процесс 1.json
2026-05-24T04:18:47+0300 INFO: Старт робота: C:\Users\dandi\OneDrive\Документы\RPA PROJ TEXT\Проект 12\resource\4cb63003-e8af-4761-9739-508e25341cb9\sentry_907.py
2026-05-24T04:18:55+0300 ERROR: C:\Users\dandi\OneDrive\Документы\RPA PROJ TEXT\Проект 12\resource\4cb63003-e8af-4761-9739-508e25341cb9\sentry_907.py Ошибка: Ошибка сети при обращении к Yandex OCR async: <urlopen error [SSL: UNEXPECTED_EOF_WHILE_READING] EOF occurred in violation of protocol (_ssl.c:1006)>
2026-05-24T04:18:56+0300 Окно выполнения: Процесс 1: ERROR:  ["Ошибка сети при обращении к Yandex OCR async: <urlopen error [SSL: UNEXPECTED_EOF_WHILE_READING] EOF occurred in violation of protocol (_ssl.c:1006)>"]
2026-05-24T04:19:05+0300 ERROR: Завершение выполнения процесса. C:\Users\dandi\OneDrive\Документы\RPA PROJ TEXT\Проект 12\process\Процесс 1.json
2026-05-24T04:20:18+0300 INFO: Запуск процесса из студии разработки. C:\Users\dandi\OneDrive\Документы\RPA PROJ TEXT\Проект 12\process\Процесс 1.json
2026-05-24T04:20:19+0300 INFO: Старт робота: C:\Users\dandi\OneDrive\Документы\RPA PROJ TEXT\Проект 12\resource\cc11246f-a448-43da-8567-146cc46c8d75\sentry_907.py
2026-05-24T04:20:19+0300 ERROR: C:\Users\dandi\OneDrive\Документы\RPA PROJ TEXT\Проект 12\resource\cc11246f-a448-43da-8567-146cc46c8d75\sentry_907.py Ошибка: Файл не найден: C:\Users\dandi\OneDrive\Desktop\RPA\Решение\PDFYandexVisionBlock\showcase_input.pdf
2026-05-24T04:20:19+0300 Окно выполнения: Процесс 1: ERROR:  ["Файл не найден: C:\\Users\\dandi\\OneDrive\\Desktop\\RPA\\Решение\\PDFYandexVisionBlock\\showcase_input.pdf"]
2026-05-24T04:20:22+0300 ERROR: Завершение выполнения процесса. C:\Users\dandi\OneDrive\Документы\RPA PROJ TEXT\Проект 12\process\Процесс 1.json
2026-05-24T04:20:30+0300 INFO: Запуск процесса из студии разработки. C:\Users\dandi\OneDrive\Документы\RPA PROJ TEXT\Проект 12\process\Процесс 1.json
2026-05-24T04:20:31+0300 INFO: Старт робота: C:\Users\dandi\OneDrive\Документы\RPA PROJ TEXT\Проект 12\resource\38a7fa60-59d5-4c1c-969d-e65a43f6d3e3\sentry_907.py
2026-05-24T04:20:37+0300 INFO: Завершение работы робота: C:\Users\dandi\OneDrive\Документы\RPA PROJ TEXT\Проект 12\resource\38a7fa60-59d5-4c1c-969d-e65a43f6d3e3\sentry_907.py
2026-05-24T04:20:37+0300 INFO: Завершение выполнения процесса. C:\Users\dandi\OneDrive\Документы\RPA PROJ TEXT\Проект 12\process\Процесс 1.json
2026-05-24T04:21:04+0300 INFO: Запуск процесса из студии разработки. C:\Users\dandi\OneDrive\Документы\RPA PROJ TEXT\Проект 12\process\Процесс 1.json
2026-05-24T04:21:05+0300 INFO: Старт робота: C:\Users\dandi\OneDrive\Документы\RPA PROJ TEXT\Проект 12\resource\a0dec08f-b4d7-4d44-8418-c88756562d29\sentry_907.py
2026-05-24T04:21:14+0300 INFO: Завершение работы робота: C:\Users\dandi\OneDrive\Документы\RPA PROJ TEXT\Проект 12\resource\a0dec08f-b4d7-4d44-8418-c88756562d29\sentry_907.py
2026-05-24T04:21:14+0300 INFO: Завершение выполнения процесса. C:\Users\dandi\OneDrive\Документы\RPA PROJ TEXT\Проект 12\process\Процесс 1.json
2026-05-24T04:21:17+0300 INFO: Запуск процесса из студии разработки. C:\Users\dandi\OneDrive\Документы\RPA PROJ TEXT\Проект 12\process\Процесс 1.json
2026-05-24T04:21:18+0300 INFO: Старт робота: C:\Users\dandi\OneDrive\Документы\RPA PROJ TEXT\Проект 12\resource\5ff6b681-c15f-44f9-84fb-e1705c41b77f\sentry_907.py
2026-05-24T04:21:37+0300 INFO: Завершение работы робота: C:\Users\dandi\OneDrive\Документы\RPA PROJ TEXT\Проект 12\resource\5ff6b681-c15f-44f9-84fb-e1705c41b77f\sentry_907.py
2026-05-24T04:21:37+0300 INFO: Завершение выполнения процесса. C:\Users\dandi\OneDrive\Документы\RPA PROJ TEXT\Проект 12\process\Процесс 1.json
2026-05-24T04:22:04+0300 INFO: Запуск процесса из студии разработки. C:\Users\dandi\OneDrive\Документы\RPA PROJ TEXT\Проект 12\process\Процесс 1.json
2026-05-24T04:22:06+0300 INFO: Старт робота: C:\Users\dandi\OneDrive\Документы\RPA PROJ TEXT\Проект 12\resource\830a6a4d-f721-4561-aa4c-adfdeeb695ac\sentry_907.py
2026-05-24T04:22:31+0300 INFO: Завершение работы робота: C:\Users\dandi\OneDrive\Документы\RPA PROJ TEXT\Проект 12\resource\830a6a4d-f721-4561-aa4c-adfdeeb695ac\sentry_907.py
2026-05-24T04:22:31+0300 INFO: Завершение выполнения процесса. C:\Users\dandi\OneDrive\Документы\RPA PROJ TEXT\Проект 12\process\Процесс 1.json
2026-05-24T04:27:48+0300 INFO: Запуск процесса из студии разработки. C:\Users\dandi\OneDrive\Документы\RPA PROJ TEXT\Проект 12\process\Процесс 1.json
2026-05-24T04:27:50+0300 INFO: Старт робота: C:\Users\dandi\OneDrive\Документы\RPA PROJ TEXT\Проект 12\resource\610fdce2-d278-428f-b4ab-60f7aa581657\sentry_907.py
2026-05-24T04:28:15+0300 ERROR: C:\Users\dandi\OneDrive\Документы\RPA PROJ TEXT\Проект 12\resource\610fdce2-d278-428f-b4ab-60f7aa581657\sentry_907.py Ошибка: Ошибка сети при обращении к Yandex Operation: <urlopen error [WinError 10060] Попытка установить соединение была безуспешной, т.к. от другого компьютера за требуемое время не получен нужный отклик, или было разорвано уже установленное соединение из-за неверного отклика уже подключенного компьютера>
2026-05-24T04:28:15+0300 Окно выполнения: Процесс 1: ERROR:  ["Ошибка сети при обращении к Yandex Operation: <urlopen error [WinError 10060] Попытка установить соединение была безуспешной, т.к. от другого компьютера за требуемое время не получен нужный отклик, или было разорвано уже установленное соединение из-за неверного отклика уже подключенного компьютера>"]
2026-05-24T04:28:23+0300 ERROR: Завершение выполнения процесса. C:\Users\dandi\OneDrive\Документы\RPA PROJ TEXT\Проект 12\process\Процесс 1.json
2026-05-24T04:28:25+0300 INFO: Запуск процесса из студии разработки. C:\Users\dandi\OneDrive\Документы\RPA PROJ TEXT\Проект 12\process\Процесс 1.json
2026-05-24T04:28:26+0300 INFO: Старт робота: C:\Users\dandi\OneDrive\Документы\RPA PROJ TEXT\Проект 12\resource\4af5162e-3a04-4340-953b-f0af18008a97\sentry_907.py
2026-05-24T04:28:48+0300 ERROR: C:\Users\dandi\OneDrive\Документы\RPA PROJ TEXT\Проект 12\resource\4af5162e-3a04-4340-953b-f0af18008a97\sentry_907.py Ошибка: Ошибка сети при обращении к Yandex OCR async: <urlopen error [WinError 10060] Попытка установить соединение была безуспешной, т.к. от другого компьютера за требуемое время не получен нужный отклик, или было разорвано уже установленное соединение из-за неверного отклика уже подключенного компьютера>
2026-05-24T04:28:48+0300 Окно выполнения: Процесс 1: ERROR:  ["Ошибка сети при обращении к Yandex OCR async: <urlopen error [WinError 10060] Попытка установить соединение была безуспешной, т.к. от другого компьютера за требуемое время не получен нужный отклик, или было разорвано уже установленное соединение из-за неверного отклика уже подключенного компьютера>"]
2026-05-24T04:28:49+0300 ERROR: Завершение выполнения процесса. C:\Users\dandi\OneDrive\Документы\RPA PROJ TEXT\Проект 12\process\Процесс 1.json
2026-05-24T04:29:24+0300 INFO: Запуск процесса из студии разработки. C:\Users\dandi\OneDrive\Документы\RPA PROJ TEXT\Проект 12\process\Процесс 1.json
2026-05-24T04:29:25+0300 INFO: Старт робота: C:\Users\dandi\OneDrive\Документы\RPA PROJ TEXT\Проект 12\resource\f8b65d29-a79e-485b-bd48-7f6608ebd66c\sentry_907.py
2026-05-24T04:29:47+0300 ERROR: C:\Users\dandi\OneDrive\Документы\RPA PROJ TEXT\Проект 12\resource\f8b65d29-a79e-485b-bd48-7f6608ebd66c\sentry_907.py Ошибка: Ошибка сети при обращении к Yandex OCR async: <urlopen error [WinError 10060] Попытка установить соединение была безуспешной, т.к. от другого компьютера за требуемое время не получен нужный отклик, или было разорвано уже установленное соединение из-за неверного отклика уже подключенного компьютера>
2026-05-24T04:29:47+0300 Окно выполнения: Процесс 1: ERROR:  ["Ошибка сети при обращении к Yandex OCR async: <urlopen error [WinError 10060] Попытка установить соединение была безуспешной, т.к. от другого компьютера за требуемое время не получен нужный отклик, или было разорвано уже установленное соединение из-за неверного отклика уже подключенного компьютера>"]
2026-05-24T04:29:52+0300 ERROR: Завершение выполнения процесса. C:\Users\dandi\OneDrive\Документы\RPA PROJ TEXT\Проект 12\process\Процесс 1.json
2026-05-24T04:38:33+0300 INFO: Запуск процесса из студии разработки. C:\Users\dandi\OneDrive\Документы\RPA PROJ TEXT\Project_RPA\process\Процесс 1.json
2026-05-24T04:38:34+0300 INFO: Старт робота: C:\Users\dandi\OneDrive\Документы\RPA PROJ TEXT\Project_RPA\resource\673b18de-37ee-4c2b-a363-d3222c3fbe6e\sentry_907.py
2026-05-24T04:38:34+0300 ERROR: C:\Users\dandi\OneDrive\Документы\RPA PROJ TEXT\Project_RPA\resource\673b18de-37ee-4c2b-a363-d3222c3fbe6e\sentry_907.py Ошибка: Файл не найден: C:\Users\dandi\OneDrive\Desktop\RPA\PDFYandexVisionBlock\showcase_input.pdf
2026-05-24T04:38:34+0300 Окно выполнения: Процесс 1: ERROR:  ["Файл не найден: C:\\Users\\dandi\\OneDrive\\Desktop\\RPA\\PDFYandexVisionBlock\\showcase_input.pdf"]
2026-05-24T04:38:37+0300 ERROR: Завершение выполнения процесса. C:\Users\dandi\OneDrive\Документы\RPA PROJ TEXT\Project_RPA\process\Процесс 1.json
2026-05-24T04:38:48+0300 INFO: Запуск процесса из студии разработки. C:\Users\dandi\OneDrive\Документы\RPA PROJ TEXT\Project_RPA\process\Процесс 1.json
2026-05-24T04:38:49+0300 INFO: Старт робота: C:\Users\dandi\OneDrive\Документы\RPA PROJ TEXT\Project_RPA\resource\5d91e961-05eb-429f-bf2c-fd3b141c6d25\sentry_907.py
2026-05-24T04:38:59+0300 Окно выполнения: Процесс 1: ERROR:  ["Failed to get child processes: program not found"]
2026-05-24T04:39:07+0300 INFO: Завершение работы робота: C:\Users\dandi\OneDrive\Документы\RPA PROJ TEXT\Project_RPA\resource\5d91e961-05eb-429f-bf2c-fd3b141c6d25\sentry_907.py
2026-05-24T04:39:07+0300 INFO: Завершение выполнения процесса. C:\Users\dandi\OneDrive\Документы\RPA PROJ TEXT\Project_RPA\process\Процесс 1.json
