2026-05-23T00:07:22+0300 INFO: Старт робота: E:\Univercity\Puzzle\Hackaton_Case_1\resource\5a45f888-802a-40a6-bac6-de7d5f050888\main.py
2026-05-23T00:07:29+0300 INFO: Завершение работы робота: E:\Univercity\Puzzle\Hackaton_Case_1\resource\5a45f888-802a-40a6-bac6-de7d5f050888\main.py
2026-05-23T00:07:37+0300 INFO: Старт робота: E:\Univercity\Puzzle\Hackaton_Case_1\resource\fbb836b7-7417-4730-96e3-880f95ae96e7\main.py
2026-05-23T00:07:38+0300 ERROR: E:\Univercity\Puzzle\Hackaton_Case_1\resource\fbb836b7-7417-4730-96e3-880f95ae96e7\main.py Ошибка: Expecting value: line 1 column 1 (char 0)
2026-05-23T00:07:50+0300 INFO: Старт робота: E:\Univercity\Puzzle\Hackaton_Case_1\resource\8ee7d7c2-1e7d-46da-ac8d-76ede38a712b\main.py
2026-05-23T00:07:51+0300 ERROR: E:\Univercity\Puzzle\Hackaton_Case_1\resource\8ee7d7c2-1e7d-46da-ac8d-76ede38a712b\main.py Ошибка: Expecting value: line 1 column 1 (char 0)
2026-05-23T00:08:16+0300 INFO: Старт робота: E:\Univercity\Puzzle\Hackaton_Case_1\resource\b5af4ff0-90bc-4888-87f3-c02311fab179\main.py
2026-05-23T00:08:17+0300 ERROR: E:\Univercity\Puzzle\Hackaton_Case_1\resource\b5af4ff0-90bc-4888-87f3-c02311fab179\main.py Ошибка: Expecting value: line 1 column 1 (char 0)
2026-05-23T00:08:30+0300 INFO: Старт робота: E:\Univercity\Puzzle\Hackaton_Case_1\resource\f613a3fb-2258-4658-bee0-e8d17917ed83\main.py
2026-05-23T00:08:35+0300 INFO: Завершение работы робота: E:\Univercity\Puzzle\Hackaton_Case_1\resource\f613a3fb-2258-4658-bee0-e8d17917ed83\main.py
2026-05-23T00:09:26+0300 INFO: Старт робота: E:\Univercity\Puzzle\Hackaton_Case_1\resource\0f4c95fb-0b08-4499-a8cc-b14a89ecc076\main.py
2026-05-23T00:09:27+0300 ERROR: E:\Univercity\Puzzle\Hackaton_Case_1\resource\0f4c95fb-0b08-4499-a8cc-b14a89ecc076\main.py Ошибка: Expecting value: line 1 column 1 (char 0)
2026-05-23T00:10:52+0300 INFO: Старт робота: E:\Univercity\Puzzle\Hackaton_Case_1\resource\5f0b1b36-48b5-4b26-abb3-f9afa3b74c90\main.py
2026-05-23T00:10:53+0300 ERROR: E:\Univercity\Puzzle\Hackaton_Case_1\resource\5f0b1b36-48b5-4b26-abb3-f9afa3b74c90\main.py Ошибка: Expecting value: line 1 column 1 (char 0)
2026-05-23T00:12:13+0300 INFO: Старт робота: E:\Univercity\Puzzle\Hackaton_Case_1\resource\915d1e81-3e8c-47b7-9deb-e27e0e991ecc\main.py
2026-05-23T00:12:14+0300 ERROR: E:\Univercity\Puzzle\Hackaton_Case_1\resource\915d1e81-3e8c-47b7-9deb-e27e0e991ecc\main.py Ошибка: Expecting value: line 1 column 1 (char 0)
2026-05-23T00:12:29+0300 INFO: Старт робота: E:\Univercity\Puzzle\Hackaton_Case_1\resource\e00354f3-cfc4-442c-9bee-fcafd4b6de7e\main.py
2026-05-23T00:12:30+0300 ERROR: E:\Univercity\Puzzle\Hackaton_Case_1\resource\e00354f3-cfc4-442c-9bee-fcafd4b6de7e\main.py Ошибка: Expecting value: line 1 column 1 (char 0)
2026-05-23T00:13:00+0300 INFO: Старт робота: E:\Univercity\Puzzle\Hackaton_Case_1\resource\95594ef1-201d-40ec-aaca-35608921f439\main.py
2026-05-23T00:13:01+0300 ERROR: E:\Univercity\Puzzle\Hackaton_Case_1\resource\95594ef1-201d-40ec-aaca-35608921f439\main.py Ошибка: Expecting value: line 1 column 1 (char 0)
2026-05-23T00:13:13+0300 INFO: Старт робота: E:\Univercity\Puzzle\Hackaton_Case_1\resource\8e4509ee-1ff9-4bf8-8e8f-7e083eba5ed8\main.py
2026-05-23T00:13:15+0300 ERROR: E:\Univercity\Puzzle\Hackaton_Case_1\resource\8e4509ee-1ff9-4bf8-8e8f-7e083eba5ed8\main.py Ошибка: Expecting value: line 1 column 1 (char 0)
2026-05-23T00:13:32+0300 INFO: Старт робота: E:\Univercity\Puzzle\Hackaton_Case_1\resource\75c791a4-4975-4b67-a56a-672a6350ae3b\main.py
2026-05-23T00:13:33+0300 ERROR: E:\Univercity\Puzzle\Hackaton_Case_1\resource\75c791a4-4975-4b67-a56a-672a6350ae3b\main.py Ошибка: Expecting value: line 1 column 1 (char 0)
2026-05-23T00:15:10+0300 INFO: Старт робота: E:\Univercity\Puzzle\Hackaton_Case_1\resource\d564aeb4-b1c4-4c54-a7f5-2119652e30ef\main.py
2026-05-23T00:15:11+0300 ERROR: E:\Univercity\Puzzle\Hackaton_Case_1\resource\d564aeb4-b1c4-4c54-a7f5-2119652e30ef\main.py Ошибка: Expecting value: line 1 column 1 (char 0)
2026-05-23T00:16:04+0300 INFO: Старт робота: E:\Univercity\Puzzle\Hackaton_Case_1\resource\2e5735b0-5d75-492e-aa38-67fb63c69dab\main.py
2026-05-23T00:16:05+0300 ERROR: E:\Univercity\Puzzle\Hackaton_Case_1\resource\2e5735b0-5d75-492e-aa38-67fb63c69dab\main.py Ошибка: Expecting value: line 1 column 1 (char 0)
2026-05-23T00:16:24+0300 INFO: Старт робота: E:\Univercity\Puzzle\Hackaton_Case_1\resource\33b9ec4d-3962-46c2-9977-daf9c67f7e78\main.py
2026-05-23T00:16:26+0300 ERROR: E:\Univercity\Puzzle\Hackaton_Case_1\resource\33b9ec4d-3962-46c2-9977-daf9c67f7e78\main.py Ошибка: Expecting value: line 1 column 1 (char 0)
2026-05-23T00:17:18+0300 INFO: Старт робота: E:\Univercity\Puzzle\Hackaton_Case_1\resource\9fe5bd2e-106c-48c5-8c36-280eaf3f637a\main.py
2026-05-23T00:17:20+0300 ERROR: E:\Univercity\Puzzle\Hackaton_Case_1\resource\9fe5bd2e-106c-48c5-8c36-280eaf3f637a\main.py Ошибка: [SSL: CERTIFICATE_VERIFY_FAILED] certificate verify failed: self-signed certificate in certificate chain (_ssl.c:1006)
2026-05-23T00:17:28+0300 INFO: Старт робота: E:\Univercity\Puzzle\Hackaton_Case_1\resource\8b4a0d92-0f12-4ff9-9cae-2d6a21d548fc\main.py
2026-05-23T00:17:30+0300 ERROR: E:\Univercity\Puzzle\Hackaton_Case_1\resource\8b4a0d92-0f12-4ff9-9cae-2d6a21d548fc\main.py Ошибка: Expecting value: line 1 column 1 (char 0)
2026-05-23T00:17:56+0300 INFO: Старт робота: E:\Univercity\Puzzle\Hackaton_Case_1\resource\f963cde4-097d-418c-9917-573f3a555461\main.py
2026-05-23T00:17:57+0300 ERROR: E:\Univercity\Puzzle\Hackaton_Case_1\resource\f963cde4-097d-418c-9917-573f3a555461\main.py Ошибка: Expecting value: line 1 column 1 (char 0)
2026-05-23T00:21:45+0300 INFO: Старт робота: E:\Univercity\Puzzle\Hackaton_Case_1\resource\a0ba8dad-1494-4f9c-b481-1311ecd5ec70\main.py
2026-05-23T00:21:46+0300 ERROR: E:\Univercity\Puzzle\Hackaton_Case_1\resource\a0ba8dad-1494-4f9c-b481-1311ecd5ec70\main.py Ошибка: Expecting value: line 1 column 1 (char 0)
2026-05-23T00:22:22+0300 INFO: Старт робота: E:\Univercity\Puzzle\Hackaton_Case_1\resource\9ca3c009-d0e0-4515-98e5-228625e40bc5\main.py
2026-05-23T00:22:24+0300 ERROR: E:\Univercity\Puzzle\Hackaton_Case_1\resource\9ca3c009-d0e0-4515-98e5-228625e40bc5\main.py Ошибка: Expecting value: line 1 column 1 (char 0)
2026-05-23T00:24:32+0300 INFO: Старт робота: E:\Univercity\Puzzle\Hackaton_Case_1\resource\653d9bf3-0b3a-4bf6-bd79-25ecc270a8cd\main.py
2026-05-23T00:24:33+0300 ERROR: E:\Univercity\Puzzle\Hackaton_Case_1\resource\653d9bf3-0b3a-4bf6-bd79-25ecc270a8cd\main.py Ошибка: Expecting value: line 1 column 1 (char 0)
2026-05-23T00:26:38+0300 INFO: Старт робота: E:\Univercity\Puzzle\Hackaton_Case_1\resource\880cb6ef-772f-424a-bab2-9c7cfbe20d48\main.py
2026-05-23T00:26:40+0300 ERROR: E:\Univercity\Puzzle\Hackaton_Case_1\resource\880cb6ef-772f-424a-bab2-9c7cfbe20d48\main.py Ошибка: Expecting value: line 1 column 1 (char 0)
2026-05-23T00:29:50+0300 INFO: Старт робота: E:\Univercity\Puzzle\Hackaton_Case_1\resource\b9a7dbb1-3662-4a2c-b78d-7b27f65f7107\main.py
2026-05-23T00:29:51+0300 ERROR: E:\Univercity\Puzzle\Hackaton_Case_1\resource\b9a7dbb1-3662-4a2c-b78d-7b27f65f7107\main.py Ошибка: Expecting value: line 1 column 1 (char 0)
2026-05-23T00:30:08+0300 INFO: Старт робота: E:\Univercity\Puzzle\Hackaton_Case_1\resource\c95d572c-624c-4d88-bd0f-a64ce826b1ab\main.py
2026-05-23T00:30:10+0300 ERROR: E:\Univercity\Puzzle\Hackaton_Case_1\resource\c95d572c-624c-4d88-bd0f-a64ce826b1ab\main.py Ошибка: Expecting value: line 1 column 1 (char 0)
2026-05-23T00:30:43+0300 INFO: Старт робота: E:\Univercity\Puzzle\Hackaton_Case_1\resource\bf1e89ca-6444-4f57-9081-69b549e19c81\main.py
2026-05-23T00:30:44+0300 ERROR: E:\Univercity\Puzzle\Hackaton_Case_1\resource\bf1e89ca-6444-4f57-9081-69b549e19c81\main.py Ошибка: Expecting value: line 1 column 1 (char 0)
2026-05-23T00:31:00+0300 INFO: Старт робота: E:\Univercity\Puzzle\Hackaton_Case_1\resource\440fc92b-f6ff-41d3-b81e-bb9be9baec7e\main.py
2026-05-23T00:31:02+0300 ERROR: E:\Univercity\Puzzle\Hackaton_Case_1\resource\440fc92b-f6ff-41d3-b81e-bb9be9baec7e\main.py Ошибка: Expecting value: line 1 column 1 (char 0)
2026-05-23T00:47:13+0300 INFO: Старт робота: E:\Univercity\Puzzle\Hackaton_Case_1\resource\4db3ccc0-7453-4def-94c6-18b02154627e\main.py
2026-05-23T00:47:15+0300 ERROR: E:\Univercity\Puzzle\Hackaton_Case_1\resource\4db3ccc0-7453-4def-94c6-18b02154627e\main.py Ошибка: Expecting value: line 1 column 1 (char 0)
2026-05-23T00:47:39+0300 INFO: Старт робота: E:\Univercity\Puzzle\Hackaton_Case_1\resource\3107e2a8-657f-46cb-92a0-16d0047df460\main.py
2026-05-23T00:47:40+0300 ERROR: E:\Univercity\Puzzle\Hackaton_Case_1\resource\3107e2a8-657f-46cb-92a0-16d0047df460\main.py Ошибка: Expecting value: line 1 column 1 (char 0)
2026-05-23T00:47:56+0300 INFO: Старт робота: E:\Univercity\Puzzle\Hackaton_Case_1\resource\af5fa56f-e521-4f3a-8274-286af3b7caac\main.py
2026-05-23T00:47:57+0300 ERROR: E:\Univercity\Puzzle\Hackaton_Case_1\resource\af5fa56f-e521-4f3a-8274-286af3b7caac\main.py Ошибка: Expecting value: line 1 column 1 (char 0)
2026-05-23T00:49:29+0300 INFO: Старт робота: E:\Univercity\Puzzle\Hackaton_Case_1\resource\2b4dfec7-0b8e-49ff-b194-1719eeee0e7a\main.py
2026-05-23T00:49:30+0300 ERROR: E:\Univercity\Puzzle\Hackaton_Case_1\resource\2b4dfec7-0b8e-49ff-b194-1719eeee0e7a\main.py Ошибка: Expecting value: line 1 column 1 (char 0)
2026-05-23T00:57:58+0300 INFO: Старт робота: E:\Univercity\Puzzle\Hackaton_Case_1\resource\37630499-bb9d-43bf-9689-3734c1437b8e\main.py
2026-05-23T00:57:59+0300 ERROR: E:\Univercity\Puzzle\Hackaton_Case_1\resource\37630499-bb9d-43bf-9689-3734c1437b8e\main.py Ошибка: Expecting value: line 1 column 1 (char 0)
2026-05-23T01:01:12+0300 INFO: Старт робота: E:\Univercity\Puzzle\Hackaton_Case_1\resource\61e36085-6aef-4b48-a30e-cdafb5acd4cb\main.py
2026-05-23T01:01:13+0300 ERROR: E:\Univercity\Puzzle\Hackaton_Case_1\resource\61e36085-6aef-4b48-a30e-cdafb5acd4cb\main.py Ошибка: Request URL is missing an 'http://' or 'https://' protocol.
2026-05-23T01:01:30+0300 INFO: Старт робота: E:\Univercity\Puzzle\Hackaton_Case_1\resource\9c7b9711-e130-432e-96d5-ac413df8ca9d\main.py
2026-05-23T01:01:32+0300 ERROR: E:\Univercity\Puzzle\Hackaton_Case_1\resource\9c7b9711-e130-432e-96d5-ac413df8ca9d\main.py Ошибка: Expecting value: line 1 column 1 (char 0)
2026-05-23T01:02:36+0300 INFO: Старт робота: E:\Univercity\Puzzle\Hackaton_Case_1\resource\8ff62533-2b88-4f58-840d-0f42c93eaccf\main.py
2026-05-23T01:02:47+0300 INFO: Завершение работы робота: E:\Univercity\Puzzle\Hackaton_Case_1\resource\8ff62533-2b88-4f58-840d-0f42c93eaccf\main.py
2026-05-23T01:04:27+0300 INFO: Старт робота: E:\Univercity\Puzzle\Hackaton_Case_1\resource\a4cf2084-9d49-4235-87d0-0f66fa73c59c\main.py
2026-05-23T01:04:28+0300 ERROR: E:\Univercity\Puzzle\Hackaton_Case_1\resource\a4cf2084-9d49-4235-87d0-0f66fa73c59c\main.py Ошибка: Expecting value: line 1 column 1 (char 0)
2026-05-23T01:05:17+0300 INFO: Старт робота: E:\Univercity\Puzzle\Hackaton_Case_1\resource\2340383d-8e4d-4251-9095-491c7b7e6c81\main.py
2026-05-23T01:05:19+0300 ERROR: E:\Univercity\Puzzle\Hackaton_Case_1\resource\2340383d-8e4d-4251-9095-491c7b7e6c81\main.py Ошибка: Expecting value: line 1 column 1 (char 0)
2026-05-23T01:05:40+0300 INFO: Старт робота: E:\Univercity\Puzzle\Hackaton_Case_1\resource\3d03f651-c922-4c8c-89f9-5651aefb50fb\main.py
2026-05-23T01:05:42+0300 ERROR: E:\Univercity\Puzzle\Hackaton_Case_1\resource\3d03f651-c922-4c8c-89f9-5651aefb50fb\main.py Ошибка: Expecting value: line 1 column 1 (char 0)
2026-05-23T01:06:24+0300 INFO: Старт робота: E:\Univercity\Puzzle\Hackaton_Case_1\resource\73ea3f4f-12f4-4374-ae5c-d6a75f71874b\main.py
2026-05-23T01:06:25+0300 ERROR: E:\Univercity\Puzzle\Hackaton_Case_1\resource\73ea3f4f-12f4-4374-ae5c-d6a75f71874b\main.py Ошибка: Expecting value: line 1 column 1 (char 0)
2026-05-23T01:06:38+0300 INFO: Старт робота: E:\Univercity\Puzzle\Hackaton_Case_1\resource\13715519-9583-463c-ba2b-90d08e6c1430\main.py
2026-05-23T01:06:39+0300 ERROR: E:\Univercity\Puzzle\Hackaton_Case_1\resource\13715519-9583-463c-ba2b-90d08e6c1430\main.py Ошибка: Expecting value: line 1 column 1 (char 0)
2026-05-23T01:16:13+0300 INFO: Старт робота: E:\Univercity\Puzzle\Hackaton_Case_1\resource\4b943e9b-2a95-4b49-b49d-ff5b06e397b1\main.py
2026-05-23T01:16:15+0300 ERROR: E:\Univercity\Puzzle\Hackaton_Case_1\resource\4b943e9b-2a95-4b49-b49d-ff5b06e397b1\main.py Ошибка: Expecting value: line 1 column 1 (char 0)
2026-05-23T10:29:15+0300 INFO: Запуск процесса из студии разработки. E:\Univercity\Puzzle\Hackaton_Case_1\process\main.json
2026-05-23T10:29:31+0300 INFO: Старт робота: E:\Univercity\Puzzle\Hackaton_Case_1\resource\3bd419d2-6017-4731-92e5-10b227b3b84c\main.py
2026-05-23T10:29:39+0300 ERROR: E:\Univercity\Puzzle\Hackaton_Case_1\resource\3bd419d2-6017-4731-92e5-10b227b3b84c\main.py Ошибка: Вкладка с индексом 1 не существует. Всего вкладок: 1
2026-05-23T10:29:44+0300 ERROR: Завершение выполнения процесса. E:\Univercity\Puzzle\Hackaton_Case_1\process\main.json
2026-05-23T10:30:20+0300 INFO: Запуск процесса из студии разработки. E:\Univercity\Puzzle\Hackaton_Case_1\process\main.json
2026-05-23T10:30:25+0300 INFO: Старт робота: E:\Univercity\Puzzle\Hackaton_Case_1\resource\afe2a539-f539-4515-bfc9-bdf25e75a136\main.py
2026-05-23T10:30:37+0300 ERROR: E:\Univercity\Puzzle\Hackaton_Case_1\resource\afe2a539-f539-4515-bfc9-bdf25e75a136\main.py Ошибка: Вкладка с индексом 1 не существует. Всего вкладок: 1
2026-05-23T10:30:39+0300 ERROR: Завершение выполнения процесса. E:\Univercity\Puzzle\Hackaton_Case_1\process\main.json
2026-05-23T10:30:46+0300 INFO: Запуск процесса из студии разработки. E:\Univercity\Puzzle\Hackaton_Case_1\process\main.json
2026-05-23T10:30:50+0300 INFO: Старт робота: E:\Univercity\Puzzle\Hackaton_Case_1\resource\60aa5335-e7d4-4fb1-9032-a0d9af486d8d\main.py
2026-05-23T10:31:33+0300 INFO: Завершение выполнения процесса. E:\Univercity\Puzzle\Hackaton_Case_1\process\main.json
2026-05-23T10:31:41+0300 INFO: Запуск процесса из студии разработки. E:\Univercity\Puzzle\Hackaton_Case_1\process\main.json
2026-05-23T10:31:46+0300 INFO: Старт робота: E:\Univercity\Puzzle\Hackaton_Case_1\resource\3597de7f-068d-4024-80c9-8030affe98bb\main.py
2026-05-23T10:32:56+0300 INFO: Завершение выполнения процесса. E:\Univercity\Puzzle\Hackaton_Case_1\process\main.json
2026-05-23T10:33:58+0300 INFO: Запуск процесса из студии разработки. E:\Univercity\Puzzle\Hackaton_Case_1\process\main.json
2026-05-23T10:34:03+0300 INFO: Старт робота: E:\Univercity\Puzzle\Hackaton_Case_1\resource\9b2322f8-1e45-4b09-be62-ec6fa93c0dcd\main.py
2026-05-23T10:34:31+0300 INFO: Завершение выполнения процесса. E:\Univercity\Puzzle\Hackaton_Case_1\process\main.json
2026-05-23T10:34:39+0300 INFO: Запуск процесса из студии разработки. E:\Univercity\Puzzle\Hackaton_Case_1\process\main.json
2026-05-23T10:34:43+0300 INFO: Старт робота: E:\Univercity\Puzzle\Hackaton_Case_1\resource\cf44ee75-8cbc-4e98-a44a-c236d02281e8\main.py
2026-05-23T10:35:00+0300 INFO: Завершение выполнения процесса. E:\Univercity\Puzzle\Hackaton_Case_1\process\main.json
2026-05-23T10:35:04+0300 INFO: Запуск процесса из студии разработки. E:\Univercity\Puzzle\Hackaton_Case_1\process\main.json
2026-05-23T10:35:11+0300 INFO: Старт робота: E:\Univercity\Puzzle\Hackaton_Case_1\resource\64428acb-89c9-44ad-8414-4ee325b43a43\main.py
2026-05-23T10:35:45+0300 INFO: Завершение выполнения процесса. E:\Univercity\Puzzle\Hackaton_Case_1\process\main.json
2026-05-23T10:36:06+0300 INFO: Запуск процесса из студии разработки. E:\Univercity\Puzzle\Hackaton_Case_1\process\main.json
2026-05-23T10:36:11+0300 INFO: Старт робота: E:\Univercity\Puzzle\Hackaton_Case_1\resource\116608f1-fcc0-4697-bf79-25df484b9726\main.py
2026-05-23T10:36:46+0300 INFO: Завершение выполнения процесса. E:\Univercity\Puzzle\Hackaton_Case_1\process\main.json
2026-05-23T11:00:21+0300 INFO: Запуск процесса из студии разработки. E:\Univercity\Puzzle\Hackaton_Case_1\process\main.json
2026-05-23T11:00:25+0300 INFO: Старт робота: E:\Univercity\Puzzle\Hackaton_Case_1\resource\c2d686f2-154a-4b8e-b238-e0206cb26e0a\main.py
2026-05-23T11:01:47+0300 ERROR: E:\Univercity\Puzzle\Hackaton_Case_1\resource\c2d686f2-154a-4b8e-b238-e0206cb26e0a\main.py Ошибка: Ошибка загрузки формы авторизации. Детали ошибки:
 Элемент не найден по XPath: //input[@id='userName']
2026-05-23T11:06:45+0300 ERROR: Завершение выполнения процесса. E:\Univercity\Puzzle\Hackaton_Case_1\process\main.json
2026-05-23T11:16:35+0300 INFO: Запуск процесса из студии разработки. E:\Univercity\Puzzle\Hackaton_Case_1\process\main.json
2026-05-23T11:16:40+0300 INFO: Старт робота: E:\Univercity\Puzzle\Hackaton_Case_1\resource\29c8cf8d-dde5-473c-8129-2dc3790ca591\main.py
2026-05-23T11:16:50+0300 INFO: Завершение работы робота: E:\Univercity\Puzzle\Hackaton_Case_1\resource\29c8cf8d-dde5-473c-8129-2dc3790ca591\main.py
2026-05-23T11:16:51+0300 INFO: Завершение выполнения процесса. E:\Univercity\Puzzle\Hackaton_Case_1\process\main.json
2026-05-23T11:19:35+0300 INFO: Запуск процесса из студии разработки. E:\Univercity\Puzzle\Hackaton_Case_1\process\main.json
2026-05-23T11:19:40+0300 INFO: Старт робота: E:\Univercity\Puzzle\Hackaton_Case_1\resource\494a2e65-ddfe-41c8-a99b-a145355919c0\main.py
2026-05-23T11:19:56+0300 INFO: Завершение работы робота: E:\Univercity\Puzzle\Hackaton_Case_1\resource\494a2e65-ddfe-41c8-a99b-a145355919c0\main.py
2026-05-23T11:19:56+0300 INFO: Завершение выполнения процесса. E:\Univercity\Puzzle\Hackaton_Case_1\process\main.json
2026-05-23T11:31:39+0300 INFO: Запуск процесса из студии разработки. E:\Univercity\Puzzle\Hackaton_Case_1\process\main.json
2026-05-23T11:31:45+0300 INFO: Старт робота: E:\Univercity\Puzzle\Hackaton_Case_1\resource\6e0502d6-de50-43e1-bb85-09ea0e2d4288\main.py
2026-05-23T11:32:56+0300 INFO: Завершение выполнения процесса. E:\Univercity\Puzzle\Hackaton_Case_1\process\main.json
2026-05-23T11:38:32+0300 INFO: Запуск процесса из студии разработки. E:\Univercity\Puzzle\Hackaton_Case_1\process\main.json
2026-05-23T11:38:38+0300 INFO: Старт робота: E:\Univercity\Puzzle\Hackaton_Case_1\resource\9733c700-d338-4cef-8146-28b2d67749c0\main.py
2026-05-23T11:39:56+0300 ERROR: E:\Univercity\Puzzle\Hackaton_Case_1\resource\9733c700-d338-4cef-8146-28b2d67749c0\main.py Ошибка: Ошибка загрузки элемента - .
 Детали ошибки: Не найден ни один элемент из списка xpaths
2026-05-23T11:40:00+0300 ERROR: Завершение выполнения процесса. E:\Univercity\Puzzle\Hackaton_Case_1\process\main.json
2026-05-23T11:45:08+0300 INFO: Запуск процесса из студии разработки. E:\Univercity\Puzzle\Hackaton_Case_1\process\main.json
2026-05-23T11:45:14+0300 INFO: Старт робота: E:\Univercity\Puzzle\Hackaton_Case_1\resource\3301af0e-858e-4cb4-aea8-f02e0006d0ca\main.py
2026-05-23T11:46:54+0300 ERROR: E:\Univercity\Puzzle\Hackaton_Case_1\resource\3301af0e-858e-4cb4-aea8-f02e0006d0ca\main.py Ошибка: Ошибка загрузки элемента - Расширенный поиск.
 Детали ошибки: Не найден ни один элемент из списка xpaths
2026-05-23T11:46:57+0300 ERROR: Завершение выполнения процесса. E:\Univercity\Puzzle\Hackaton_Case_1\process\main.json
2026-05-23T11:47:23+0300 INFO: Запуск процесса из студии разработки. E:\Univercity\Puzzle\Hackaton_Case_1\process\main.json
2026-05-23T11:47:29+0300 INFO: Старт робота: E:\Univercity\Puzzle\Hackaton_Case_1\resource\a0aff93c-30ab-46cc-8a56-f4c393058043\main.py
2026-05-23T11:48:51+0300 INFO: Завершение работы робота: E:\Univercity\Puzzle\Hackaton_Case_1\resource\a0aff93c-30ab-46cc-8a56-f4c393058043\main.py
2026-05-23T11:48:51+0300 INFO: Завершение выполнения процесса. E:\Univercity\Puzzle\Hackaton_Case_1\process\main.json
2026-05-23T11:49:13+0300 INFO: Запуск процесса из студии разработки. E:\Univercity\Puzzle\Hackaton_Case_1\process\main.json
2026-05-23T11:49:18+0300 INFO: Старт робота: E:\Univercity\Puzzle\Hackaton_Case_1\resource\33041b1f-3434-42a2-80ab-974f2408fd79\main.py
2026-05-23T11:50:57+0300 INFO: Завершение работы робота: E:\Univercity\Puzzle\Hackaton_Case_1\resource\33041b1f-3434-42a2-80ab-974f2408fd79\main.py
2026-05-23T11:50:58+0300 INFO: Завершение выполнения процесса. E:\Univercity\Puzzle\Hackaton_Case_1\process\main.json
2026-05-23T11:53:40+0300 INFO: Запуск процесса из студии разработки. E:\Univercity\Puzzle\Hackaton_Case_1\process\main.json
2026-05-23T11:53:46+0300 INFO: Старт робота: E:\Univercity\Puzzle\Hackaton_Case_1\resource\1c7ce152-9ddd-4e97-855f-59fb33254978\main.py
2026-05-23T11:54:06+0300 INFO: Завершение выполнения процесса. E:\Univercity\Puzzle\Hackaton_Case_1\process\main.json
2026-05-23T11:54:17+0300 INFO: Запуск процесса из студии разработки. E:\Univercity\Puzzle\Hackaton_Case_1\process\main.json
2026-05-23T11:54:21+0300 INFO: Старт робота: E:\Univercity\Puzzle\Hackaton_Case_1\resource\e06ab5bc-8e02-4367-9459-bca38160ee82\main.py
2026-05-23T11:56:07+0300 ERROR: E:\Univercity\Puzzle\Hackaton_Case_1\resource\e06ab5bc-8e02-4367-9459-bca38160ee82\main.py Ошибка: Ошибка загрузки элемента - ИНН.
 Детали ошибки: Не найден ни один элемент из списка xpaths
2026-05-23T11:56:11+0300 ERROR: Завершение выполнения процесса. E:\Univercity\Puzzle\Hackaton_Case_1\process\main.json
2026-05-23T11:57:44+0300 INFO: Запуск процесса из студии разработки. E:\Univercity\Puzzle\Hackaton_Case_1\process\main.json
2026-05-23T11:57:49+0300 INFO: Старт робота: E:\Univercity\Puzzle\Hackaton_Case_1\resource\5aced133-14fc-4f0c-9414-9091493c81b9\main.py
2026-05-23T11:59:38+0300 ERROR: E:\Univercity\Puzzle\Hackaton_Case_1\resource\5aced133-14fc-4f0c-9414-9091493c81b9\main.py Ошибка: Ошибка загрузки элемента - Где искать:.
 Детали ошибки: Не найден ни один элемент из списка xpaths
2026-05-23T11:59:44+0300 ERROR: Завершение выполнения процесса. E:\Univercity\Puzzle\Hackaton_Case_1\process\main.json
2026-05-23T12:00:45+0300 INFO: Запуск процесса из студии разработки. E:\Univercity\Puzzle\Hackaton_Case_1\process\main.json
2026-05-23T12:00:49+0300 INFO: Старт робота: E:\Univercity\Puzzle\Hackaton_Case_1\resource\a01e466a-28cf-4a11-9f37-320b5786f8bf\main.py
2026-05-23T12:02:50+0300 ERROR: E:\Univercity\Puzzle\Hackaton_Case_1\resource\a01e466a-28cf-4a11-9f37-320b5786f8bf\main.py Ошибка: Ошибка загрузки элемента - ИНН.
 Детали ошибки: Не найден ни один элемент из списка xpaths
2026-05-23T12:02:54+0300 ERROR: Завершение выполнения процесса. E:\Univercity\Puzzle\Hackaton_Case_1\process\main.json
2026-05-23T12:03:08+0300 INFO: Запуск процесса из студии разработки. E:\Univercity\Puzzle\Hackaton_Case_1\process\main.json
2026-05-23T12:03:12+0300 INFO: Старт робота: E:\Univercity\Puzzle\Hackaton_Case_1\resource\5cf219bb-1fb1-4208-9887-aea6cb31d2e5\main.py
2026-05-23T12:05:47+0300 ERROR: E:\Univercity\Puzzle\Hackaton_Case_1\resource\5cf219bb-1fb1-4208-9887-aea6cb31d2e5\main.py Ошибка: Невозможно найти кнопку: 'ИНН'
2026-05-23T12:05:51+0300 ERROR: Завершение выполнения процесса. E:\Univercity\Puzzle\Hackaton_Case_1\process\main.json
2026-05-23T12:07:44+0300 INFO: Запуск процесса из студии разработки. E:\Univercity\Puzzle\Hackaton_Case_1\process\main.json
2026-05-23T12:07:49+0300 INFO: Старт робота: E:\Univercity\Puzzle\Hackaton_Case_1\resource\6c04f780-8887-4ff5-a0b8-1cae2ac51119\main.py
2026-05-23T12:10:25+0300 ERROR: E:\Univercity\Puzzle\Hackaton_Case_1\resource\6c04f780-8887-4ff5-a0b8-1cae2ac51119\main.py Ошибка: Невозможно найти кнопку: 'ИНН'
2026-05-23T12:10:32+0300 ERROR: Завершение выполнения процесса. E:\Univercity\Puzzle\Hackaton_Case_1\process\main.json
2026-05-23T12:10:48+0300 INFO: Запуск процесса из студии разработки. E:\Univercity\Puzzle\Hackaton_Case_1\process\main.json
2026-05-23T12:10:52+0300 INFO: Старт робота: E:\Univercity\Puzzle\Hackaton_Case_1\resource\a309a0cc-83b4-48d7-9ded-cbc1d17a470c\main.py
2026-05-23T12:12:52+0300 ERROR: E:\Univercity\Puzzle\Hackaton_Case_1\resource\a309a0cc-83b4-48d7-9ded-cbc1d17a470c\main.py Ошибка: Ошибка загрузки элемента - ИНН.
 Детали ошибки: Не найден ни один элемент из списка xpaths
2026-05-23T12:12:57+0300 ERROR: Завершение выполнения процесса. E:\Univercity\Puzzle\Hackaton_Case_1\process\main.json
2026-05-23T12:13:19+0300 INFO: Запуск процесса из студии разработки. E:\Univercity\Puzzle\Hackaton_Case_1\process\main.json
2026-05-23T12:13:23+0300 INFO: Старт робота: E:\Univercity\Puzzle\Hackaton_Case_1\resource\f46e3931-0da7-428d-8b88-f6a39c6766f7\main.py
2026-05-23T12:15:42+0300 ERROR: E:\Univercity\Puzzle\Hackaton_Case_1\resource\f46e3931-0da7-428d-8b88-f6a39c6766f7\main.py Ошибка: Ошибка загрузки элемента - де искать:.
 Детали ошибки: Не найден ни один элемент из списка xpaths
2026-05-23T12:15:49+0300 ERROR: Завершение выполнения процесса. E:\Univercity\Puzzle\Hackaton_Case_1\process\main.json
2026-05-23T12:15:57+0300 INFO: Запуск процесса из студии разработки. E:\Univercity\Puzzle\Hackaton_Case_1\process\main.json
2026-05-23T12:16:02+0300 INFO: Старт робота: E:\Univercity\Puzzle\Hackaton_Case_1\resource\1e23b57c-c6d5-453a-aabe-d7fd1a3b4f5d\main.py
2026-05-23T12:18:12+0300 ERROR: E:\Univercity\Puzzle\Hackaton_Case_1\resource\1e23b57c-c6d5-453a-aabe-d7fd1a3b4f5d\main.py Ошибка: Ошибка загрузки элемента - ИНН.
 Детали ошибки: Не найден ни один элемент из списка xpaths
2026-05-23T12:18:22+0300 ERROR: Завершение выполнения процесса. E:\Univercity\Puzzle\Hackaton_Case_1\process\main.json
2026-05-23T12:19:55+0300 INFO: Запуск процесса из студии разработки. E:\Univercity\Puzzle\Hackaton_Case_1\process\main.json
2026-05-23T12:20:01+0300 INFO: Старт робота: E:\Univercity\Puzzle\Hackaton_Case_1\resource\0e7fd0c5-c10d-414a-9a81-ca248f22b3e9\main.py
2026-05-23T12:20:28+0300 INFO: Завершение выполнения процесса. E:\Univercity\Puzzle\Hackaton_Case_1\process\main.json
2026-05-23T12:20:30+0300 INFO: Запуск процесса из студии разработки. E:\Univercity\Puzzle\Hackaton_Case_1\process\main.json
2026-05-23T12:20:35+0300 INFO: Старт робота: E:\Univercity\Puzzle\Hackaton_Case_1\resource\e175cd0a-5fc9-4fe3-bbde-ecbb30fd02c1\main.py
2026-05-23T12:23:14+0300 ERROR: E:\Univercity\Puzzle\Hackaton_Case_1\resource\e175cd0a-5fc9-4fe3-bbde-ecbb30fd02c1\main.py Ошибка: Ошибка загрузки элемента - Ответственный.
 Детали ошибки: Не найден ни один элемент из списка xpaths
2026-05-23T12:23:30+0300 ERROR: Завершение выполнения процесса. E:\Univercity\Puzzle\Hackaton_Case_1\process\main.json
2026-05-23T12:24:15+0300 INFO: Запуск процесса из студии разработки. E:\Univercity\Puzzle\Hackaton_Case_1\process\main.json
2026-05-23T12:24:16+0300 INFO: Запуск процесса из студии разработки. E:\Univercity\Puzzle\Hackaton_Case_1\process\main.json
2026-05-23T12:24:21+0300 INFO: Старт робота: E:\Univercity\Puzzle\Hackaton_Case_1\resource\39ab2f36-cf32-487e-8626-baaac4da5fcb\main.py
2026-05-23T12:24:21+0300 INFO: Старт робота: E:\Univercity\Puzzle\Hackaton_Case_1\resource\19bd16b9-2500-4f6c-b79a-9d280bc06179\main.py
2026-05-23T12:26:13+0300 ERROR: E:\Univercity\Puzzle\Hackaton_Case_1\resource\39ab2f36-cf32-487e-8626-baaac4da5fcb\main.py Ошибка: name 'inn' is not defined
2026-05-23T12:26:19+0300 ERROR: Завершение выполнения процесса. E:\Univercity\Puzzle\Hackaton_Case_1\process\main.json
2026-05-23T12:26:37+0300 INFO: Завершение выполнения процесса. E:\Univercity\Puzzle\Hackaton_Case_1\process\main.json
2026-05-23T12:26:51+0300 INFO: Запуск процесса из студии разработки. E:\Univercity\Puzzle\Hackaton_Case_1\process\main.json
2026-05-23T12:26:56+0300 INFO: Старт робота: E:\Univercity\Puzzle\Hackaton_Case_1\resource\eee420f3-fafe-4fff-b146-cd1a6f0927f9\main.py
2026-05-23T12:29:44+0300 INFO: Завершение выполнения процесса. E:\Univercity\Puzzle\Hackaton_Case_1\process\main.json
2026-05-23T12:32:00+0300 INFO: Запуск процесса из студии разработки. E:\Univercity\Puzzle\Hackaton_Case_1\process\main.json
2026-05-23T12:32:05+0300 INFO: Старт робота: E:\Univercity\Puzzle\Hackaton_Case_1\resource\9aac2063-f031-41d8-b682-a972a0b30821\main.py
2026-05-23T12:34:40+0300 INFO: Завершение выполнения процесса. E:\Univercity\Puzzle\Hackaton_Case_1\process\main.json
2026-05-23T12:34:49+0300 INFO: Запуск процесса из студии разработки. E:\Univercity\Puzzle\Hackaton_Case_1\process\main.json
2026-05-23T12:34:53+0300 INFO: Старт робота: E:\Univercity\Puzzle\Hackaton_Case_1\resource\ad4936ac-d1b6-4289-ab3f-48d8d1e70cf7\main.py
2026-05-23T12:36:56+0300 INFO: Завершение выполнения процесса. E:\Univercity\Puzzle\Hackaton_Case_1\process\main.json
2026-05-23T12:37:06+0300 INFO: Запуск процесса из студии разработки. E:\Univercity\Puzzle\Hackaton_Case_1\process\main.json
2026-05-23T12:37:11+0300 INFO: Старт робота: E:\Univercity\Puzzle\Hackaton_Case_1\resource\279a2544-3d02-4a32-a329-e29bd1576ac6\main.py
2026-05-23T12:37:32+0300 INFO: Завершение выполнения процесса. E:\Univercity\Puzzle\Hackaton_Case_1\process\main.json
2026-05-23T12:37:34+0300 INFO: Запуск процесса из студии разработки. E:\Univercity\Puzzle\Hackaton_Case_1\process\main.json
2026-05-23T12:37:38+0300 INFO: Старт робота: E:\Univercity\Puzzle\Hackaton_Case_1\resource\35327c87-f771-4b7b-9fa3-f956fd21df50\main.py
2026-05-23T12:39:49+0300 ERROR: E:\Univercity\Puzzle\Hackaton_Case_1\resource\35327c87-f771-4b7b-9fa3-f956fd21df50\main.py Ошибка: Ошибка загрузки элемента - По точному совпадению.
 Детали ошибки: Не найден ни один элемент из списка xpaths
2026-05-23T12:39:52+0300 ERROR: Завершение выполнения процесса. E:\Univercity\Puzzle\Hackaton_Case_1\process\main.json
2026-05-23T13:31:31+0300 INFO: Запуск процесса из студии разработки. E:\Univercity\Puzzle\Hackaton_Case_1\process\main.json
2026-05-23T13:31:38+0300 INFO: Старт робота: E:\Univercity\Puzzle\Hackaton_Case_1\resource\2ca1cc0d-2ee4-4b06-97e9-bea4898c640d\main.py
2026-05-23T13:33:04+0300 ERROR: E:\Univercity\Puzzle\Hackaton_Case_1\resource\2ca1cc0d-2ee4-4b06-97e9-bea4898c640d\main.py Ошибка: При открытии страницы произошла ошибка. Детали ошибки:
 Ошибка загрузки поля ввода - //input[@placeholder='Поиск Ctrl+Shift+F']
 The command execution timed out
2026-05-23T13:33:12+0300 ERROR: Завершение выполнения процесса. E:\Univercity\Puzzle\Hackaton_Case_1\process\main.json
2026-05-23T13:33:17+0300 INFO: Запуск процесса из студии разработки. E:\Univercity\Puzzle\Hackaton_Case_1\process\main.json
2026-05-23T13:33:22+0300 INFO: Старт робота: E:\Univercity\Puzzle\Hackaton_Case_1\resource\9d32b5ba-93a3-44ab-b7a7-a9ffbc106774\main.py
2026-05-23T13:34:31+0300 INFO: Завершение выполнения процесса. E:\Univercity\Puzzle\Hackaton_Case_1\process\main.json
2026-05-23T13:35:01+0300 INFO: Запуск процесса из студии разработки. E:\Univercity\Puzzle\Hackaton_Case_1\process\main.json
2026-05-23T13:35:07+0300 INFO: Старт робота: E:\Univercity\Puzzle\Hackaton_Case_1\resource\e7fda09f-c12b-41f2-a3d8-0a29ad7c5b1a\main.py
2026-05-23T13:37:11+0300 ERROR: E:\Univercity\Puzzle\Hackaton_Case_1\resource\e7fda09f-c12b-41f2-a3d8-0a29ad7c5b1a\main.py Ошибка: Ошибка загрузки элемента - Найти.
 Детали ошибки: 'result'
2026-05-23T13:37:48+0300 ERROR: Завершение выполнения процесса. E:\Univercity\Puzzle\Hackaton_Case_1\process\main.json
2026-05-23T13:42:18+0300 INFO: Запуск процесса из студии разработки. E:\Univercity\Puzzle\Hackaton_Case_1\process\main.json
2026-05-23T13:42:23+0300 INFO: Старт робота: E:\Univercity\Puzzle\Hackaton_Case_1\resource\8414887b-a5be-4888-b064-b11221226ada\main.py
2026-05-23T13:44:20+0300 ERROR: E:\Univercity\Puzzle\Hackaton_Case_1\resource\8414887b-a5be-4888-b064-b11221226ada\main.py Ошибка: Ошибка загрузки элемента - Найти.
 Детали ошибки: 'result'
2026-05-23T13:44:41+0300 ERROR: Завершение выполнения процесса. E:\Univercity\Puzzle\Hackaton_Case_1\process\main.json
2026-05-23T13:58:10+0300 INFO: Запуск процесса из студии разработки. E:\Univercity\Puzzle\Hackaton_Case_1\process\main.json
2026-05-23T13:58:17+0300 INFO: Старт робота: E:\Univercity\Puzzle\Hackaton_Case_1\resource\096f8da5-e593-4803-a839-7068eb329e91\main.py
2026-05-23T13:58:25+0300 ERROR: E:\Univercity\Puzzle\Hackaton_Case_1\resource\096f8da5-e593-4803-a839-7068eb329e91\main.py Ошибка: 'NoneType' object has no attribute 'open_page_1c'
2026-05-23T13:59:34+0300 ERROR: Завершение выполнения процесса. E:\Univercity\Puzzle\Hackaton_Case_1\process\main.json
2026-05-23T13:59:52+0300 INFO: Запуск процесса из студии разработки. E:\Univercity\Puzzle\Hackaton_Case_1\process\main.json
2026-05-23T13:59:57+0300 INFO: Старт робота: E:\Univercity\Puzzle\Hackaton_Case_1\resource\09e7a576-dd84-4931-9bef-a5b6af1a8f00\main.py
2026-05-23T14:00:05+0300 ERROR: E:\Univercity\Puzzle\Hackaton_Case_1\resource\09e7a576-dd84-4931-9bef-a5b6af1a8f00\main.py Ошибка: 'NoneType' object has no attribute 'open_page_1c'
2026-05-23T14:00:22+0300 ERROR: Завершение выполнения процесса. E:\Univercity\Puzzle\Hackaton_Case_1\process\main.json
2026-05-23T14:00:36+0300 INFO: Запуск процесса из студии разработки. E:\Univercity\Puzzle\Hackaton_Case_1\process\main.json
2026-05-23T14:00:41+0300 INFO: Старт робота: E:\Univercity\Puzzle\Hackaton_Case_1\resource\4cee26cd-2284-4498-99f6-b70a7901aebb\main.py
2026-05-23T14:00:49+0300 ERROR: E:\Univercity\Puzzle\Hackaton_Case_1\resource\4cee26cd-2284-4498-99f6-b70a7901aebb\main.py Ошибка: 'NoneType' object has no attribute 'open_page_1c'
2026-05-23T14:00:56+0300 ERROR: Завершение выполнения процесса. E:\Univercity\Puzzle\Hackaton_Case_1\process\main.json
2026-05-23T14:01:16+0300 INFO: Запуск процесса из студии разработки. E:\Univercity\Puzzle\Hackaton_Case_1\process\main.json
2026-05-23T14:01:21+0300 INFO: Старт робота: E:\Univercity\Puzzle\Hackaton_Case_1\resource\c7166740-4f84-405e-a646-d2dda042debf\main.py
2026-05-23T14:03:10+0300 ERROR: E:\Univercity\Puzzle\Hackaton_Case_1\resource\c7166740-4f84-405e-a646-d2dda042debf\main.py Ошибка: Ошибка загрузки элемента - Найти.
 Детали ошибки: 'result'
2026-05-23T14:03:16+0300 ERROR: Завершение выполнения процесса. E:\Univercity\Puzzle\Hackaton_Case_1\process\main.json
2026-05-23T14:05:30+0300 INFO: Запуск процесса из студии разработки. E:\Univercity\Puzzle\Hackaton_Case_1\process\main.json
2026-05-23T14:05:36+0300 INFO: Старт робота: E:\Univercity\Puzzle\Hackaton_Case_1\resource\263b15ae-3f90-4c96-952a-ee977bf6f80b\main.py
2026-05-23T14:07:59+0300 INFO: Завершение выполнения процесса. E:\Univercity\Puzzle\Hackaton_Case_1\process\main.json
2026-05-23T14:08:03+0300 INFO: Запуск процесса из студии разработки. E:\Univercity\Puzzle\Hackaton_Case_1\process\main.json
2026-05-23T14:08:08+0300 INFO: Старт робота: E:\Univercity\Puzzle\Hackaton_Case_1\resource\de8615cf-2718-46a6-8de5-78f76bacb4a0\main.py
2026-05-23T14:09:52+0300 ERROR: E:\Univercity\Puzzle\Hackaton_Case_1\resource\de8615cf-2718-46a6-8de5-78f76bacb4a0\main.py Ошибка: Ошибка загрузки элемента - Найти.
 Детали ошибки: 'result'
2026-05-23T14:10:05+0300 ERROR: Завершение выполнения процесса. E:\Univercity\Puzzle\Hackaton_Case_1\process\main.json
2026-05-23T14:10:42+0300 INFO: Запуск процесса из студии разработки. E:\Univercity\Puzzle\Hackaton_Case_1\process\main.json
2026-05-23T14:10:47+0300 INFO: Старт робота: E:\Univercity\Puzzle\Hackaton_Case_1\resource\3d229d62-ddf4-4f46-9ec3-6cf91ba299a4\main.py
2026-05-23T14:12:01+0300 INFO: Завершение выполнения процесса. E:\Univercity\Puzzle\Hackaton_Case_1\process\main.json
2026-05-23T14:12:25+0300 INFO: Запуск процесса из студии разработки. E:\Univercity\Puzzle\Hackaton_Case_1\process\main.json
2026-05-23T14:12:31+0300 INFO: Старт робота: E:\Univercity\Puzzle\Hackaton_Case_1\resource\18571dae-0278-4497-91d3-e0064b3b1c67\main.py
2026-05-23T14:13:55+0300 INFO: E:\Univercity\Puzzle\Hackaton_Case_1\resource\18571dae-0278-4497-91d3-e0064b3b1c67\main.py Клик по кнопке "Найти"
2026-05-23T14:14:15+0300 ERROR: E:\Univercity\Puzzle\Hackaton_Case_1\resource\18571dae-0278-4497-91d3-e0064b3b1c67\main.py Ошибка: Ошибка загрузки элемента - Найти.
 Детали ошибки: 'result'
2026-05-23T14:14:21+0300 ERROR: Завершение выполнения процесса. E:\Univercity\Puzzle\Hackaton_Case_1\process\main.json
2026-05-23T14:15:01+0300 INFO: Запуск процесса из студии разработки. E:\Univercity\Puzzle\Hackaton_Case_1\process\main.json
2026-05-23T14:15:07+0300 INFO: Старт робота: E:\Univercity\Puzzle\Hackaton_Case_1\resource\c4e94331-1e50-44c2-b0b2-9abf442ac676\main.py
2026-05-23T14:16:55+0300 ERROR: E:\Univercity\Puzzle\Hackaton_Case_1\resource\c4e94331-1e50-44c2-b0b2-9abf442ac676\main.py Ошибка: Ошибка загрузки элемента - Найти.
 Детали ошибки: 'result'
2026-05-23T14:17:00+0300 ERROR: Завершение выполнения процесса. E:\Univercity\Puzzle\Hackaton_Case_1\process\main.json
2026-05-23T14:17:28+0300 INFO: Запуск процесса из студии разработки. E:\Univercity\Puzzle\Hackaton_Case_1\process\main.json
2026-05-23T14:17:34+0300 INFO: Старт робота: E:\Univercity\Puzzle\Hackaton_Case_1\resource\61f5017d-63c0-4a07-a316-b74d24987f25\main.py
2026-05-23T14:20:26+0300 INFO: Завершение выполнения процесса. E:\Univercity\Puzzle\Hackaton_Case_1\process\main.json
2026-05-23T14:20:31+0300 INFO: Запуск процесса из студии разработки. E:\Univercity\Puzzle\Hackaton_Case_1\process\main.json
2026-05-23T14:20:36+0300 INFO: Старт робота: E:\Univercity\Puzzle\Hackaton_Case_1\resource\09bba476-6144-4b4f-9cd1-884bacd1a6c6\main.py
2026-05-23T14:22:01+0300 INFO: E:\Univercity\Puzzle\Hackaton_Case_1\resource\09bba476-6144-4b4f-9cd1-884bacd1a6c6\main.py Клик по кнопке "Найти"
2026-05-23T14:22:04+0300 INFO: E:\Univercity\Puzzle\Hackaton_Case_1\resource\09bba476-6144-4b4f-9cd1-884bacd1a6c6\main.py Обрабатано
2026-05-23T14:22:40+0300 ERROR: E:\Univercity\Puzzle\Hackaton_Case_1\resource\09bba476-6144-4b4f-9cd1-884bacd1a6c6\main.py Ошибка: Parser must be a string or character stream, not Timestamp
2026-05-23T14:22:58+0300 ERROR: Завершение выполнения процесса. E:\Univercity\Puzzle\Hackaton_Case_1\process\main.json
2026-05-23T14:28:05+0300 INFO: Запуск процесса из студии разработки. E:\Univercity\Puzzle\Hackaton_Case_1\process\main.json
2026-05-23T14:28:23+0300 INFO: Старт робота: E:\Univercity\Puzzle\Hackaton_Case_1\resource\fcdc146d-127c-48a7-9804-63dbaeb279e2\main.py
2026-05-23T14:29:50+0300 INFO: E:\Univercity\Puzzle\Hackaton_Case_1\resource\fcdc146d-127c-48a7-9804-63dbaeb279e2\main.py Клик по кнопке "Найти"
2026-05-23T14:29:52+0300 INFO: E:\Univercity\Puzzle\Hackaton_Case_1\resource\fcdc146d-127c-48a7-9804-63dbaeb279e2\main.py Обрабатано
2026-05-23T14:30:14+0300 ERROR: E:\Univercity\Puzzle\Hackaton_Case_1\resource\fcdc146d-127c-48a7-9804-63dbaeb279e2\main.py Ошибка: Ошибка загрузки элемента Дата:.
2026-05-23T14:30:27+0300 ERROR: Завершение выполнения процесса. E:\Univercity\Puzzle\Hackaton_Case_1\process\main.json
2026-05-23T14:32:20+0300 INFO: Запуск процесса из студии разработки. E:\Univercity\Puzzle\Hackaton_Case_1\process\main.json
2026-05-23T14:32:25+0300 INFO: Старт робота: E:\Univercity\Puzzle\Hackaton_Case_1\resource\751fe663-1485-462b-8dfd-073bd9b1c830\main.py
2026-05-23T14:32:43+0300 ERROR: E:\Univercity\Puzzle\Hackaton_Case_1\resource\751fe663-1485-462b-8dfd-073bd9b1c830\main.py Ошибка: name 'web_actions' is not defined
2026-05-23T14:32:45+0300 INFO: Завершение выполнения процесса. E:\Univercity\Puzzle\Hackaton_Case_1\process\main.json
2026-05-23T14:32:57+0300 INFO: Запуск процесса из студии разработки. E:\Univercity\Puzzle\Hackaton_Case_1\process\main.json
2026-05-23T14:33:01+0300 INFO: Старт робота: E:\Univercity\Puzzle\Hackaton_Case_1\resource\ea2c49df-327b-4bfe-9057-111e017d0193\main.py
2026-05-23T14:33:17+0300 INFO: Завершение выполнения процесса. E:\Univercity\Puzzle\Hackaton_Case_1\process\main.json
2026-05-23T14:33:42+0300 INFO: Запуск процесса из студии разработки. E:\Univercity\Puzzle\Hackaton_Case_1\process\main.json
2026-05-23T14:33:47+0300 INFO: Старт робота: E:\Univercity\Puzzle\Hackaton_Case_1\resource\c60a71fd-d625-4b6f-8503-274fd802e64b\main.py
2026-05-23T14:33:48+0300 ERROR: E:\Univercity\Puzzle\Hackaton_Case_1\resource\c60a71fd-d625-4b6f-8503-274fd802e64b\main.py Ошибка: expected string or bytes-like object, got 'Timestamp'
2026-05-23T14:33:52+0300 ERROR: Завершение выполнения процесса. E:\Univercity\Puzzle\Hackaton_Case_1\process\main.json
2026-05-23T14:35:47+0300 INFO: Запуск процесса из студии разработки. E:\Univercity\Puzzle\Hackaton_Case_1\process\main.json
2026-05-23T14:35:51+0300 INFO: Старт робота: E:\Univercity\Puzzle\Hackaton_Case_1\resource\9bc0e7bb-2443-4fe1-b4fd-ce3d7a5327c0\main.py
2026-05-23T14:36:00+0300 INFO: Завершение выполнения процесса. E:\Univercity\Puzzle\Hackaton_Case_1\process\main.json
2026-05-23T14:36:21+0300 INFO: Запуск процесса из студии разработки. E:\Univercity\Puzzle\Hackaton_Case_1\process\main.json
2026-05-23T14:36:25+0300 INFO: Старт робота: E:\Univercity\Puzzle\Hackaton_Case_1\resource\951541e5-8502-4a91-a013-baf8bee2acf8\main.py
2026-05-23T14:37:24+0300 ERROR: E:\Univercity\Puzzle\Hackaton_Case_1\resource\951541e5-8502-4a91-a013-baf8bee2acf8\main.py Ошибка: Ошибка загрузки элемента Дата:.
2026-05-23T14:37:31+0300 ERROR: Завершение выполнения процесса. E:\Univercity\Puzzle\Hackaton_Case_1\process\main.json
2026-05-23T14:39:21+0300 INFO: Запуск процесса из студии разработки. E:\Univercity\Puzzle\Hackaton_Case_1\process\main.json
2026-05-23T14:39:26+0300 INFO: Старт робота: E:\Univercity\Puzzle\Hackaton_Case_1\resource\a6000a61-cc6f-4a8a-8185-0c4c9b7a6cc3\main.py
2026-05-23T14:40:53+0300 INFO: Завершение выполнения процесса. E:\Univercity\Puzzle\Hackaton_Case_1\process\main.json
2026-05-23T14:40:56+0300 INFO: Запуск процесса из студии разработки. E:\Univercity\Puzzle\Hackaton_Case_1\process\main.json
2026-05-23T14:41:00+0300 INFO: Старт робота: E:\Univercity\Puzzle\Hackaton_Case_1\resource\65245860-f70c-48c7-bea7-ca963e0d9eb5\main.py
2026-05-23T14:42:02+0300 ERROR: E:\Univercity\Puzzle\Hackaton_Case_1\resource\65245860-f70c-48c7-bea7-ca963e0d9eb5\main.py Ошибка: Ошибка загрузки элемента Сумма:.
2026-05-23T14:42:08+0300 ERROR: Завершение выполнения процесса. E:\Univercity\Puzzle\Hackaton_Case_1\process\main.json
2026-05-23T14:42:23+0300 INFO: Запуск процесса из студии разработки. E:\Univercity\Puzzle\Hackaton_Case_1\process\main.json
2026-05-23T14:42:28+0300 INFO: Старт робота: E:\Univercity\Puzzle\Hackaton_Case_1\resource\dd02f638-6eeb-48c5-958d-462cadd26491\main.py
2026-05-23T14:43:25+0300 ERROR: E:\Univercity\Puzzle\Hackaton_Case_1\resource\dd02f638-6eeb-48c5-958d-462cadd26491\main.py Ошибка: Ошибка загрузки элемента Назначение платежа:.
2026-05-23T14:43:31+0300 ERROR: Завершение выполнения процесса. E:\Univercity\Puzzle\Hackaton_Case_1\process\main.json
2026-05-23T14:43:37+0300 INFO: Запуск процесса из студии разработки. E:\Univercity\Puzzle\Hackaton_Case_1\process\main.json
2026-05-23T14:43:42+0300 INFO: Старт робота: E:\Univercity\Puzzle\Hackaton_Case_1\resource\a09be1d9-8bf6-4c52-b182-6d9dd6e194aa\main.py
2026-05-23T14:44:43+0300 ERROR: E:\Univercity\Puzzle\Hackaton_Case_1\resource\a09be1d9-8bf6-4c52-b182-6d9dd6e194aa\main.py Ошибка: Ошибка загрузки элемента Назначение платежа.
2026-05-23T14:44:48+0300 ERROR: Завершение выполнения процесса. E:\Univercity\Puzzle\Hackaton_Case_1\process\main.json
2026-05-23T14:45:38+0300 INFO: Запуск процесса из студии разработки. E:\Univercity\Puzzle\Hackaton_Case_1\process\main.json
2026-05-23T14:45:44+0300 INFO: Старт робота: E:\Univercity\Puzzle\Hackaton_Case_1\resource\4595c962-8a0d-43b7-af3c-c954e0327229\main.py
2026-05-23T14:46:45+0300 ERROR: E:\Univercity\Puzzle\Hackaton_Case_1\resource\4595c962-8a0d-43b7-af3c-c954e0327229\main.py Ошибка: Ошибка загрузки элемента Назначение платежа: .
2026-05-23T14:46:55+0300 ERROR: Завершение выполнения процесса. E:\Univercity\Puzzle\Hackaton_Case_1\process\main.json
2026-05-23T14:47:51+0300 INFO: Запуск процесса из студии разработки. E:\Univercity\Puzzle\Hackaton_Case_1\process\main.json
2026-05-23T14:47:57+0300 INFO: Старт робота: E:\Univercity\Puzzle\Hackaton_Case_1\resource\49f1b90e-9aa7-4adc-8da8-9b4ac9f31d68\main.py
2026-05-23T14:47:59+0300 INFO: Завершение выполнения процесса. E:\Univercity\Puzzle\Hackaton_Case_1\process\main.json
2026-05-23T14:50:04+0300 INFO: Запуск процесса из студии разработки. E:\Univercity\Puzzle\Hackaton_Case_1\process\main.json
2026-05-23T14:50:10+0300 INFO: Старт робота: E:\Univercity\Puzzle\Hackaton_Case_1\resource\2eb3f326-20eb-4df0-bd77-f843ce017fe8\main.py
2026-05-23T14:50:55+0300 INFO: Завершение выполнения процесса. E:\Univercity\Puzzle\Hackaton_Case_1\process\main.json
2026-05-23T14:51:20+0300 INFO: Запуск процесса из студии разработки. E:\Univercity\Puzzle\Hackaton_Case_1\process\main.json
2026-05-23T14:51:26+0300 INFO: Старт робота: E:\Univercity\Puzzle\Hackaton_Case_1\resource\545c6a90-194a-4815-bb81-6a1d09cdd3cf\main.py
2026-05-23T14:52:04+0300 ERROR: E:\Univercity\Puzzle\Hackaton_Case_1\resource\545c6a90-194a-4815-bb81-6a1d09cdd3cf\main.py Ошибка: Ошибка загрузки элемента Назначение платежа:.
2026-05-23T14:52:12+0300 ERROR: Завершение выполнения процесса. E:\Univercity\Puzzle\Hackaton_Case_1\process\main.json
2026-05-23T14:56:41+0300 INFO: Запуск процесса из студии разработки. E:\Univercity\Puzzle\Hackaton_Case_1\process\main.json
2026-05-23T14:56:50+0300 INFO: Старт робота: E:\Univercity\Puzzle\Hackaton_Case_1\resource\bce69ce9-b6ae-43fe-a15e-b1348eed5f95\main.py
2026-05-23T14:57:57+0300 ERROR: E:\Univercity\Puzzle\Hackaton_Case_1\resource\bce69ce9-b6ae-43fe-a15e-b1348eed5f95\main.py Ошибка: Ошибка загрузки элемента АБОБА.
2026-05-23T14:58:01+0300 ERROR: Завершение выполнения процесса. E:\Univercity\Puzzle\Hackaton_Case_1\process\main.json
2026-05-23T14:59:03+0300 INFO: Запуск процесса из студии разработки. E:\Univercity\Puzzle\Hackaton_Case_1\process\main.json
2026-05-23T14:59:11+0300 INFO: Старт робота: E:\Univercity\Puzzle\Hackaton_Case_1\resource\36a1cb75-42f3-4e1f-8aba-36715b9c5fe6\main.py
2026-05-23T15:00:17+0300 INFO: Завершение выполнения процесса. E:\Univercity\Puzzle\Hackaton_Case_1\process\main.json
2026-05-23T15:00:31+0300 INFO: Запуск процесса из студии разработки. E:\Univercity\Puzzle\Hackaton_Case_1\process\main.json
2026-05-23T15:00:37+0300 INFO: Старт робота: E:\Univercity\Puzzle\Hackaton_Case_1\resource\978d70df-09fc-442d-b0c8-b8bcb541cd41\main.py
2026-05-23T15:01:37+0300 INFO: Завершение работы робота
2026-05-23T15:01:37+0300 INFO: Завершение выполнения процесса. E:\Univercity\Puzzle\Hackaton_Case_1\process\main.json
2026-05-23T15:02:08+0300 INFO: Запуск процесса из студии разработки. E:\Univercity\Puzzle\Hackaton_Case_1\process\main.json
2026-05-23T15:02:15+0300 INFO: Старт робота: E:\Univercity\Puzzle\Hackaton_Case_1\resource\8b1c16f6-0039-4fcd-b802-7c129764312e\main.py
2026-05-23T15:03:01+0300 INFO: Завершение выполнения процесса. E:\Univercity\Puzzle\Hackaton_Case_1\process\main.json
2026-05-23T15:03:03+0300 INFO: Запуск процесса из студии разработки. E:\Univercity\Puzzle\Hackaton_Case_1\process\main.json
2026-05-23T15:03:08+0300 INFO: Старт робота: E:\Univercity\Puzzle\Hackaton_Case_1\resource\899b3000-cbec-4091-be76-8fa81ceb153f\main.py
2026-05-23T15:04:08+0300 INFO: Завершение работы робота
2026-05-23T15:04:08+0300 INFO: Завершение выполнения процесса. E:\Univercity\Puzzle\Hackaton_Case_1\process\main.json
2026-05-23T15:04:58+0300 INFO: Запуск процесса из студии разработки. E:\Univercity\Puzzle\Hackaton_Case_1\process\main.json
2026-05-23T15:05:04+0300 INFO: Старт робота: E:\Univercity\Puzzle\Hackaton_Case_1\resource\43812251-4db6-4d32-b101-af1bc854c30e\main.py
2026-05-23T15:05:51+0300 ERROR: E:\Univercity\Puzzle\Hackaton_Case_1\resource\43812251-4db6-4d32-b101-af1bc854c30e\main.py Ошибка: Ошибка загрузки элемента Назначение платежа:.
2026-05-23T15:05:57+0300 ERROR: Завершение выполнения процесса. E:\Univercity\Puzzle\Hackaton_Case_1\process\main.json
2026-05-23T15:06:20+0300 INFO: Запуск процесса из студии разработки. E:\Univercity\Puzzle\Hackaton_Case_1\process\main.json
2026-05-23T15:06:27+0300 INFO: Старт робота: E:\Univercity\Puzzle\Hackaton_Case_1\resource\25c46843-242c-4dfb-b591-ecab7ac87aea\main.py
2026-05-23T15:07:18+0300 ERROR: E:\Univercity\Puzzle\Hackaton_Case_1\resource\25c46843-242c-4dfb-b591-ecab7ac87aea\main.py Ошибка: Ошибка загрузки элемента Назначение
платежа:.
2026-05-23T15:07:23+0300 ERROR: Завершение выполнения процесса. E:\Univercity\Puzzle\Hackaton_Case_1\process\main.json
2026-05-23T15:07:48+0300 INFO: Запуск процесса из студии разработки. E:\Univercity\Puzzle\Hackaton_Case_1\process\main.json
2026-05-23T15:07:55+0300 INFO: Старт робота: E:\Univercity\Puzzle\Hackaton_Case_1\resource\faa32b97-06c0-41ec-96a7-2bc37a45070f\main.py
2026-05-23T15:08:49+0300 INFO: Завершение работы робота
2026-05-23T15:08:49+0300 INFO: Завершение выполнения процесса. E:\Univercity\Puzzle\Hackaton_Case_1\process\main.json
2026-05-23T15:09:39+0300 INFO: Запуск процесса из студии разработки. E:\Univercity\Puzzle\Hackaton_Case_1\process\main.json
2026-05-23T15:09:47+0300 INFO: Старт робота: E:\Univercity\Puzzle\Hackaton_Case_1\resource\57e8c76d-2b10-48a0-a37d-3e3cb7001d94\main.py
2026-05-23T15:10:42+0300 ERROR: E:\Univercity\Puzzle\Hackaton_Case_1\resource\57e8c76d-2b10-48a0-a37d-3e3cb7001d94\main.py Ошибка: Parser must be a string or character stream, not Timestamp
2026-05-23T15:10:45+0300 ERROR: Завершение выполнения процесса. E:\Univercity\Puzzle\Hackaton_Case_1\process\main.json
2026-05-23T15:10:58+0300 INFO: Запуск процесса из студии разработки. E:\Univercity\Puzzle\Hackaton_Case_1\process\main.json
2026-05-23T15:11:05+0300 INFO: Старт робота: E:\Univercity\Puzzle\Hackaton_Case_1\resource\62ba8db3-85d4-4b8c-b410-08a68758162a\main.py
2026-05-23T15:12:42+0300 INFO: Завершение выполнения процесса. E:\Univercity\Puzzle\Hackaton_Case_1\process\main.json
2026-05-23T15:13:13+0300 INFO: Запуск процесса из студии разработки. E:\Univercity\Puzzle\Hackaton_Case_1\process\main.json
2026-05-23T15:13:18+0300 INFO: Старт робота: E:\Univercity\Puzzle\Hackaton_Case_1\resource\d4901509-2b72-4466-88ad-ad0ae2237c28\main.py
2026-05-23T15:14:11+0300 INFO: Завершение выполнения процесса. E:\Univercity\Puzzle\Hackaton_Case_1\process\main.json
2026-05-23T15:16:49+0300 INFO: Запуск процесса из студии разработки. E:\Univercity\Puzzle\Hackaton_Case_1\process\main.json
2026-05-23T15:16:53+0300 INFO: Старт робота: E:\Univercity\Puzzle\Hackaton_Case_1\resource\fadba1cf-5d6f-4088-9263-d24722c85d4b\main.py
2026-05-23T15:17:44+0300 INFO: Завершение работы робота
2026-05-23T15:17:45+0300 INFO: Завершение выполнения процесса. E:\Univercity\Puzzle\Hackaton_Case_1\process\main.json
2026-05-23T15:18:21+0300 INFO: Запуск процесса из студии разработки. E:\Univercity\Puzzle\Hackaton_Case_1\process\main.json
2026-05-23T15:18:26+0300 INFO: Старт робота: E:\Univercity\Puzzle\Hackaton_Case_1\resource\740caf23-f608-431c-b21a-b70a66abe0a0\main.py
2026-05-23T15:18:28+0300 INFO: Завершение выполнения процесса. E:\Univercity\Puzzle\Hackaton_Case_1\process\main.json
2026-05-23T15:18:34+0300 INFO: Запуск процесса из студии разработки. E:\Univercity\Puzzle\Hackaton_Case_1\process\main.json
2026-05-23T15:18:38+0300 INFO: Старт робота: E:\Univercity\Puzzle\Hackaton_Case_1\resource\c0cf5f1c-61b2-4808-9c63-398927c6a377\main.py
2026-05-23T15:18:47+0300 INFO: Завершение выполнения процесса. E:\Univercity\Puzzle\Hackaton_Case_1\process\main.json
2026-05-23T15:19:52+0300 INFO: Запуск процесса из студии разработки. E:\Univercity\Puzzle\Hackaton_Case_1\process\main.json
2026-05-23T15:19:57+0300 INFO: Старт робота: E:\Univercity\Puzzle\Hackaton_Case_1\resource\2c5b266e-2085-4cbf-90fa-6186e16c8dbc\main.py
2026-05-23T15:20:40+0300 ERROR: E:\Univercity\Puzzle\Hackaton_Case_1\resource\2c5b266e-2085-4cbf-90fa-6186e16c8dbc\main.py Ошибка: Parser must be a string or character stream, not datetime
2026-05-23T15:20:45+0300 ERROR: Завершение выполнения процесса. E:\Univercity\Puzzle\Hackaton_Case_1\process\main.json
2026-05-23T15:21:07+0300 INFO: Запуск процесса из студии разработки. E:\Univercity\Puzzle\Hackaton_Case_1\process\main.json
2026-05-23T15:21:12+0300 INFO: Старт робота: E:\Univercity\Puzzle\Hackaton_Case_1\resource\4c01d3d3-1412-4aa7-8aeb-934a8d08ffc6\main.py
2026-05-23T15:22:01+0300 INFO: Завершение выполнения процесса. E:\Univercity\Puzzle\Hackaton_Case_1\process\main.json
2026-05-23T15:22:05+0300 INFO: Запуск процесса из студии разработки. E:\Univercity\Puzzle\Hackaton_Case_1\process\main.json
2026-05-23T15:22:09+0300 INFO: Старт робота: E:\Univercity\Puzzle\Hackaton_Case_1\resource\66e442e9-f278-43fb-81e8-6025c349cad9\main.py
2026-05-23T15:22:55+0300 INFO: Завершение выполнения процесса. E:\Univercity\Puzzle\Hackaton_Case_1\process\main.json
2026-05-23T15:25:39+0300 INFO: Запуск процесса из студии разработки. E:\Univercity\Puzzle\Hackaton_Case_1\process\main.json
2026-05-23T15:25:43+0300 INFO: Старт робота: E:\Univercity\Puzzle\Hackaton_Case_1\resource\e940947e-6b6a-4a65-a5c0-7b628704d1a6\main.py
2026-05-23T15:26:29+0300 ERROR: E:\Univercity\Puzzle\Hackaton_Case_1\resource\e940947e-6b6a-4a65-a5c0-7b628704d1a6\main.py Ошибка: Ошибка загрузки элемента Назначениеплатежа:.
2026-05-23T15:26:35+0300 ERROR: Завершение выполнения процесса. E:\Univercity\Puzzle\Hackaton_Case_1\process\main.json
2026-05-23T15:26:47+0300 INFO: Запуск процесса из студии разработки. E:\Univercity\Puzzle\Hackaton_Case_1\process\main.json
2026-05-23T15:26:52+0300 INFO: Старт робота: E:\Univercity\Puzzle\Hackaton_Case_1\resource\fe9e4a15-33b3-4e41-9f0f-4180fdd7bca3\main.py
2026-05-23T15:28:02+0300 INFO: Завершение выполнения процесса. E:\Univercity\Puzzle\Hackaton_Case_1\process\main.json
2026-05-23T15:28:22+0300 INFO: Запуск процесса из студии разработки. E:\Univercity\Puzzle\Hackaton_Case_1\process\main.json
2026-05-23T15:28:26+0300 INFO: Старт робота: E:\Univercity\Puzzle\Hackaton_Case_1\resource\0affa1cf-0332-4585-85cf-e33d8d594173\main.py
2026-05-23T15:29:11+0300 ERROR: E:\Univercity\Puzzle\Hackaton_Case_1\resource\0affa1cf-0332-4585-85cf-e33d8d594173\main.py Ошибка: Ошибка загрузки элемента Назначение<br>платежа:.
2026-05-23T15:29:20+0300 ERROR: Завершение выполнения процесса. E:\Univercity\Puzzle\Hackaton_Case_1\process\main.json
2026-05-23T15:30:42+0300 INFO: Запуск процесса из студии разработки. E:\Univercity\Puzzle\Hackaton_Case_1\process\main.json
2026-05-23T15:30:47+0300 INFO: Старт робота: E:\Univercity\Puzzle\Hackaton_Case_1\resource\12934a88-cb2c-4e0f-ad96-672edefb5636\main.py
2026-05-23T15:31:36+0300 INFO: Завершение работы робота
2026-05-23T15:31:36+0300 INFO: Завершение выполнения процесса. E:\Univercity\Puzzle\Hackaton_Case_1\process\main.json
2026-05-23T15:31:57+0300 INFO: Запуск процесса из студии разработки. E:\Univercity\Puzzle\Hackaton_Case_1\process\main.json
2026-05-23T15:32:01+0300 INFO: Старт робота: E:\Univercity\Puzzle\Hackaton_Case_1\resource\5e250d33-2d45-42f2-8a29-254e75c215bb\main.py
2026-05-23T15:32:56+0300 INFO: Завершение выполнения процесса. E:\Univercity\Puzzle\Hackaton_Case_1\process\main.json
2026-05-23T15:33:33+0300 INFO: Запуск процесса из студии разработки. E:\Univercity\Puzzle\Hackaton_Case_1\process\main.json
2026-05-23T15:33:37+0300 INFO: Старт робота: E:\Univercity\Puzzle\Hackaton_Case_1\resource\e159be66-66f2-4867-8126-b6d70e9162bf\main.py
2026-05-23T15:34:38+0300 INFO: Завершение выполнения процесса. E:\Univercity\Puzzle\Hackaton_Case_1\process\main.json
2026-05-23T15:35:00+0300 INFO: Запуск процесса из студии разработки. E:\Univercity\Puzzle\Hackaton_Case_1\process\main.json
2026-05-23T15:35:05+0300 INFO: Старт робота: E:\Univercity\Puzzle\Hackaton_Case_1\resource\2681cdfd-5891-444a-87d3-35d52f83374f\main.py
2026-05-23T15:35:58+0300 INFO: Завершение выполнения процесса. E:\Univercity\Puzzle\Hackaton_Case_1\process\main.json
2026-05-23T15:38:15+0300 INFO: Запуск процесса из студии разработки. E:\Univercity\Puzzle\Hackaton_Case_1\process\main.json
2026-05-23T15:38:21+0300 INFO: Старт робота: E:\Univercity\Puzzle\Hackaton_Case_1\resource\4648cc53-e763-42ca-b12b-03e7bab144fb\main.py
2026-05-23T15:39:15+0300 INFO: Завершение выполнения процесса. E:\Univercity\Puzzle\Hackaton_Case_1\process\main.json
2026-05-23T15:39:33+0300 INFO: Запуск процесса из студии разработки. E:\Univercity\Puzzle\Hackaton_Case_1\process\main.json
2026-05-23T15:39:38+0300 INFO: Старт робота: E:\Univercity\Puzzle\Hackaton_Case_1\resource\cb74ca54-91b6-489e-b852-4cbf00222dfc\main.py
2026-05-23T15:40:30+0300 INFO: Завершение выполнения процесса. E:\Univercity\Puzzle\Hackaton_Case_1\process\main.json
2026-05-23T15:40:57+0300 INFO: Запуск процесса из студии разработки. E:\Univercity\Puzzle\Hackaton_Case_1\process\main.json
2026-05-23T15:41:01+0300 INFO: Старт робота: E:\Univercity\Puzzle\Hackaton_Case_1\resource\20cde0d5-e155-4e9d-89f5-b6c3682c97b1\main.py
2026-05-23T15:41:35+0300 INFO: Завершение выполнения процесса. E:\Univercity\Puzzle\Hackaton_Case_1\process\main.json
2026-05-23T15:42:31+0300 INFO: Запуск процесса из студии разработки. E:\Univercity\Puzzle\Hackaton_Case_1\process\main.json
2026-05-23T15:42:36+0300 INFO: Старт робота: E:\Univercity\Puzzle\Hackaton_Case_1\resource\31483703-1811-4f55-871f-eef8a8a41ea3\main.py
2026-05-23T15:43:37+0300 ERROR: E:\Univercity\Puzzle\Hackaton_Case_1\resource\31483703-1811-4f55-871f-eef8a8a41ea3\main.py Ошибка: Ошибка загрузки элемента Плательщик:.
2026-05-23T15:43:42+0300 ERROR: Завершение выполнения процесса. E:\Univercity\Puzzle\Hackaton_Case_1\process\main.json
2026-05-23T15:56:19+0300 INFO: Запуск процесса из студии разработки. E:\Univercity\Puzzle\Hackaton_Case_1\process\main.json
2026-05-23T15:56:25+0300 INFO: Старт робота: E:\Univercity\Puzzle\Hackaton_Case_1\resource\1821f2fb-2099-4142-8c02-16e0ce10b6de\main.py
2026-05-23T15:57:40+0300 INFO: Завершение выполнения процесса. E:\Univercity\Puzzle\Hackaton_Case_1\process\main.json
2026-05-23T15:58:41+0300 INFO: Запуск процесса из студии разработки. E:\Univercity\Puzzle\Hackaton_Case_1\process\main.json
2026-05-23T15:58:44+0300 INFO: Завершение выполнения процесса. E:\Univercity\Puzzle\Hackaton_Case_1\process\main.json
2026-05-23T15:58:49+0300 INFO: Запуск процесса из студии разработки. E:\Univercity\Puzzle\Hackaton_Case_1\process\main.json
2026-05-23T15:58:54+0300 INFO: Старт робота: E:\Univercity\Puzzle\Hackaton_Case_1\resource\fd430203-4fa5-425e-aafe-b894a66c8b7f\main.py
2026-05-23T16:00:05+0300 ERROR: E:\Univercity\Puzzle\Hackaton_Case_1\resource\fd430203-4fa5-425e-aafe-b894a66c8b7f\main.py Ошибка: Ошибка загрузки элемента Плательщик:.
2026-05-23T16:00:09+0300 ERROR: Завершение выполнения процесса. E:\Univercity\Puzzle\Hackaton_Case_1\process\main.json
2026-05-23T16:02:36+0300 INFO: Запуск процесса из студии разработки. E:\Univercity\Puzzle\Hackaton_Case_1\process\main.json
2026-05-23T16:02:40+0300 INFO: Старт робота: E:\Univercity\Puzzle\Hackaton_Case_1\resource\604ee64c-b45d-463f-a309-f9622a6226fd\main.py
2026-05-23T16:03:51+0300 INFO: Завершение работы робота
2026-05-23T16:03:51+0300 INFO: Завершение выполнения процесса. E:\Univercity\Puzzle\Hackaton_Case_1\process\main.json
2026-05-23T16:38:07+0300 INFO: Запуск процесса из студии разработки. E:\Univercity\Puzzle\Hackaton_Case_1\process\main.json
2026-05-23T16:38:13+0300 INFO: Старт робота: E:\Univercity\Puzzle\Hackaton_Case_1\resource\966c208f-a299-4ce6-bf86-a129e06117a3\main.py
2026-05-23T16:39:40+0300 INFO: Завершение выполнения процесса. E:\Univercity\Puzzle\Hackaton_Case_1\process\main.json
2026-05-23T16:40:12+0300 INFO: Запуск процесса из студии разработки. E:\Univercity\Puzzle\Hackaton_Case_1\process\main.json
2026-05-23T16:40:17+0300 INFO: Старт робота: E:\Univercity\Puzzle\Hackaton_Case_1\resource\26b3f7b1-92c7-481e-8415-fab707186db8\main.py
2026-05-23T16:40:26+0300 ERROR: E:\Univercity\Puzzle\Hackaton_Case_1\resource\26b3f7b1-92c7-481e-8415-fab707186db8\main.py Ошибка: name 'web_actions' is not defined
2026-05-23T16:40:28+0300 INFO: Завершение выполнения процесса. E:\Univercity\Puzzle\Hackaton_Case_1\process\main.json
2026-05-23T16:42:56+0300 INFO: Запуск процесса из студии разработки. E:\Univercity\Puzzle\Hackaton_Case_1\process\main.json
2026-05-23T16:43:04+0300 INFO: Старт робота: E:\Univercity\Puzzle\Hackaton_Case_1\resource\1ef3ef2b-5082-4132-b956-ff2768a29d0e\main.py
2026-05-23T16:43:13+0300 INFO: Завершение выполнения процесса. E:\Univercity\Puzzle\Hackaton_Case_1\process\main.json
2026-05-23T16:43:36+0300 INFO: Запуск процесса из студии разработки. E:\Univercity\Puzzle\Hackaton_Case_1\process\main.json
2026-05-23T16:43:43+0300 INFO: Старт робота: E:\Univercity\Puzzle\Hackaton_Case_1\resource\0fb79c29-3217-4c4f-bc08-86209adf275e\main.py
2026-05-23T16:45:52+0300 INFO: Завершение выполнения процесса. E:\Univercity\Puzzle\Hackaton_Case_1\process\main.json
2026-05-23T16:46:55+0300 INFO: Запуск процесса из студии разработки. E:\Univercity\Puzzle\Hackaton_Case_1\process\main.json
2026-05-23T16:47:04+0300 INFO: Старт робота: E:\Univercity\Puzzle\Hackaton_Case_1\resource\429edef6-5d0b-4e80-8693-518b03347be4\main.py
2026-05-23T16:48:29+0300 INFO: Завершение выполнения процесса. E:\Univercity\Puzzle\Hackaton_Case_1\process\main.json
2026-05-23T16:48:38+0300 INFO: Запуск процесса из студии разработки. E:\Univercity\Puzzle\Hackaton_Case_1\process\main.json
2026-05-23T16:48:47+0300 INFO: Старт робота: E:\Univercity\Puzzle\Hackaton_Case_1\resource\53dd57ad-c5b0-4323-9c4e-97533f786c08\main.py
2026-05-23T16:50:05+0300 INFO: Завершение выполнения процесса. E:\Univercity\Puzzle\Hackaton_Case_1\process\main.json
2026-05-23T16:51:10+0300 INFO: Запуск процесса из студии разработки. E:\Univercity\Puzzle\Hackaton_Case_1\process\main.json
2026-05-23T16:51:19+0300 INFO: Старт робота: E:\Univercity\Puzzle\Hackaton_Case_1\resource\435cfb44-8942-4b36-af2f-031884e180ef\main.py
2026-05-23T16:54:26+0300 INFO: Завершение выполнения процесса. E:\Univercity\Puzzle\Hackaton_Case_1\process\main.json
2026-05-23T16:56:27+0300 INFO: Запуск процесса из студии разработки. E:\Univercity\Puzzle\Hackaton_Case_1\process\main.json
2026-05-23T16:56:37+0300 INFO: Старт робота: E:\Univercity\Puzzle\Hackaton_Case_1\resource\4804eece-f648-4d8f-9a4d-6f456306c397\main.py
2026-05-23T16:57:52+0300 INFO: Завершение работы робота
2026-05-23T16:57:53+0300 INFO: Завершение выполнения процесса. E:\Univercity\Puzzle\Hackaton_Case_1\process\main.json
2026-05-23T17:24:57+0300 INFO: Запуск процесса из студии разработки. E:\Univercity\Puzzle\Hackaton_Case_1\process\main.json
2026-05-23T17:25:06+0300 INFO: Завершение выполнения процесса. E:\Univercity\Puzzle\Hackaton_Case_1\process\main.json
2026-05-23T17:25:13+0300 INFO: Запуск процесса из студии разработки. E:\Univercity\Puzzle\Hackaton_Case_1\process\main.json
2026-05-23T17:25:38+0300 INFO: Завершение выполнения процесса. E:\Univercity\Puzzle\Hackaton_Case_1\process\main.json
2026-05-23T17:25:59+0300 INFO: Запуск процесса из студии разработки. E:\Univercity\Puzzle\Hackaton_Case_1\process\main.json
2026-05-23T17:26:23+0300 INFO: Старт робота: E:\Univercity\Puzzle\Hackaton_Case_1\resource\64053fc4-8546-4061-a3f0-2f565597b55c\main.py
2026-05-23T17:28:59+0300 INFO: Завершение работы робота
2026-05-23T17:29:00+0300 INFO: Завершение выполнения процесса. E:\Univercity\Puzzle\Hackaton_Case_1\process\main.json
2026-05-23T18:26:42+0300 INFO: Запуск процесса из студии разработки. D:\git_hack\rpa_hack\process\main.json
2026-05-23T18:27:05+0300 INFO: Старт робота: D:\git_hack\rpa_hack\resource\f3f48861-5dd3-4727-9905-289d3a161c3d\main.py
2026-05-23T18:29:31+0300 INFO: Завершение работы робота
2026-05-23T18:29:32+0300 INFO: Завершение выполнения процесса. D:\git_hack\rpa_hack\process\main.json
2026-05-24T01:57:22+0300 INFO: Запуск процесса из студии разработки. D:\git_hack\rpa_hack\process\main.json
2026-05-24T01:58:08+0300 INFO: Завершение выполнения процесса. D:\git_hack\rpa_hack\process\main.json
2026-05-24T01:58:12+0300 INFO: Запуск процесса из студии разработки. D:\git_hack\rpa_hack\process\main.json
2026-05-24T02:00:54+0300 INFO: Завершение выполнения процесса. D:\git_hack\rpa_hack\process\main.json
2026-05-24T02:08:41+0300 INFO: Запуск процесса из студии разработки. D:\git_hack\rpa_hack\process\main.json
2026-05-24T02:11:36+0300 INFO: Завершение выполнения процесса. D:\git_hack\rpa_hack\process\main.json
2026-05-24T02:16:06+0300 INFO: Запуск процесса из студии разработки. D:\git_hack\rpa_hack\process\main.json
2026-05-24T02:16:39+0300 INFO: Запуск процесса из студии разработки. D:\git_hack\rpa_hack\process\main.json
2026-05-24T02:16:41+0300 INFO: Завершение выполнения процесса. D:\git_hack\rpa_hack\process\main.json
2026-05-24T02:16:43+0300 INFO: Завершение выполнения процесса. D:\git_hack\rpa_hack\process\main.json
2026-05-24T02:16:45+0300 INFO: Запуск процесса из студии разработки. D:\git_hack\rpa_hack\process\main.json
2026-05-24T02:19:40+0300 ERROR: Завершение выполнения процесса. D:\git_hack\rpa_hack\process\main.json
2026-05-24T02:22:23+0300 INFO: Запуск процесса из студии разработки. D:\git_hack\rpa_hack\process\main.json
2026-05-24T02:25:14+0300 ERROR: Завершение выполнения процесса. D:\git_hack\rpa_hack\process\main.json
2026-05-24T02:26:32+0300 INFO: Запуск процесса из студии разработки. D:\git_hack\rpa_hack\process\main.json
2026-05-24T02:26:58+0300 INFO: Завершение выполнения процесса. D:\git_hack\rpa_hack\process\main.json
2026-05-24T02:27:15+0300 INFO: Запуск процесса из студии разработки. D:\git_hack\rpa_hack\process\main.json
2026-05-24T02:28:46+0300 INFO: Завершение выполнения процесса. D:\git_hack\rpa_hack\process\main.json
2026-05-24T02:29:05+0300 INFO: Запуск процесса из студии разработки. D:\git_hack\rpa_hack\process\main.json
2026-05-24T02:29:45+0300 ERROR: Завершение выполнения процесса. D:\git_hack\rpa_hack\process\main.json
2026-05-24T02:30:00+0300 INFO: Запуск процесса из студии разработки. D:\git_hack\rpa_hack\process\main.json
2026-05-24T02:30:38+0300 INFO: Завершение выполнения процесса. D:\git_hack\rpa_hack\process\main.json
2026-05-24T02:30:41+0300 INFO: Запуск процесса из студии разработки. D:\git_hack\rpa_hack\process\main.json
2026-05-24T02:32:13+0300 INFO: Завершение выполнения процесса. D:\git_hack\rpa_hack\process\main.json
2026-05-24T02:39:15+0300 INFO: Запуск процесса из студии разработки. D:\git_hack\rpa_hack\process\main.json
2026-05-24T02:39:29+0300 INFO: Завершение выполнения процесса. D:\git_hack\rpa_hack\process\main.json
2026-05-24T02:43:14+0300 INFO: Запуск процесса из студии разработки. D:\git_hack\rpa_hack\process\main.json
2026-05-24T02:45:16+0300 INFO: Завершение выполнения процесса. D:\git_hack\rpa_hack\process\main.json
2026-05-24T02:49:24+0300 INFO: Запуск процесса из студии разработки. D:\git_hack\rpa_hack\process\main.json
2026-05-24T02:50:22+0300 INFO: Завершение выполнения процесса. D:\git_hack\rpa_hack\process\main.json
2026-05-24T02:52:06+0300 INFO: Запуск процесса из студии разработки. D:\git_hack\rpa_hack\process\main.json
2026-05-24T02:54:29+0300 INFO: Завершение выполнения процесса. D:\git_hack\rpa_hack\process\main.json
2026-05-24T02:56:16+0300 INFO: Запуск процесса из студии разработки. D:\git_hack\rpa_hack\process\main.json
2026-05-24T02:56:56+0300 ERROR: Завершение выполнения процесса. D:\git_hack\rpa_hack\process\main.json
2026-05-24T02:57:28+0300 INFO: Запуск процесса из студии разработки. D:\git_hack\rpa_hack\process\main.json
2026-05-24T02:58:05+0300 INFO: Завершение выполнения процесса. D:\git_hack\rpa_hack\process\main.json
2026-05-24T02:58:07+0300 INFO: Запуск процесса из студии разработки. D:\git_hack\rpa_hack\process\main.json
2026-05-24T03:00:36+0300 INFO: Завершение выполнения процесса. D:\git_hack\rpa_hack\process\main.json
