2026-05-24T01:57:40+0300 INFO: Старт робота: D:\git_hack\rpa_hack\resource\a0ee4dc7-7c5f-4561-9088-3bc42a9a82e2\main.py
2026-05-24T01:58:17+0300 INFO: Старт робота: D:\git_hack\rpa_hack\resource\cdea8660-1ecd-447e-8dcd-23c3718a49ba\main.py
2026-05-24T02:00:53+0300 INFO: Завершение работы робота
2026-05-24T02:08:46+0300 INFO: Старт робота: D:\git_hack\rpa_hack\resource\34aa9d71-3562-4a23-a569-7adc1a73e1f8\main.py
2026-05-24T02:11:36+0300 INFO: Завершение работы робота
2026-05-24T02:16:14+0300 INFO: Старт робота: D:\git_hack\rpa_hack\resource\466043ac-0b3d-4786-ac7c-ca9f11fd2444\main.py
2026-05-24T02:16:50+0300 INFO: Старт робота: D:\git_hack\rpa_hack\resource\17ba6018-2536-4fd3-8c4c-71ec89bcbb24\main.py
2026-05-24T02:19:32+0300 ERROR: D:\git_hack\rpa_hack\resource\17ba6018-2536-4fd3-8c4c-71ec89bcbb24\main.py Ошибка: Элемент не найден: ID=form9_Дата_i0
2026-05-24T02:22:28+0300 INFO: Старт робота: D:\git_hack\rpa_hack\resource\49c56c75-980c-4336-affa-b14594b4ed3f\main.py
2026-05-24T02:25:10+0300 ERROR: D:\git_hack\rpa_hack\resource\49c56c75-980c-4336-affa-b14594b4ed3f\main.py Ошибка: Элемент не найден: ID=form9_Дата_i0
2026-05-24T02:26:37+0300 INFO: Старт робота: D:\git_hack\rpa_hack\resource\b2b49494-2f23-401e-9f98-4f7bf4a07b5e\main.py
2026-05-24T02:27:20+0300 INFO: Старт робота: D:\git_hack\rpa_hack\resource\06d18b02-e955-417c-a58a-367b7717878a\main.py
2026-05-24T02:28:46+0300 INFO: Завершение работы робота
2026-05-24T02:29:10+0300 INFO: Старт робота: D:\git_hack\rpa_hack\resource\de2760a1-be80-4c57-8e34-91e1aa11c44b\main.py
2026-05-24T02:29:43+0300 ERROR: D:\git_hack\rpa_hack\resource\de2760a1-be80-4c57-8e34-91e1aa11c44b\main.py Ошибка: При открытии страницы произошла ошибка. Детали ошибки:
 Ошибка загрузки поля ввода - //input[@placeholder='Поиск Ctrl+Shift+F']
 [WinError 1225] Удаленный компьютер отклонил это сетевое подключение
2026-05-24T02:30:05+0300 INFO: Старт робота: D:\git_hack\rpa_hack\resource\225acafe-68d6-4177-8a92-f3e924be6480\main.py
2026-05-24T02:30:46+0300 INFO: Старт робота: D:\git_hack\rpa_hack\resource\4253a87d-725d-4e19-9e90-915d88f56bc1\main.py
2026-05-24T02:32:12+0300 INFO: Завершение работы робота
2026-05-24T02:39:20+0300 INFO: Старт робота: D:\git_hack\rpa_hack\resource\1b715fbf-1ba5-4882-8f4e-5cb13609536d\main.py
2026-05-24T02:43:19+0300 INFO: Старт робота: D:\git_hack\rpa_hack\resource\0390ee00-ef71-472f-992b-d5a143658ade\main.py
2026-05-24T02:49:29+0300 INFO: Старт робота: D:\git_hack\rpa_hack\resource\a4bf543c-8d14-47b5-bb13-2ab6e25e2833\main.py
2026-05-24T02:52:12+0300 INFO: Старт робота: D:\git_hack\rpa_hack\resource\8e3972fa-e4e7-481a-a9cb-0e7ca1b11b4b\main.py
2026-05-24T02:56:22+0300 INFO: Старт робота: D:\git_hack\rpa_hack\resource\d8cdcc07-38d0-48c4-82c7-198990aabfb4\main.py
2026-05-24T02:56:54+0300 ERROR: D:\git_hack\rpa_hack\resource\d8cdcc07-38d0-48c4-82c7-198990aabfb4\main.py Ошибка: При открытии страницы произошла ошибка. Детали ошибки:
 Ошибка загрузки поля ввода - //input[@placeholder='Поиск Ctrl+Shift+F']
 [WinError 1225] Удаленный компьютер отклонил это сетевое подключение
2026-05-24T02:57:35+0300 INFO: Старт робота: D:\git_hack\rpa_hack\resource\d3b35475-5695-497e-a39d-b3d256753694\main.py
2026-05-24T02:58:12+0300 INFO: Старт робота: D:\git_hack\rpa_hack\resource\df2c4360-7fdf-408d-b5df-12671c0c67ab\main.py
2026-05-24T03:00:46+0300 INFO: Запуск процесса из студии разработки. D:\git_hack\rpa_hack\process\main.json
2026-05-24T03:00:51+0300 INFO: Старт робота: D:\git_hack\rpa_hack\resource\7db74675-c554-4e5e-af50-cf218a01b224\main.py
2026-05-24T03:03:05+0300 INFO: Завершение выполнения процесса. D:\git_hack\rpa_hack\process\main.json
2026-05-24T03:03:23+0300 INFO: Запуск процесса из студии разработки. D:\git_hack\rpa_hack\process\main.json
2026-05-24T03:03:28+0300 INFO: Старт робота: D:\git_hack\rpa_hack\resource\44beb471-3292-4da8-9e30-5dd575f9a312\main.py
2026-05-24T03:04:49+0300 INFO: Завершение выполнения процесса. D:\git_hack\rpa_hack\process\main.json
2026-05-24T03:04:52+0300 INFO: Запуск процесса из студии разработки. D:\git_hack\rpa_hack\process\main.json
2026-05-24T03:04:57+0300 INFO: Старт робота: D:\git_hack\rpa_hack\resource\b245788a-c4d4-48a5-9082-d500e361eef2\main.py
2026-05-24T03:07:52+0300 INFO: Завершение выполнения процесса. D:\git_hack\rpa_hack\process\main.json
2026-05-24T03:07:55+0300 INFO: Запуск процесса из студии разработки. D:\git_hack\rpa_hack\process\main.json
2026-05-24T03:08:00+0300 INFO: Старт робота: D:\git_hack\rpa_hack\resource\a43b7302-b53a-4b83-b6a5-aa1a58212b0c\main.py
2026-05-24T03:09:36+0300 INFO: Завершение работы робота
2026-05-24T03:09:36+0300 INFO: Завершение выполнения процесса. D:\git_hack\rpa_hack\process\main.json
2026-05-24T03:13:13+0300 INFO: Запуск процесса из студии разработки. D:\git_hack\rpa_hack\process\main.json
2026-05-24T03:13:18+0300 INFO: Старт робота: D:\git_hack\rpa_hack\resource\6297fd0c-729a-4a76-9a17-7e6cafe344cf\main.py
2026-05-24T03:14:25+0300 INFO: Завершение выполнения процесса. D:\git_hack\rpa_hack\process\main.json
2026-05-24T03:14:28+0300 INFO: Запуск процесса из студии разработки. D:\git_hack\rpa_hack\process\main.json
2026-05-24T03:14:33+0300 INFO: Старт робота: D:\git_hack\rpa_hack\resource\8813d154-10e1-47e2-a5bd-84306fc8a63c\main.py
2026-05-24T03:14:56+0300 ERROR: D:\git_hack\rpa_hack\resource\8813d154-10e1-47e2-a5bd-84306fc8a63c\main.py Ошибка: При открытии страницы произошла ошибка. Детали ошибки:
 Ошибка загрузки поля ввода - //input[@placeholder='Поиск Ctrl+Shift+F']
 [WinError 1225] Удаленный компьютер отклонил это сетевое подключение
2026-05-24T03:14:57+0300 ERROR: Завершение выполнения процесса. D:\git_hack\rpa_hack\process\main.json
2026-05-24T03:16:05+0300 INFO: Запуск процесса из студии разработки. D:\git_hack\rpa_hack\process\main.json
2026-05-24T03:16:10+0300 INFO: Старт робота: D:\git_hack\rpa_hack\resource\58dfa7c1-a809-4f9b-aab0-2df2e1909652\main.py
2026-05-24T03:16:59+0300 INFO: Завершение выполнения процесса. D:\git_hack\rpa_hack\process\main.json
2026-05-24T03:17:24+0300 INFO: Запуск процесса из студии разработки. D:\git_hack\rpa_hack\process\main.json
2026-05-24T03:17:30+0300 INFO: Старт робота: D:\git_hack\rpa_hack\resource\fa72f28c-30d6-44c3-b3e6-9ded6cbfd311\main.py
2026-05-24T03:18:48+0300 INFO: Завершение выполнения процесса. D:\git_hack\rpa_hack\process\main.json
2026-05-24T03:18:58+0300 INFO: Запуск процесса из студии разработки. D:\git_hack\rpa_hack\process\main.json
2026-05-24T03:19:03+0300 INFO: Старт робота: D:\git_hack\rpa_hack\resource\d97c7f4b-6770-48f9-a9bf-b5266099ac22\main.py
2026-05-24T03:19:22+0300 ERROR: D:\git_hack\rpa_hack\resource\d97c7f4b-6770-48f9-a9bf-b5266099ac22\main.py Ошибка: Ошибка загрузки формы авторизации. Детали ошибки:
 Элемент не найден по XPath: //input[@id='userName']
2026-05-24T03:19:27+0300 ERROR: Завершение выполнения процесса. D:\git_hack\rpa_hack\process\main.json
2026-05-24T03:19:35+0300 INFO: Запуск процесса из студии разработки. D:\git_hack\rpa_hack\process\main.json
2026-05-24T03:19:40+0300 INFO: Старт робота: D:\git_hack\rpa_hack\resource\5d0ee47e-155a-4042-a083-7b1701b13b84\main.py
2026-05-24T03:20:22+0300 ERROR: D:\git_hack\rpa_hack\resource\5d0ee47e-155a-4042-a083-7b1701b13b84\main.py Ошибка: Ошибка загрузки формы авторизации. Детали ошибки:
 Элемент не найден по XPath: //input[@id='userName']
2026-05-24T03:20:29+0300 ERROR: Завершение выполнения процесса. D:\git_hack\rpa_hack\process\main.json
2026-05-24T03:21:14+0300 INFO: Запуск процесса из студии разработки. D:\git_hack\rpa_hack\process\main.json
2026-05-24T03:21:21+0300 INFO: Старт робота: D:\git_hack\rpa_hack\resource\f9cccc88-48d3-4879-b86b-2a5154ac949c\main.py
2026-05-24T03:21:21+0300 ERROR: D:\git_hack\rpa_hack\resource\f9cccc88-48d3-4879-b86b-2a5154ac949c\main.py Ошибка: name 'web_actions' is not defined
2026-05-24T03:21:23+0300 ERROR: Завершение выполнения процесса. D:\git_hack\rpa_hack\process\main.json
2026-05-24T03:21:30+0300 INFO: Запуск процесса из студии разработки. D:\git_hack\rpa_hack\process\main.json
2026-05-24T03:21:35+0300 INFO: Старт робота: D:\git_hack\rpa_hack\resource\ecd7458d-a1d0-4d28-9fe8-d7487458f49b\main.py
2026-05-24T03:22:01+0300 ERROR: D:\git_hack\rpa_hack\resource\ecd7458d-a1d0-4d28-9fe8-d7487458f49b\main.py Ошибка: При открытии страницы произошла ошибка. Детали ошибки:
 Ошибка загрузки поля ввода - //input[@placeholder='Поиск Ctrl+Shift+F']
 [WinError 1225] Удаленный компьютер отклонил это сетевое подключение
2026-05-24T03:22:05+0300 ERROR: Завершение выполнения процесса. D:\git_hack\rpa_hack\process\main.json
2026-05-24T03:22:09+0300 INFO: Запуск процесса из студии разработки. D:\git_hack\rpa_hack\process\main.json
2026-05-24T03:22:14+0300 INFO: Старт робота: D:\git_hack\rpa_hack\resource\ab61c7e9-058d-416b-b907-fc75a3b3e88e\main.py
2026-05-24T03:24:22+0300 INFO: Завершение работы робота
2026-05-24T03:24:22+0300 INFO: Завершение выполнения процесса. D:\git_hack\rpa_hack\process\main.json
2026-05-24T03:25:14+0300 INFO: Запуск процесса из студии разработки. D:\git_hack\rpa_hack\process\main.json
2026-05-24T03:25:19+0300 INFO: Старт робота: D:\git_hack\rpa_hack\resource\2edb9dbc-e459-4628-988f-e16b705a7760\main.py
2026-05-24T03:27:00+0300 INFO: Завершение работы робота
2026-05-24T03:27:00+0300 INFO: Завершение выполнения процесса. D:\git_hack\rpa_hack\process\main.json
2026-05-24T03:27:37+0300 INFO: Запуск процесса из студии разработки. D:\git_hack\rpa_hack\process\main.json
2026-05-24T03:27:42+0300 INFO: Старт робота: D:\git_hack\rpa_hack\resource\1b4a01e2-90ab-47e9-a5b8-0c942a4f57d0\main.py
2026-05-24T03:29:27+0300 INFO: Завершение выполнения процесса. D:\git_hack\rpa_hack\process\main.json
2026-05-24T03:29:41+0300 INFO: Запуск процесса из студии разработки. D:\git_hack\rpa_hack\process\main.json
2026-05-24T03:29:47+0300 INFO: Старт робота: D:\git_hack\rpa_hack\resource\16eb9f26-6842-4697-bba4-95d819c1e5dc\main.py
2026-05-24T03:30:09+0300 INFO: Завершение выполнения процесса. D:\git_hack\rpa_hack\process\main.json
2026-05-24T03:30:11+0300 INFO: Запуск процесса из студии разработки. D:\git_hack\rpa_hack\process\main.json
2026-05-24T03:30:16+0300 INFO: Старт робота: D:\git_hack\rpa_hack\resource\d994f634-3b5d-47f5-8985-ebd247b3b551\main.py
2026-05-24T03:30:58+0300 ERROR: D:\git_hack\rpa_hack\resource\d994f634-3b5d-47f5-8985-ebd247b3b551\main.py Ошибка: При открытии страницы произошла ошибка. Детали ошибки:
 Ошибка загрузки поля ввода - //input[@placeholder='Поиск Ctrl+Shift+F']
 [WinError 1225] Удаленный компьютер отклонил это сетевое подключение
2026-05-24T03:31:01+0300 ERROR: Завершение выполнения процесса. D:\git_hack\rpa_hack\process\main.json
2026-05-24T03:31:04+0300 INFO: Запуск процесса из студии разработки. D:\git_hack\rpa_hack\process\main.json
2026-05-24T03:31:09+0300 INFO: Старт робота: D:\git_hack\rpa_hack\resource\5efffe3e-6e34-4516-9d40-d0d40f287b17\main.py
2026-05-24T03:31:33+0300 ERROR: D:\git_hack\rpa_hack\resource\5efffe3e-6e34-4516-9d40-d0d40f287b17\main.py Ошибка: При открытии страницы произошла ошибка. Детали ошибки:
 Ошибка загрузки поля ввода - //input[@placeholder='Поиск Ctrl+Shift+F']
 [WinError 1225] Удаленный компьютер отклонил это сетевое подключение
2026-05-24T03:31:35+0300 ERROR: Завершение выполнения процесса. D:\git_hack\rpa_hack\process\main.json
2026-05-24T03:31:40+0300 INFO: Запуск процесса из студии разработки. D:\git_hack\rpa_hack\process\main.json
2026-05-24T03:31:46+0300 INFO: Старт робота: D:\git_hack\rpa_hack\resource\c3b36828-1af7-4bcd-8480-0bd071012737\main.py
2026-05-24T03:32:07+0300 ERROR: D:\git_hack\rpa_hack\resource\c3b36828-1af7-4bcd-8480-0bd071012737\main.py Ошибка: При открытии страницы произошла ошибка. Детали ошибки:
 Ошибка загрузки поля ввода - //input[@placeholder='Поиск Ctrl+Shift+F']
 [WinError 1225] Удаленный компьютер отклонил это сетевое подключение
2026-05-24T03:32:09+0300 ERROR: Завершение выполнения процесса. D:\git_hack\rpa_hack\process\main.json
2026-05-24T03:32:23+0300 INFO: Запуск процесса из студии разработки. D:\git_hack\rpa_hack\process\main.json
2026-05-24T03:32:29+0300 INFO: Старт робота: D:\git_hack\rpa_hack\resource\194c65cb-fb29-41ce-a109-7b844e4a4acb\main.py
2026-05-24T03:34:35+0300 INFO: Завершение выполнения процесса. D:\git_hack\rpa_hack\process\main.json
2026-05-24T03:38:42+0300 INFO: Запуск процесса из студии разработки. D:\git_hack\rpa_hack\process\main.json
2026-05-24T03:38:47+0300 INFO: Старт робота: D:\git_hack\rpa_hack\resource\305bab3f-e6a4-44bb-98df-f7a875219554\main.py
2026-05-24T03:40:33+0300 ERROR: D:\git_hack\rpa_hack\resource\305bab3f-e6a4-44bb-98df-f7a875219554\main.py Ошибка: Невозможно найти кнопку: 'Создать'
2026-05-24T03:41:03+0300 ERROR: Завершение выполнения процесса. D:\git_hack\rpa_hack\process\main.json
2026-05-24T03:46:17+0300 INFO: Запуск процесса из студии разработки. D:\git_hack\rpa_hack\process\main.json
2026-05-24T03:46:22+0300 INFO: Старт робота: D:\git_hack\rpa_hack\resource\490bcced-3863-49f9-9ce9-f4934ee53f8e\main.py
2026-05-24T03:49:02+0300 INFO: Завершение работы робота: D:\git_hack\rpa_hack\resource\490bcced-3863-49f9-9ce9-f4934ee53f8e\main.py
2026-05-24T03:49:02+0300 INFO: Завершение выполнения процесса. D:\git_hack\rpa_hack\process\main.json
2026-05-24T03:50:26+0300 INFO: Запуск процесса из студии разработки. D:\git_hack\rpa_hack\process\main.json
2026-05-24T03:50:31+0300 INFO: Старт робота: D:\git_hack\rpa_hack\resource\397a8864-e99a-4f7f-8460-efc1782d4180\main.py
2026-05-24T03:53:12+0300 INFO: Завершение выполнения процесса. D:\git_hack\rpa_hack\process\main.json
2026-05-24T03:53:47+0300 INFO: Запуск процесса из студии разработки. D:\git_hack\rpa_hack\process\main.json
2026-05-24T03:53:53+0300 INFO: Старт робота: D:\git_hack\rpa_hack\resource\23e142a2-f9d5-413d-9c1e-b1d8d56e73e8\main.py
2026-05-24T03:56:46+0300 INFO: Завершение работы робота: D:\git_hack\rpa_hack\resource\23e142a2-f9d5-413d-9c1e-b1d8d56e73e8\main.py
2026-05-24T03:56:46+0300 INFO: Завершение выполнения процесса. D:\git_hack\rpa_hack\process\main.json
2026-05-24T03:59:53+0300 INFO: Запуск процесса из студии разработки. D:\git_hack\rpa_hack\process\main.json
2026-05-24T03:59:58+0300 INFO: Старт робота: D:\git_hack\rpa_hack\resource\881c7215-963e-4095-9aa2-c50fbfeae640\main.py
2026-05-24T04:00:01+0300 INFO: Завершение выполнения процесса. D:\git_hack\rpa_hack\process\main.json
2026-05-24T04:01:11+0300 INFO: Запуск процесса из студии разработки. D:\git_hack\rpa_hack\process\main.json
2026-05-24T04:01:16+0300 INFO: Старт робота: D:\git_hack\rpa_hack\resource\c3a38a1b-ec2e-4193-97cb-fa56449e8f38\main.py
2026-05-24T04:03:00+0300 ERROR: D:\git_hack\rpa_hack\resource\c3a38a1b-ec2e-4193-97cb-fa56449e8f38\main.py Ошибка: Ошибка загрузки элемента Плательщик:.
2026-05-24T04:03:12+0300 ERROR: Завершение выполнения процесса. D:\git_hack\rpa_hack\process\main.json
2026-05-24T04:06:00+0300 INFO: Запуск процесса из студии разработки. D:\git_hack\rpa_hack\process\main.json
2026-05-24T04:06:05+0300 INFO: Старт робота: D:\git_hack\rpa_hack\resource\a650a1e1-226b-4a24-af04-993b023468f5\main.py
2026-05-24T04:07:37+0300 ERROR: D:\git_hack\rpa_hack\resource\a650a1e1-226b-4a24-af04-993b023468f5\main.py Ошибка: Ошибка загрузки элемента Назначение платежа:.
2026-05-24T04:07:51+0300 ERROR: Завершение выполнения процесса. D:\git_hack\rpa_hack\process\main.json
2026-05-24T04:08:08+0300 INFO: Запуск процесса из студии разработки. D:\git_hack\rpa_hack\process\main.json
2026-05-24T04:08:14+0300 INFO: Старт робота: D:\git_hack\rpa_hack\resource\fd93320a-8271-4f94-8e0f-134b94e8cd3a\main.py
2026-05-24T04:10:49+0300 INFO: Завершение выполнения процесса. D:\git_hack\rpa_hack\process\main.json
2026-05-24T04:11:43+0300 INFO: Запуск процесса из студии разработки. D:\git_hack\rpa_hack\process\main.json
2026-05-24T04:11:49+0300 INFO: Старт робота: D:\git_hack\rpa_hack\resource\a6658b9c-ff75-4609-8c93-7296cfd9a439\main.py
2026-05-24T04:13:48+0300 INFO: Завершение выполнения процесса. D:\git_hack\rpa_hack\process\main.json
2026-05-24T04:15:36+0300 INFO: Запуск процесса из студии разработки. D:\git_hack\rpa_hack\process\main.json
2026-05-24T04:15:41+0300 INFO: Старт робота: D:\git_hack\rpa_hack\resource\5bd0ebf9-72c9-4fed-bacc-5b898aa74cfb\main.py
2026-05-24T04:17:45+0300 INFO: Завершение работы робота: D:\git_hack\rpa_hack\resource\5bd0ebf9-72c9-4fed-bacc-5b898aa74cfb\main.py
2026-05-24T04:17:45+0300 INFO: Завершение выполнения процесса. D:\git_hack\rpa_hack\process\main.json
2026-05-24T04:18:21+0300 INFO: Запуск процесса из студии разработки. D:\git_hack\rpa_hack\process\main.json
2026-05-24T04:18:26+0300 INFO: Старт робота: D:\git_hack\rpa_hack\resource\f0f5f6e5-0e27-441d-8178-764668add7e8\main.py
2026-05-24T04:20:19+0300 INFO: Завершение работы робота: D:\git_hack\rpa_hack\resource\f0f5f6e5-0e27-441d-8178-764668add7e8\main.py
2026-05-24T04:20:20+0300 INFO: Завершение выполнения процесса. D:\git_hack\rpa_hack\process\main.json
2026-05-24T04:21:22+0300 INFO: Запуск процесса из студии разработки. D:\git_hack\rpa_hack\process\main.json
2026-05-24T04:21:28+0300 INFO: Старт робота: D:\git_hack\rpa_hack\resource\c9700356-c312-4e10-8f5c-0afb6bc45e39\main.py
2026-05-24T04:21:30+0300 INFO: Завершение выполнения процесса. D:\git_hack\rpa_hack\process\main.json
2026-05-24T04:21:42+0300 INFO: Запуск процесса из студии разработки. D:\git_hack\rpa_hack\process\main.json
2026-05-24T04:21:47+0300 INFO: Старт робота: D:\git_hack\rpa_hack\resource\45e1de52-3261-4fba-bcf8-cc2128838dbb\main.py
2026-05-24T04:23:45+0300 INFO: Завершение работы робота: D:\git_hack\rpa_hack\resource\45e1de52-3261-4fba-bcf8-cc2128838dbb\main.py
2026-05-24T04:23:45+0300 INFO: Завершение выполнения процесса. D:\git_hack\rpa_hack\process\main.json
2026-05-24T04:33:16+0300 INFO: Запуск процесса из студии разработки. D:\git_hack\rpa_hack\process\main.json
2026-05-24T04:33:23+0300 INFO: Старт робота: D:\git_hack\rpa_hack\resource\2ee40c3c-efcd-476b-b5e5-b2daa5766bd8\main.py
2026-05-24T04:33:54+0300 ERROR: D:\git_hack\rpa_hack\resource\2ee40c3c-efcd-476b-b5e5-b2daa5766bd8\main.py Ошибка: [WinError 1225] Удаленный компьютер отклонил это сетевое подключение
2026-05-24T04:33:55+0300 ERROR: Завершение выполнения процесса. D:\git_hack\rpa_hack\process\main.json
2026-05-24T04:33:58+0300 INFO: Запуск процесса из студии разработки. D:\git_hack\rpa_hack\process\main.json
2026-05-24T04:34:05+0300 INFO: Старт робота: D:\git_hack\rpa_hack\resource\c8d54d20-ada8-4eef-90ec-6058dd8b52be\main.py
2026-05-24T04:34:36+0300 INFO: Завершение выполнения процесса. D:\git_hack\rpa_hack\process\main.json
2026-05-24T04:34:53+0300 INFO: Запуск процесса из студии разработки. D:\git_hack\rpa_hack\process\main.json
2026-05-24T04:34:59+0300 INFO: Старт робота: D:\git_hack\rpa_hack\resource\97d88b65-d8ca-48a1-a15c-09d7cead1456\main.py
2026-05-24T04:36:30+0300 ERROR: D:\git_hack\rpa_hack\resource\97d88b65-d8ca-48a1-a15c-09d7cead1456\main.py Ошибка: Failed to start the browser
2026-05-24T04:36:39+0300 ERROR: Завершение выполнения процесса. D:\git_hack\rpa_hack\process\main.json
2026-05-24T04:37:11+0300 INFO: Запуск процесса из студии разработки. D:\git_hack\rpa_hack\process\main.json
2026-05-24T04:37:16+0300 INFO: Старт робота: D:\git_hack\rpa_hack\resource\dddc0eba-b0fe-43bc-9307-cc80d716edb1\main.py
2026-05-24T04:39:11+0300 INFO: Завершение выполнения процесса. D:\git_hack\rpa_hack\process\main.json
2026-05-24T04:39:12+0300 INFO: Запуск процесса из студии разработки. D:\git_hack\rpa_hack\process\main.json
2026-05-24T04:39:17+0300 INFO: Старт робота: D:\git_hack\rpa_hack\resource\aded230b-f97d-4e25-a9d1-dba3052bb772\main.py
2026-05-24T04:41:15+0300 ERROR: D:\git_hack\rpa_hack\resource\aded230b-f97d-4e25-a9d1-dba3052bb772\main.py Ошибка: Ошибка загрузки элемента - Записать и закрыть.
 Детали ошибки: Не найден ни один элемент из списка xpaths
2026-05-24T04:41:18+0300 ERROR: Завершение выполнения процесса. D:\git_hack\rpa_hack\process\main.json
2026-05-24T04:43:16+0300 INFO: Запуск процесса из студии разработки. D:\git_hack\rpa_hack\process\main.json
2026-05-24T04:43:21+0300 INFO: Старт робота: D:\git_hack\rpa_hack\resource\44fcf060-ce1b-40ae-83f7-d56fd8fe2904\main.py
2026-05-24T04:44:50+0300 INFO: Завершение выполнения процесса. D:\git_hack\rpa_hack\process\main.json
2026-05-24T04:47:42+0300 INFO: Запуск процесса из студии разработки. D:\git_hack\rpa_hack\process\main.json
2026-05-24T04:47:48+0300 INFO: Старт робота: D:\git_hack\rpa_hack\resource\6fd2968b-27ce-4da2-9d54-fc76daad74f8\main.py
2026-05-24T04:49:00+0300 ERROR: D:\git_hack\rpa_hack\resource\6fd2968b-27ce-4da2-9d54-fc76daad74f8\main.py Ошибка: name 'web_actions' is not defined
2026-05-24T04:49:10+0300 ERROR: Завершение выполнения процесса. D:\git_hack\rpa_hack\process\main.json
2026-05-24T04:49:28+0300 INFO: Запуск процесса из студии разработки. D:\git_hack\rpa_hack\process\main.json
2026-05-24T04:49:33+0300 INFO: Старт робота: D:\git_hack\rpa_hack\resource\47a337ec-2161-4e4e-8def-e071dcbf4688\main.py
2026-05-24T04:51:00+0300 ERROR: D:\git_hack\rpa_hack\resource\47a337ec-2161-4e4e-8def-e071dcbf4688\main.py Ошибка: Ошибка загрузки элемента - Записать и закрыть.
 Детали ошибки: Не найден ни один элемент из списка xpaths
2026-05-24T04:51:09+0300 ERROR: Завершение выполнения процесса. D:\git_hack\rpa_hack\process\main.json
2026-05-24T04:54:03+0300 INFO: Запуск процесса из студии разработки. D:\git_hack\rpa_hack\process\main.json
2026-05-24T04:54:08+0300 INFO: Старт робота: D:\git_hack\rpa_hack\resource\8903f616-684f-4adf-a6db-bae616384afa\main.py
2026-05-24T04:55:35+0300 INFO: Завершение работы робота: D:\git_hack\rpa_hack\resource\8903f616-684f-4adf-a6db-bae616384afa\main.py
2026-05-24T04:55:36+0300 INFO: Завершение выполнения процесса. D:\git_hack\rpa_hack\process\main.json
2026-05-24T04:56:09+0300 INFO: Запуск процесса из студии разработки. D:\git_hack\rpa_hack\process\main.json
2026-05-24T04:56:15+0300 INFO: Старт робота: D:\git_hack\rpa_hack\resource\5fbc2654-152f-4962-a1c9-293566e76031\main.py
2026-05-24T04:57:46+0300 INFO: Завершение работы робота: D:\git_hack\rpa_hack\resource\5fbc2654-152f-4962-a1c9-293566e76031\main.py
2026-05-24T04:57:46+0300 INFO: Завершение выполнения процесса. D:\git_hack\rpa_hack\process\main.json
2026-05-24T05:00:36+0300 INFO: Запуск процесса из студии разработки. D:\git_hack\rpa_hack\process\main.json
2026-05-24T05:00:40+0300 INFO: Старт робота: D:\git_hack\rpa_hack\resource\d45bf1eb-4a29-41db-a670-4b87c57f322c\main.py
2026-05-24T05:03:06+0300 INFO: Завершение работы робота: D:\git_hack\rpa_hack\resource\d45bf1eb-4a29-41db-a670-4b87c57f322c\main.py
2026-05-24T05:03:07+0300 INFO: Завершение выполнения процесса. D:\git_hack\rpa_hack\process\main.json
2026-05-24T05:04:12+0300 INFO: Запуск процесса из студии разработки. D:\git_hack\rpa_hack\process\main.json
2026-05-24T05:04:17+0300 INFO: Старт робота: D:\git_hack\rpa_hack\resource\444f8c50-4e79-4ed6-973c-b4ce23572f70\main.py
2026-05-24T05:06:13+0300 INFO: Завершение выполнения процесса. D:\git_hack\rpa_hack\process\main.json
2026-05-24T05:06:19+0300 INFO: Запуск процесса из студии разработки. D:\git_hack\rpa_hack\process\main.json
2026-05-24T05:06:24+0300 INFO: Старт робота: D:\git_hack\rpa_hack\resource\bf41ca71-0cba-4d09-b1d3-135ec5aa4d3f\main.py
2026-05-24T05:08:37+0300 INFO: Завершение работы робота: D:\git_hack\rpa_hack\resource\bf41ca71-0cba-4d09-b1d3-135ec5aa4d3f\main.py
2026-05-24T05:08:37+0300 INFO: Завершение выполнения процесса. D:\git_hack\rpa_hack\process\main.json
2026-05-24T05:14:47+0300 INFO: Запуск процесса из студии разработки. D:\git_hack\rpa_hack\process\main.json
2026-05-24T05:14:51+0300 INFO: Старт робота: D:\git_hack\rpa_hack\resource\0f71dcc1-0e46-4102-befc-a2beee667bbb\main.py
2026-05-24T05:16:30+0300 INFO: Завершение выполнения процесса. D:\git_hack\rpa_hack\process\main.json
2026-05-24T05:46:47+0300 INFO: Запуск процесса из студии разработки. D:\git_hack\rpa_hack\process\main.json
2026-05-24T05:46:53+0300 INFO: Старт робота: D:\git_hack\rpa_hack\resource\d4d5e3f8-2308-45f3-b51c-7b2ff17cfa0f\main.py
2026-05-24T05:47:31+0300 INFO: Завершение выполнения процесса. D:\git_hack\rpa_hack\process\main.json
2026-05-24T05:47:44+0300 INFO: Запуск процесса из студии разработки. D:\git_hack\rpa_hack\process\main.json
2026-05-24T05:47:51+0300 INFO: Старт робота: D:\git_hack\rpa_hack\resource\1c9bc638-db6e-4b51-a933-2946bfebd3e1\main.py
2026-05-24T05:47:52+0300 WARNING: D:\git_hack\rpa_hack\resource\1c9bc638-db6e-4b51-a933-2946bfebd3e1\main.py В входном файле дата была пустая. Ей присвоено текущая дата
2026-05-24T05:48:02+0300 ERROR: D:\git_hack\rpa_hack\resource\1c9bc638-db6e-4b51-a933-2946bfebd3e1\main.py В входном файле сумма была пустая. Процесс  будет остановлен
2026-05-24T05:48:13+0300 WARNING: D:\git_hack\rpa_hack\resource\1c9bc638-db6e-4b51-a933-2946bfebd3e1\main.py В входном файле назначение было пустым. Присвоено значение оплата счетов
2026-05-24T05:48:16+0300 ERROR: D:\git_hack\rpa_hack\resource\1c9bc638-db6e-4b51-a933-2946bfebd3e1\main.py В входном файле инн был пустым. Процесс  будет остановлен
2026-05-24T05:48:20+0300 ERROR: D:\git_hack\rpa_hack\resource\1c9bc638-db6e-4b51-a933-2946bfebd3e1\main.py В входном файле расчетый счет пустой. Процесс  будет остановлен
2026-05-24T05:48:23+0300 ERROR: D:\git_hack\rpa_hack\resource\1c9bc638-db6e-4b51-a933-2946bfebd3e1\main.py В входном файле организация пустая. Процесс  будет остановлен
2026-05-24T05:48:28+0300 ERROR: D:\git_hack\rpa_hack\resource\1c9bc638-db6e-4b51-a933-2946bfebd3e1\main.py Ошибка: name 'web_actions' is not defined
2026-05-24T05:48:32+0300 INFO: Завершение выполнения процесса. D:\git_hack\rpa_hack\process\main.json
2026-05-24T05:54:29+0300 INFO: Запуск процесса из студии разработки. D:\git_hack\rpa_hack\process\main.json
2026-05-24T05:54:30+0300 INFO: Запуск процесса из студии разработки. D:\git_hack\rpa_hack\process\main.json
2026-05-24T05:54:36+0300 INFO: Старт робота: D:\git_hack\rpa_hack\resource\003f546e-f200-468a-92d8-0bdcf7186ab6\main.py
2026-05-24T05:54:36+0300 INFO: Старт робота: D:\git_hack\rpa_hack\resource\f4792307-625d-4ae5-987f-f07f92dc55b8\main.py
2026-05-24T05:54:37+0300 INFO: D:\git_hack\rpa_hack\resource\003f546e-f200-468a-92d8-0bdcf7186ab6\main.py Таблица из excel была прочитана
2026-05-24T05:54:37+0300 INFO: D:\git_hack\rpa_hack\resource\f4792307-625d-4ae5-987f-f07f92dc55b8\main.py Таблица из excel была прочитана
2026-05-24T05:55:41+0300 INFO: Завершение выполнения процесса. D:\git_hack\rpa_hack\process\main.json
2026-05-24T05:55:47+0300 INFO: Завершение выполнения процесса. D:\git_hack\rpa_hack\process\main.json
2026-05-24T05:56:18+0300 INFO: Запуск процесса из студии разработки. D:\git_hack\rpa_hack\process\main.json
2026-05-24T05:56:23+0300 INFO: Старт робота: D:\git_hack\rpa_hack\resource\fcaa9e9a-06b9-4f4c-8755-c2fc84813718\main.py
2026-05-24T05:56:23+0300 INFO: D:\git_hack\rpa_hack\resource\fcaa9e9a-06b9-4f4c-8755-c2fc84813718\main.py Таблица из excel была прочитана
2026-05-24T05:56:38+0300 INFO: Завершение выполнения процесса. D:\git_hack\rpa_hack\process\main.json
2026-05-24T05:57:12+0300 INFO: Запуск процесса из студии разработки. D:\git_hack\rpa_hack\process\main.json
2026-05-24T05:57:18+0300 INFO: Старт робота: D:\git_hack\rpa_hack\resource\bf1ff258-db9f-49d3-a1d9-4717ba49d176\main.py
2026-05-24T05:57:18+0300 INFO: D:\git_hack\rpa_hack\resource\bf1ff258-db9f-49d3-a1d9-4717ba49d176\main.py Таблица из excel была прочитана
2026-05-24T05:57:40+0300 INFO: D:\git_hack\rpa_hack\resource\bf1ff258-db9f-49d3-a1d9-4717ba49d176\main.py Ввод логина прошел успешно
2026-05-24T05:57:40+0300 INFO: D:\git_hack\rpa_hack\resource\bf1ff258-db9f-49d3-a1d9-4717ba49d176\main.py Ввод пароля прошел успешно
2026-05-24T05:57:41+0300 ERROR: D:\git_hack\rpa_hack\resource\bf1ff258-db9f-49d3-a1d9-4717ba49d176\main.py Был введен неправильный инн. Процесс  будет остановлен
2026-05-24T06:00:02+0300 ERROR: D:\git_hack\rpa_hack\resource\bf1ff258-db9f-49d3-a1d9-4717ba49d176\main.py Был введен неправильный инн. Процесс  будет остановлен
2026-05-24T06:01:02+0300 INFO: Завершение выполнения процесса. D:\git_hack\rpa_hack\process\main.json
2026-05-24T06:03:58+0300 INFO: Запуск процесса из студии разработки. D:\git_hack\rpa_hack\process\main.json
2026-05-24T06:04:03+0300 INFO: Старт робота: D:\git_hack\rpa_hack\resource\cc0887e0-9daa-44d8-b983-779e96a1b029\main.py
2026-05-24T06:04:04+0300 INFO: D:\git_hack\rpa_hack\resource\cc0887e0-9daa-44d8-b983-779e96a1b029\main.py Таблица из excel была прочитана
2026-05-24T06:04:25+0300 INFO: D:\git_hack\rpa_hack\resource\cc0887e0-9daa-44d8-b983-779e96a1b029\main.py Ввод логина прошел успешно
2026-05-24T06:04:25+0300 INFO: D:\git_hack\rpa_hack\resource\cc0887e0-9daa-44d8-b983-779e96a1b029\main.py Ввод пароля прошел успешно
2026-05-24T06:04:26+0300 ERROR: D:\git_hack\rpa_hack\resource\cc0887e0-9daa-44d8-b983-779e96a1b029\main.py Был введен неправильный инн. Процесс  будет остановлен
2026-05-24T06:07:51+0300 ERROR: D:\git_hack\rpa_hack\resource\cc0887e0-9daa-44d8-b983-779e96a1b029\main.py Ошибка: При закрытие страницы произошла ошибка. Детали ошибки:
 Ошибка загрузки элемента - ("//div[@id='page1']//span[@id='VW_page1headerTopLine_cmd_CloseButton' and @title='Закрыть']", "//*[@id='page1_cmd_close']")
 Элемент не найден по XPath: //div[@id='page1']//span[@id='VW_page1headerTopLine_cmd_CloseButton' and @title='Закрыть']
2026-05-24T06:08:13+0300 ERROR: Завершение выполнения процесса. D:\git_hack\rpa_hack\process\main.json
2026-05-24T06:08:23+0300 INFO: Запуск процесса из студии разработки. D:\git_hack\rpa_hack\process\main.json
2026-05-24T06:08:28+0300 INFO: Старт робота: D:\git_hack\rpa_hack\resource\f0fa04e6-d3ec-4c41-bddc-d1e44ca76bbf\main.py
2026-05-24T06:08:28+0300 INFO: D:\git_hack\rpa_hack\resource\f0fa04e6-d3ec-4c41-bddc-d1e44ca76bbf\main.py Таблица из excel была прочитана
2026-05-24T06:08:50+0300 INFO: D:\git_hack\rpa_hack\resource\f0fa04e6-d3ec-4c41-bddc-d1e44ca76bbf\main.py Ввод логина прошел успешно
2026-05-24T06:08:50+0300 INFO: D:\git_hack\rpa_hack\resource\f0fa04e6-d3ec-4c41-bddc-d1e44ca76bbf\main.py Ввод пароля прошел успешно
2026-05-24T06:08:50+0300 ERROR: D:\git_hack\rpa_hack\resource\f0fa04e6-d3ec-4c41-bddc-d1e44ca76bbf\main.py Был введен неправильный инн. Процесс  будет остановлен
2026-05-24T06:11:11+0300 ERROR: D:\git_hack\rpa_hack\resource\f0fa04e6-d3ec-4c41-bddc-d1e44ca76bbf\main.py Был введен неправильный инн. Процесс  будет остановлен
2026-05-24T06:13:15+0300 INFO: Завершение выполнения процесса. D:\git_hack\rpa_hack\process\main.json
2026-05-24T06:15:43+0300 INFO: Запуск процесса из студии разработки. D:\git_hack\rpa_hack\process\main.json
2026-05-24T06:15:49+0300 INFO: Старт робота: D:\git_hack\rpa_hack\resource\5bde45a0-44cb-41ed-aca6-b3a96b06cd49\main.py
2026-05-24T06:15:49+0300 INFO: D:\git_hack\rpa_hack\resource\5bde45a0-44cb-41ed-aca6-b3a96b06cd49\main.py Таблица из excel была прочитана
2026-05-24T06:16:11+0300 INFO: D:\git_hack\rpa_hack\resource\5bde45a0-44cb-41ed-aca6-b3a96b06cd49\main.py Ввод логина прошел успешно
2026-05-24T06:16:11+0300 INFO: D:\git_hack\rpa_hack\resource\5bde45a0-44cb-41ed-aca6-b3a96b06cd49\main.py Ввод пароля прошел успешно
2026-05-24T06:16:11+0300 ERROR: D:\git_hack\rpa_hack\resource\5bde45a0-44cb-41ed-aca6-b3a96b06cd49\main.py Был введен неправильный инн. Процесс  будет остановлен
2026-05-24T06:18:30+0300 ERROR: D:\git_hack\rpa_hack\resource\5bde45a0-44cb-41ed-aca6-b3a96b06cd49\main.py Был введен неправильный инн. Процесс  будет остановлен
2026-05-24T06:19:26+0300 ERROR: D:\git_hack\rpa_hack\resource\5bde45a0-44cb-41ed-aca6-b3a96b06cd49\main.py Ошибка: При открытии страницы произошла ошибка. Детали ошибки:
 Ошибка загрузки истории ввода.
2026-05-24T06:19:28+0300 ERROR: Завершение выполнения процесса. D:\git_hack\rpa_hack\process\main.json
2026-05-24T06:19:34+0300 INFO: Запуск процесса из студии разработки. D:\git_hack\rpa_hack\process\main.json
2026-05-24T06:19:39+0300 INFO: Старт робота: D:\git_hack\rpa_hack\resource\a452f547-380f-4a6f-a39b-1ab5cf9c97b1\main.py
2026-05-24T06:19:39+0300 INFO: Завершение выполнения процесса. D:\git_hack\rpa_hack\process\main.json
2026-05-24T06:19:53+0300 INFO: Запуск процесса из студии разработки. D:\git_hack\rpa_hack\process\main.json
2026-05-24T06:19:58+0300 INFO: Старт робота: D:\git_hack\rpa_hack\resource\0b8b5b2c-514b-4ef2-bdc4-07fbb2b45d26\main.py
2026-05-24T06:19:58+0300 INFO: D:\git_hack\rpa_hack\resource\0b8b5b2c-514b-4ef2-bdc4-07fbb2b45d26\main.py Таблица из excel была прочитана
2026-05-24T06:20:20+0300 INFO: D:\git_hack\rpa_hack\resource\0b8b5b2c-514b-4ef2-bdc4-07fbb2b45d26\main.py Ввод логина прошел успешно
2026-05-24T06:20:20+0300 INFO: D:\git_hack\rpa_hack\resource\0b8b5b2c-514b-4ef2-bdc4-07fbb2b45d26\main.py Ввод пароля прошел успешно
2026-05-24T06:20:21+0300 ERROR: D:\git_hack\rpa_hack\resource\0b8b5b2c-514b-4ef2-bdc4-07fbb2b45d26\main.py Был введен неправильный инн. Процесс  будет остановлен
2026-05-24T06:21:36+0300 ERROR: D:\git_hack\rpa_hack\resource\0b8b5b2c-514b-4ef2-bdc4-07fbb2b45d26\main.py Был введен неправильный инн. Процесс  будет остановлен
2026-05-24T06:21:53+0300 INFO: Завершение выполнения процесса. D:\git_hack\rpa_hack\process\main.json
2026-05-24T06:22:36+0300 INFO: Запуск процесса из студии разработки. D:\git_hack\rpa_hack\process\main.json
2026-05-24T06:22:41+0300 INFO: Старт робота: D:\git_hack\rpa_hack\resource\50f3867c-1062-48ab-b77d-20c39e7fea12\main.py
2026-05-24T06:22:41+0300 INFO: D:\git_hack\rpa_hack\resource\50f3867c-1062-48ab-b77d-20c39e7fea12\main.py Таблица из excel была прочитана
2026-05-24T06:23:04+0300 INFO: D:\git_hack\rpa_hack\resource\50f3867c-1062-48ab-b77d-20c39e7fea12\main.py Ввод логина прошел успешно
2026-05-24T06:23:04+0300 INFO: D:\git_hack\rpa_hack\resource\50f3867c-1062-48ab-b77d-20c39e7fea12\main.py Ввод пароля прошел успешно
2026-05-24T06:23:04+0300 ERROR: D:\git_hack\rpa_hack\resource\50f3867c-1062-48ab-b77d-20c39e7fea12\main.py Был введен неправильный инн. Процесс  будет остановлен
2026-05-24T06:24:18+0300 ERROR: D:\git_hack\rpa_hack\resource\50f3867c-1062-48ab-b77d-20c39e7fea12\main.py Был введен неправильный инн. Процесс  будет остановлен
2026-05-24T06:25:07+0300 INFO: Завершение работы робота: D:\git_hack\rpa_hack\resource\50f3867c-1062-48ab-b77d-20c39e7fea12\main.py
2026-05-24T06:25:07+0300 INFO: Завершение выполнения процесса. D:\git_hack\rpa_hack\process\main.json
2026-05-24T06:25:20+0300 INFO: Запуск процесса из студии разработки. D:\git_hack\rpa_hack\process\main.json
2026-05-24T06:25:26+0300 INFO: Старт робота: D:\git_hack\rpa_hack\resource\336d284d-497f-4636-9d07-9cf0496e8be6\main.py
2026-05-24T06:25:26+0300 INFO: D:\git_hack\rpa_hack\resource\336d284d-497f-4636-9d07-9cf0496e8be6\main.py Таблица из excel была прочитана
2026-05-24T06:25:48+0300 INFO: D:\git_hack\rpa_hack\resource\336d284d-497f-4636-9d07-9cf0496e8be6\main.py Ввод логина прошел успешно
2026-05-24T06:25:48+0300 INFO: D:\git_hack\rpa_hack\resource\336d284d-497f-4636-9d07-9cf0496e8be6\main.py Ввод пароля прошел успешно
2026-05-24T06:25:49+0300 ERROR: D:\git_hack\rpa_hack\resource\336d284d-497f-4636-9d07-9cf0496e8be6\main.py Был введен неправильный инн. Процесс  будет остановлен
2026-05-24T06:27:15+0300 INFO: Завершение выполнения процесса. D:\git_hack\rpa_hack\process\main.json
2026-05-24T06:27:25+0300 INFO: Запуск процесса из студии разработки. D:\git_hack\rpa_hack\process\main.json
2026-05-24T06:27:30+0300 INFO: Старт робота: D:\git_hack\rpa_hack\resource\77dd176d-1a33-404b-becb-15444dffc218\main.py
2026-05-24T06:27:30+0300 INFO: D:\git_hack\rpa_hack\resource\77dd176d-1a33-404b-becb-15444dffc218\main.py Таблица из excel была прочитана
2026-05-24T06:27:52+0300 INFO: D:\git_hack\rpa_hack\resource\77dd176d-1a33-404b-becb-15444dffc218\main.py Ввод логина прошел успешно
2026-05-24T06:27:52+0300 INFO: D:\git_hack\rpa_hack\resource\77dd176d-1a33-404b-becb-15444dffc218\main.py Ввод пароля прошел успешно
2026-05-24T06:27:53+0300 ERROR: D:\git_hack\rpa_hack\resource\77dd176d-1a33-404b-becb-15444dffc218\main.py Был введен неправильный инн. Процесс  будет остановлен
2026-05-24T06:30:09+0300 ERROR: D:\git_hack\rpa_hack\resource\77dd176d-1a33-404b-becb-15444dffc218\main.py Был введен неправильный инн. Процесс  будет остановлен
2026-05-24T06:31:32+0300 INFO: Завершение работы робота: D:\git_hack\rpa_hack\resource\77dd176d-1a33-404b-becb-15444dffc218\main.py
2026-05-24T06:31:33+0300 INFO: Завершение выполнения процесса. D:\git_hack\rpa_hack\process\main.json
2026-05-24T10:17:21+0300 INFO: Запуск процесса из студии разработки. E:\Univercity\Puzzle\Hackaton_Case_1\process\main.json
2026-05-24T10:17:39+0300 INFO: Старт робота: E:\Univercity\Puzzle\Hackaton_Case_1\resource\b0c1cdcc-53c9-44dc-9ceb-0d4f90eb2c4c\main.py
2026-05-24T10:17:41+0300 INFO: E:\Univercity\Puzzle\Hackaton_Case_1\resource\b0c1cdcc-53c9-44dc-9ceb-0d4f90eb2c4c\main.py Таблица из excel была прочитана
2026-05-24T10:17:51+0300 INFO: E:\Univercity\Puzzle\Hackaton_Case_1\resource\b0c1cdcc-53c9-44dc-9ceb-0d4f90eb2c4c\main.py Ввод логина прошел успешно
2026-05-24T10:17:51+0300 INFO: E:\Univercity\Puzzle\Hackaton_Case_1\resource\b0c1cdcc-53c9-44dc-9ceb-0d4f90eb2c4c\main.py Ввод пароля прошел успешно
2026-05-24T10:17:52+0300 ERROR: E:\Univercity\Puzzle\Hackaton_Case_1\resource\b0c1cdcc-53c9-44dc-9ceb-0d4f90eb2c4c\main.py Был введен неправильный инн. Процесс  будет остановлен
2026-05-24T10:19:26+0300 ERROR: E:\Univercity\Puzzle\Hackaton_Case_1\resource\b0c1cdcc-53c9-44dc-9ceb-0d4f90eb2c4c\main.py Был введен неправильный инн. Процесс  будет остановлен
2026-05-24T10:19:56+0300 INFO: Завершение выполнения процесса. E:\Univercity\Puzzle\Hackaton_Case_1\process\main.json
2026-05-24T10:24:08+0300 INFO: Запуск процесса из студии разработки. E:\Univercity\Puzzle\Hackaton_Case_1\process\main.json
2026-05-24T10:24:16+0300 INFO: Старт робота: E:\Univercity\Puzzle\Hackaton_Case_1\resource\59298f9a-0fdf-440a-8183-5db3b5a1e801\main.py
2026-05-24T10:24:16+0300 INFO: E:\Univercity\Puzzle\Hackaton_Case_1\resource\59298f9a-0fdf-440a-8183-5db3b5a1e801\main.py Таблица из excel была прочитана
2026-05-24T10:24:16+0300 ERROR: E:\Univercity\Puzzle\Hackaton_Case_1\resource\59298f9a-0fdf-440a-8183-5db3b5a1e801\main.py Ошибка: cannot access local variable 'date' where it is not associated with a value
2026-05-24T10:24:20+0300 ERROR: Завершение выполнения процесса. E:\Univercity\Puzzle\Hackaton_Case_1\process\main.json
2026-05-24T10:24:26+0300 INFO: Запуск процесса из студии разработки. E:\Univercity\Puzzle\Hackaton_Case_1\process\main.json
2026-05-24T10:24:31+0300 INFO: Старт робота: E:\Univercity\Puzzle\Hackaton_Case_1\resource\c97ea416-f256-4e78-8ac8-4218f3c12e27\main.py
2026-05-24T10:24:32+0300 INFO: E:\Univercity\Puzzle\Hackaton_Case_1\resource\c97ea416-f256-4e78-8ac8-4218f3c12e27\main.py Таблица из excel была прочитана
2026-05-24T10:24:53+0300 ERROR: E:\Univercity\Puzzle\Hackaton_Case_1\resource\c97ea416-f256-4e78-8ac8-4218f3c12e27\main.py Был введен неправильный инн. Процесс  будет остановлен
2026-05-24T10:24:53+0300 ERROR: E:\Univercity\Puzzle\Hackaton_Case_1\resource\c97ea416-f256-4e78-8ac8-4218f3c12e27\main.py Ошибка: name 'web_actions' is not defined
2026-05-24T10:24:55+0300 INFO: Завершение выполнения процесса. E:\Univercity\Puzzle\Hackaton_Case_1\process\main.json
2026-05-24T10:26:26+0300 INFO: Запуск процесса из студии разработки. E:\Univercity\Puzzle\Hackaton_Case_1\process\main.json
2026-05-24T10:26:31+0300 INFO: Старт робота: E:\Univercity\Puzzle\Hackaton_Case_1\resource\19154822-be24-42d5-9c6d-018db3a2ee2d\main.py
2026-05-24T10:26:31+0300 INFO: E:\Univercity\Puzzle\Hackaton_Case_1\resource\19154822-be24-42d5-9c6d-018db3a2ee2d\main.py Таблица из excel была прочитана
2026-05-24T10:26:35+0300 INFO: Завершение выполнения процесса. E:\Univercity\Puzzle\Hackaton_Case_1\process\main.json
2026-05-24T10:37:08+0300 INFO: Запуск процесса из студии разработки. E:\Univercity\Puzzle\Hackaton_Case_1\process\main.json
2026-05-24T10:37:11+0300 INFO: Завершение выполнения процесса. E:\Univercity\Puzzle\Hackaton_Case_1\process\main.json
2026-05-24T10:37:15+0300 INFO: Запуск процесса из студии разработки. E:\Univercity\Puzzle\Hackaton_Case_1\process\main.json
2026-05-24T10:37:20+0300 INFO: Старт робота: E:\Univercity\Puzzle\Hackaton_Case_1\resource\23c89412-a0fd-4b41-a492-b8c96e9bfa21\main.py
2026-05-24T10:37:21+0300 INFO: E:\Univercity\Puzzle\Hackaton_Case_1\resource\23c89412-a0fd-4b41-a492-b8c96e9bfa21\main.py Таблица из excel была прочитана
2026-05-24T10:37:30+0300 INFO: E:\Univercity\Puzzle\Hackaton_Case_1\resource\23c89412-a0fd-4b41-a492-b8c96e9bfa21\main.py Ввод логина прошел успешно
2026-05-24T10:37:31+0300 INFO: E:\Univercity\Puzzle\Hackaton_Case_1\resource\23c89412-a0fd-4b41-a492-b8c96e9bfa21\main.py Ввод пароля прошел успешно
2026-05-24T10:37:31+0300 ERROR: E:\Univercity\Puzzle\Hackaton_Case_1\resource\23c89412-a0fd-4b41-a492-b8c96e9bfa21\main.py Был введен неправильный инн. Процесс  будет остановлен
2026-05-24T10:39:03+0300 ERROR: E:\Univercity\Puzzle\Hackaton_Case_1\resource\23c89412-a0fd-4b41-a492-b8c96e9bfa21\main.py Был введен неправильный инн. Процесс  будет остановлен
2026-05-24T10:39:06+0300 INFO: Завершение выполнения процесса. E:\Univercity\Puzzle\Hackaton_Case_1\process\main.json
2026-05-24T10:39:29+0300 INFO: Запуск процесса из студии разработки. E:\Univercity\Puzzle\Hackaton_Case_1\process\main.json
2026-05-24T10:39:34+0300 INFO: Старт робота: E:\Univercity\Puzzle\Hackaton_Case_1\resource\37c2843c-cf6c-4fde-b6dd-ba6278576f71\main.py
2026-05-24T10:39:34+0300 INFO: E:\Univercity\Puzzle\Hackaton_Case_1\resource\37c2843c-cf6c-4fde-b6dd-ba6278576f71\main.py Таблица из excel была прочитана
2026-05-24T10:39:44+0300 INFO: E:\Univercity\Puzzle\Hackaton_Case_1\resource\37c2843c-cf6c-4fde-b6dd-ba6278576f71\main.py Ввод логина прошел успешно
2026-05-24T10:39:44+0300 INFO: E:\Univercity\Puzzle\Hackaton_Case_1\resource\37c2843c-cf6c-4fde-b6dd-ba6278576f71\main.py Ввод пароля прошел успешно
2026-05-24T10:39:45+0300 ERROR: E:\Univercity\Puzzle\Hackaton_Case_1\resource\37c2843c-cf6c-4fde-b6dd-ba6278576f71\main.py Был введен неправильный инн. Процесс  будет остановлен
2026-05-24T10:41:00+0300 INFO: Завершение выполнения процесса. E:\Univercity\Puzzle\Hackaton_Case_1\process\main.json
2026-05-24T10:44:14+0300 INFO: Запуск процесса из студии разработки. E:\Univercity\Puzzle\Hackaton_Case_1\process\main.json
2026-05-24T10:44:19+0300 INFO: Старт робота: E:\Univercity\Puzzle\Hackaton_Case_1\resource\e4cb41d4-6a37-45de-ad68-b216e90c4786\main.py
2026-05-24T10:44:19+0300 INFO: E:\Univercity\Puzzle\Hackaton_Case_1\resource\e4cb41d4-6a37-45de-ad68-b216e90c4786\main.py Таблица из excel была прочитана
2026-05-24T10:44:29+0300 INFO: E:\Univercity\Puzzle\Hackaton_Case_1\resource\e4cb41d4-6a37-45de-ad68-b216e90c4786\main.py Ввод логина прошел успешно
2026-05-24T10:44:29+0300 INFO: E:\Univercity\Puzzle\Hackaton_Case_1\resource\e4cb41d4-6a37-45de-ad68-b216e90c4786\main.py Ввод пароля прошел успешно
2026-05-24T10:44:29+0300 ERROR: E:\Univercity\Puzzle\Hackaton_Case_1\resource\e4cb41d4-6a37-45de-ad68-b216e90c4786\main.py Был введен неправильный инн. Процесс  будет остановлен
2026-05-24T10:46:01+0300 ERROR: E:\Univercity\Puzzle\Hackaton_Case_1\resource\e4cb41d4-6a37-45de-ad68-b216e90c4786\main.py Ошибка: Ошибка загрузки элемента - Договор:.
 Детали ошибки: 'result'
2026-05-24T10:46:26+0300 ERROR: Завершение выполнения процесса. E:\Univercity\Puzzle\Hackaton_Case_1\process\main.json
2026-05-24T10:50:43+0300 INFO: Запуск процесса из студии разработки. E:\Univercity\Puzzle\Hackaton_Case_1\process\main.json
2026-05-24T10:50:48+0300 INFO: Старт робота: E:\Univercity\Puzzle\Hackaton_Case_1\resource\6d768447-6f9d-491f-bac5-74593ca647a3\main.py
2026-05-24T10:50:48+0300 INFO: E:\Univercity\Puzzle\Hackaton_Case_1\resource\6d768447-6f9d-491f-bac5-74593ca647a3\main.py Таблица из excel была прочитана
2026-05-24T10:50:58+0300 INFO: E:\Univercity\Puzzle\Hackaton_Case_1\resource\6d768447-6f9d-491f-bac5-74593ca647a3\main.py Ввод логина прошел успешно
2026-05-24T10:50:58+0300 INFO: E:\Univercity\Puzzle\Hackaton_Case_1\resource\6d768447-6f9d-491f-bac5-74593ca647a3\main.py Ввод пароля прошел успешно
2026-05-24T10:50:59+0300 ERROR: E:\Univercity\Puzzle\Hackaton_Case_1\resource\6d768447-6f9d-491f-bac5-74593ca647a3\main.py Был введен неправильный инн. Процесс  будет остановлен
2026-05-24T10:52:25+0300 ERROR: E:\Univercity\Puzzle\Hackaton_Case_1\resource\6d768447-6f9d-491f-bac5-74593ca647a3\main.py Ошибка: Ошибка загрузки элемента - Договор:.
 Детали ошибки: 'result'
2026-05-24T10:52:31+0300 ERROR: Завершение выполнения процесса. E:\Univercity\Puzzle\Hackaton_Case_1\process\main.json
2026-05-24T10:52:37+0300 INFO: Запуск процесса из студии разработки. E:\Univercity\Puzzle\Hackaton_Case_1\process\main.json
2026-05-24T10:52:42+0300 INFO: Старт робота: E:\Univercity\Puzzle\Hackaton_Case_1\resource\2e66f67f-11e8-4d00-9765-6cb9e8408b15\main.py
2026-05-24T10:52:42+0300 INFO: E:\Univercity\Puzzle\Hackaton_Case_1\resource\2e66f67f-11e8-4d00-9765-6cb9e8408b15\main.py Таблица из excel была прочитана
2026-05-24T10:52:52+0300 INFO: E:\Univercity\Puzzle\Hackaton_Case_1\resource\2e66f67f-11e8-4d00-9765-6cb9e8408b15\main.py Ввод логина прошел успешно
2026-05-24T10:52:52+0300 INFO: E:\Univercity\Puzzle\Hackaton_Case_1\resource\2e66f67f-11e8-4d00-9765-6cb9e8408b15\main.py Ввод пароля прошел успешно
2026-05-24T10:52:52+0300 ERROR: E:\Univercity\Puzzle\Hackaton_Case_1\resource\2e66f67f-11e8-4d00-9765-6cb9e8408b15\main.py Был введен неправильный инн. Процесс  будет остановлен
2026-05-24T10:54:17+0300 ERROR: E:\Univercity\Puzzle\Hackaton_Case_1\resource\2e66f67f-11e8-4d00-9765-6cb9e8408b15\main.py Ошибка: Ошибка загрузки элемента - оговор:.
 Детали ошибки: 'result'
2026-05-24T10:54:34+0300 ERROR: Завершение выполнения процесса. E:\Univercity\Puzzle\Hackaton_Case_1\process\main.json
2026-05-24T10:56:14+0300 INFO: Запуск процесса из студии разработки. E:\Univercity\Puzzle\Hackaton_Case_1\process\main.json
2026-05-24T10:56:20+0300 INFO: Старт робота: E:\Univercity\Puzzle\Hackaton_Case_1\resource\37e891b1-d7da-483e-9efc-9a1bbfbd8dfe\main.py
2026-05-24T10:56:21+0300 INFO: E:\Univercity\Puzzle\Hackaton_Case_1\resource\37e891b1-d7da-483e-9efc-9a1bbfbd8dfe\main.py Таблица из excel была прочитана
2026-05-24T10:56:31+0300 INFO: E:\Univercity\Puzzle\Hackaton_Case_1\resource\37e891b1-d7da-483e-9efc-9a1bbfbd8dfe\main.py Ввод логина прошел успешно
2026-05-24T10:56:31+0300 INFO: E:\Univercity\Puzzle\Hackaton_Case_1\resource\37e891b1-d7da-483e-9efc-9a1bbfbd8dfe\main.py Ввод пароля прошел успешно
2026-05-24T10:56:31+0300 ERROR: E:\Univercity\Puzzle\Hackaton_Case_1\resource\37e891b1-d7da-483e-9efc-9a1bbfbd8dfe\main.py Был введен неправильный инн. Процесс  будет остановлен
2026-05-24T10:58:04+0300 ERROR: E:\Univercity\Puzzle\Hackaton_Case_1\resource\37e891b1-d7da-483e-9efc-9a1bbfbd8dfe\main.py Был введен неправильный инн. Процесс  будет остановлен
2026-05-24T10:59:42+0300 INFO: Завершение выполнения процесса. E:\Univercity\Puzzle\Hackaton_Case_1\process\main.json
2026-05-24T11:02:44+0300 INFO: Запуск процесса из студии разработки. E:\Univercity\Puzzle\Hackaton_Case_1\process\main.json
2026-05-24T11:02:47+0300 INFO: Завершение выполнения процесса. E:\Univercity\Puzzle\Hackaton_Case_1\process\main.json
2026-05-24T11:02:58+0300 INFO: Запуск процесса из студии разработки. E:\Univercity\Puzzle\Hackaton_Case_1\process\main.json
2026-05-24T11:02:59+0300 INFO: Запуск процесса из студии разработки. E:\Univercity\Puzzle\Hackaton_Case_1\process\main.json
2026-05-24T11:03:04+0300 INFO: Старт робота: E:\Univercity\Puzzle\Hackaton_Case_1\resource\446ae047-269c-40c5-905c-e8588b7e6a41\main.py
2026-05-24T11:03:04+0300 INFO: Старт робота: E:\Univercity\Puzzle\Hackaton_Case_1\resource\45f60c5a-9a9a-447a-b11b-647b8a19c9c6\main.py
2026-05-24T11:03:05+0300 INFO: E:\Univercity\Puzzle\Hackaton_Case_1\resource\45f60c5a-9a9a-447a-b11b-647b8a19c9c6\main.py Таблица из excel была прочитана
2026-05-24T11:03:14+0300 INFO: E:\Univercity\Puzzle\Hackaton_Case_1\resource\45f60c5a-9a9a-447a-b11b-647b8a19c9c6\main.py Ввод логина прошел успешно
2026-05-24T11:03:15+0300 INFO: E:\Univercity\Puzzle\Hackaton_Case_1\resource\45f60c5a-9a9a-447a-b11b-647b8a19c9c6\main.py Ввод пароля прошел успешно
2026-05-24T11:03:15+0300 ERROR: E:\Univercity\Puzzle\Hackaton_Case_1\resource\45f60c5a-9a9a-447a-b11b-647b8a19c9c6\main.py Был введен неправильный инн. Процесс  будет остановлен
2026-05-24T11:03:16+0300 INFO: E:\Univercity\Puzzle\Hackaton_Case_1\resource\446ae047-269c-40c5-905c-e8588b7e6a41\main.py Ввод логина прошел успешно
2026-05-24T11:03:16+0300 INFO: E:\Univercity\Puzzle\Hackaton_Case_1\resource\446ae047-269c-40c5-905c-e8588b7e6a41\main.py Ввод пароля прошел успешно
2026-05-24T11:03:17+0300 ERROR: E:\Univercity\Puzzle\Hackaton_Case_1\resource\446ae047-269c-40c5-905c-e8588b7e6a41\main.py Был введен неправильный инн. Процесс  будет остановлен
2026-05-24T11:04:50+0300 ERROR: E:\Univercity\Puzzle\Hackaton_Case_1\resource\45f60c5a-9a9a-447a-b11b-647b8a19c9c6\main.py Был введен неправильный инн. Процесс  будет остановлен
2026-05-24T11:05:49+0300 ERROR: E:\Univercity\Puzzle\Hackaton_Case_1\resource\446ae047-269c-40c5-905c-e8588b7e6a41\main.py Ошибка: При закрытие страницы произошла ошибка. Детали ошибки:
 Ошибка загрузки элемента - ("//div[@id='page1']//span[@id='VW_page1headerTopLine_cmd_CloseButton' and @title='Закрыть']", "//*[@id='page1_cmd_close']")
 Элемент не найден по XPath: //div[@id='page1']//span[@id='VW_page1headerTopLine_cmd_CloseButton' and @title='Закрыть']
2026-05-24T11:06:01+0300 INFO: Завершение выполнения процесса. E:\Univercity\Puzzle\Hackaton_Case_1\process\main.json
2026-05-24T11:06:01+0300 ERROR: Завершение выполнения процесса. E:\Univercity\Puzzle\Hackaton_Case_1\process\main.json
2026-05-24T11:06:48+0300 INFO: Запуск процесса из студии разработки. E:\Univercity\Puzzle\Hackaton_Case_1\process\main.json
2026-05-24T11:06:53+0300 INFO: Старт робота: E:\Univercity\Puzzle\Hackaton_Case_1\resource\f6e74200-42d2-446a-ab57-2948bc9542e7\main.py
2026-05-24T11:06:53+0300 INFO: E:\Univercity\Puzzle\Hackaton_Case_1\resource\f6e74200-42d2-446a-ab57-2948bc9542e7\main.py Таблица из excel была прочитана
2026-05-24T11:07:03+0300 INFO: E:\Univercity\Puzzle\Hackaton_Case_1\resource\f6e74200-42d2-446a-ab57-2948bc9542e7\main.py Ввод логина прошел успешно
2026-05-24T11:07:03+0300 INFO: E:\Univercity\Puzzle\Hackaton_Case_1\resource\f6e74200-42d2-446a-ab57-2948bc9542e7\main.py Ввод пароля прошел успешно
2026-05-24T11:07:04+0300 ERROR: E:\Univercity\Puzzle\Hackaton_Case_1\resource\f6e74200-42d2-446a-ab57-2948bc9542e7\main.py Был введен неправильный инн. Процесс  будет остановлен
2026-05-24T11:08:34+0300 ERROR: E:\Univercity\Puzzle\Hackaton_Case_1\resource\f6e74200-42d2-446a-ab57-2948bc9542e7\main.py Был введен неправильный инн. Процесс  будет остановлен
2026-05-24T11:09:48+0300 INFO: Завершение работы робота: E:\Univercity\Puzzle\Hackaton_Case_1\resource\f6e74200-42d2-446a-ab57-2948bc9542e7\main.py
2026-05-24T11:09:49+0300 INFO: Завершение выполнения процесса. E:\Univercity\Puzzle\Hackaton_Case_1\process\main.json
2026-05-24T11:13:48+0300 INFO: Запуск процесса из студии разработки. E:\Univercity\Puzzle\Hackaton_Case_1\process\main.json
2026-05-24T11:13:54+0300 INFO: Старт робота: E:\Univercity\Puzzle\Hackaton_Case_1\resource\06b1002c-d7ee-4d3a-9d05-22d5ba84220a\main.py
2026-05-24T11:13:54+0300 INFO: E:\Univercity\Puzzle\Hackaton_Case_1\resource\06b1002c-d7ee-4d3a-9d05-22d5ba84220a\main.py Таблица из excel была прочитана
2026-05-24T11:14:05+0300 INFO: E:\Univercity\Puzzle\Hackaton_Case_1\resource\06b1002c-d7ee-4d3a-9d05-22d5ba84220a\main.py Ввод логина прошел успешно
2026-05-24T11:14:05+0300 INFO: E:\Univercity\Puzzle\Hackaton_Case_1\resource\06b1002c-d7ee-4d3a-9d05-22d5ba84220a\main.py Ввод пароля прошел успешно
2026-05-24T11:14:05+0300 ERROR: E:\Univercity\Puzzle\Hackaton_Case_1\resource\06b1002c-d7ee-4d3a-9d05-22d5ba84220a\main.py Был введен неправильный инн. Процесс  будет остановлен
2026-05-24T11:15:41+0300 INFO: Завершение выполнения процесса. E:\Univercity\Puzzle\Hackaton_Case_1\process\main.json
2026-05-24T11:16:26+0300 INFO: Запуск процесса из студии разработки. E:\Univercity\Puzzle\Hackaton_Case_1\process\main.json
2026-05-24T11:16:31+0300 INFO: Старт робота: E:\Univercity\Puzzle\Hackaton_Case_1\resource\075e1e28-07d3-42d8-a59b-66bda7d18475\main.py
2026-05-24T11:16:31+0300 INFO: E:\Univercity\Puzzle\Hackaton_Case_1\resource\075e1e28-07d3-42d8-a59b-66bda7d18475\main.py Таблица из excel была прочитана
2026-05-24T11:16:43+0300 ERROR: E:\Univercity\Puzzle\Hackaton_Case_1\resource\075e1e28-07d3-42d8-a59b-66bda7d18475\main.py Ввод логина произошел с ошибкой
2026-05-24T11:16:48+0300 ERROR: E:\Univercity\Puzzle\Hackaton_Case_1\resource\075e1e28-07d3-42d8-a59b-66bda7d18475\main.py Ввод пароля произошел с ошибкой
2026-05-24T11:16:53+0300 ERROR: E:\Univercity\Puzzle\Hackaton_Case_1\resource\075e1e28-07d3-42d8-a59b-66bda7d18475\main.py Был введен неправильный инн. Процесс  будет остановлен
2026-05-24T11:17:39+0300 INFO: Завершение выполнения процесса. E:\Univercity\Puzzle\Hackaton_Case_1\process\main.json
2026-05-24T11:17:42+0300 INFO: Запуск процесса из студии разработки. E:\Univercity\Puzzle\Hackaton_Case_1\process\main.json
2026-05-24T11:17:47+0300 INFO: Старт робота: E:\Univercity\Puzzle\Hackaton_Case_1\resource\6607fcd1-0ce4-4a6a-b007-2282c90b37d7\main.py
2026-05-24T11:17:48+0300 INFO: E:\Univercity\Puzzle\Hackaton_Case_1\resource\6607fcd1-0ce4-4a6a-b007-2282c90b37d7\main.py Таблица из excel была прочитана
2026-05-24T11:18:00+0300 ERROR: E:\Univercity\Puzzle\Hackaton_Case_1\resource\6607fcd1-0ce4-4a6a-b007-2282c90b37d7\main.py Ввод логина произошел с ошибкой
2026-05-24T11:18:06+0300 ERROR: E:\Univercity\Puzzle\Hackaton_Case_1\resource\6607fcd1-0ce4-4a6a-b007-2282c90b37d7\main.py Ввод пароля произошел с ошибкой
2026-05-24T11:18:10+0300 ERROR: E:\Univercity\Puzzle\Hackaton_Case_1\resource\6607fcd1-0ce4-4a6a-b007-2282c90b37d7\main.py Был введен неправильный инн. Процесс  будет остановлен
2026-05-24T11:18:14+0300 INFO: Завершение выполнения процесса. E:\Univercity\Puzzle\Hackaton_Case_1\process\main.json
2026-05-24T11:18:17+0300 INFO: Запуск процесса из студии разработки. E:\Univercity\Puzzle\Hackaton_Case_1\process\main.json
2026-05-24T11:18:21+0300 INFO: Старт робота: E:\Univercity\Puzzle\Hackaton_Case_1\resource\bf4cb694-724a-485b-910a-f7e238722446\main.py
2026-05-24T11:18:22+0300 INFO: E:\Univercity\Puzzle\Hackaton_Case_1\resource\bf4cb694-724a-485b-910a-f7e238722446\main.py Таблица из excel была прочитана
2026-05-24T11:18:36+0300 ERROR: E:\Univercity\Puzzle\Hackaton_Case_1\resource\bf4cb694-724a-485b-910a-f7e238722446\main.py Ввод логина произошел с ошибкой
2026-05-24T11:18:40+0300 INFO: E:\Univercity\Puzzle\Hackaton_Case_1\resource\bf4cb694-724a-485b-910a-f7e238722446\main.py Ввод пароля прошел успешно
2026-05-24T11:18:40+0300 ERROR: E:\Univercity\Puzzle\Hackaton_Case_1\resource\bf4cb694-724a-485b-910a-f7e238722446\main.py Был введен неправильный инн. Процесс  будет остановлен
2026-05-24T11:19:04+0300 INFO: Завершение выполнения процесса. E:\Univercity\Puzzle\Hackaton_Case_1\process\main.json
2026-05-24T11:19:09+0300 INFO: Запуск процесса из студии разработки. E:\Univercity\Puzzle\Hackaton_Case_1\process\main.json
2026-05-24T11:19:14+0300 INFO: Старт робота: E:\Univercity\Puzzle\Hackaton_Case_1\resource\7c4db75e-72b1-4fe1-a00e-a30221124aa7\main.py
2026-05-24T11:19:15+0300 INFO: E:\Univercity\Puzzle\Hackaton_Case_1\resource\7c4db75e-72b1-4fe1-a00e-a30221124aa7\main.py Таблица из excel была прочитана
2026-05-24T11:19:27+0300 ERROR: E:\Univercity\Puzzle\Hackaton_Case_1\resource\7c4db75e-72b1-4fe1-a00e-a30221124aa7\main.py Ввод логина произошел с ошибкой
2026-05-24T11:19:27+0300 INFO: E:\Univercity\Puzzle\Hackaton_Case_1\resource\7c4db75e-72b1-4fe1-a00e-a30221124aa7\main.py Ввод пароля прошел успешно
2026-05-24T11:19:28+0300 ERROR: E:\Univercity\Puzzle\Hackaton_Case_1\resource\7c4db75e-72b1-4fe1-a00e-a30221124aa7\main.py Был введен неправильный инн. Процесс  будет остановлен
2026-05-24T11:19:31+0300 INFO: Завершение выполнения процесса. E:\Univercity\Puzzle\Hackaton_Case_1\process\main.json
2026-05-24T11:19:50+0300 INFO: Запуск процесса из студии разработки. E:\Univercity\Puzzle\Hackaton_Case_1\process\main.json
2026-05-24T11:19:55+0300 INFO: Старт робота: E:\Univercity\Puzzle\Hackaton_Case_1\resource\d636369c-ca39-4f9e-88e0-9dffd4bfe2b5\main.py
2026-05-24T11:19:55+0300 INFO: E:\Univercity\Puzzle\Hackaton_Case_1\resource\d636369c-ca39-4f9e-88e0-9dffd4bfe2b5\main.py Таблица из excel была прочитана
2026-05-24T11:20:05+0300 INFO: E:\Univercity\Puzzle\Hackaton_Case_1\resource\d636369c-ca39-4f9e-88e0-9dffd4bfe2b5\main.py Ввод логина прошел успешно
2026-05-24T11:20:05+0300 INFO: E:\Univercity\Puzzle\Hackaton_Case_1\resource\d636369c-ca39-4f9e-88e0-9dffd4bfe2b5\main.py Ввод пароля прошел успешно
2026-05-24T11:20:06+0300 ERROR: E:\Univercity\Puzzle\Hackaton_Case_1\resource\d636369c-ca39-4f9e-88e0-9dffd4bfe2b5\main.py Был введен неправильный инн. Процесс  будет остановлен
2026-05-24T11:21:18+0300 ERROR: E:\Univercity\Puzzle\Hackaton_Case_1\resource\d636369c-ca39-4f9e-88e0-9dffd4bfe2b5\main.py Ошибка: 'NoneType' object has no attribute 'hot_keys_2'
2026-05-24T11:21:30+0300 ERROR: Завершение выполнения процесса. E:\Univercity\Puzzle\Hackaton_Case_1\process\main.json
2026-05-24T11:21:52+0300 INFO: Запуск процесса из студии разработки. E:\Univercity\Puzzle\Hackaton_Case_1\process\main.json
2026-05-24T11:21:57+0300 INFO: Старт робота: E:\Univercity\Puzzle\Hackaton_Case_1\resource\92da1aa8-a39d-4947-841d-8c1eb0c87d19\main.py
2026-05-24T11:21:57+0300 INFO: E:\Univercity\Puzzle\Hackaton_Case_1\resource\92da1aa8-a39d-4947-841d-8c1eb0c87d19\main.py Таблица из excel была прочитана
2026-05-24T11:22:09+0300 INFO: E:\Univercity\Puzzle\Hackaton_Case_1\resource\92da1aa8-a39d-4947-841d-8c1eb0c87d19\main.py Ввод логина прошел успешно
2026-05-24T11:22:09+0300 INFO: E:\Univercity\Puzzle\Hackaton_Case_1\resource\92da1aa8-a39d-4947-841d-8c1eb0c87d19\main.py Ввод пароля прошел успешно
2026-05-24T11:22:09+0300 ERROR: E:\Univercity\Puzzle\Hackaton_Case_1\resource\92da1aa8-a39d-4947-841d-8c1eb0c87d19\main.py Был введен неправильный инн. Процесс  будет остановлен
2026-05-24T11:23:57+0300 ERROR: E:\Univercity\Puzzle\Hackaton_Case_1\resource\92da1aa8-a39d-4947-841d-8c1eb0c87d19\main.py Ошибка: 'NoneType' object has no attribute 'hot_keys_2'
2026-05-24T11:24:26+0300 ERROR: Завершение выполнения процесса. E:\Univercity\Puzzle\Hackaton_Case_1\process\main.json
2026-05-24T11:24:41+0300 INFO: Запуск процесса из студии разработки. E:\Univercity\Puzzle\Hackaton_Case_1\process\main.json
2026-05-24T11:24:46+0300 INFO: Старт робота: E:\Univercity\Puzzle\Hackaton_Case_1\resource\815e430b-71d1-433b-b690-828b66f88c09\main.py
2026-05-24T11:24:47+0300 INFO: E:\Univercity\Puzzle\Hackaton_Case_1\resource\815e430b-71d1-433b-b690-828b66f88c09\main.py Таблица из excel была прочитана
2026-05-24T11:24:56+0300 INFO: E:\Univercity\Puzzle\Hackaton_Case_1\resource\815e430b-71d1-433b-b690-828b66f88c09\main.py Ввод логина прошел успешно
2026-05-24T11:24:57+0300 INFO: E:\Univercity\Puzzle\Hackaton_Case_1\resource\815e430b-71d1-433b-b690-828b66f88c09\main.py Ввод пароля прошел успешно
2026-05-24T11:24:57+0300 ERROR: E:\Univercity\Puzzle\Hackaton_Case_1\resource\815e430b-71d1-433b-b690-828b66f88c09\main.py Был введен неправильный инн. Процесс  будет остановлен
2026-05-24T11:26:17+0300 ERROR: E:\Univercity\Puzzle\Hackaton_Case_1\resource\815e430b-71d1-433b-b690-828b66f88c09\main.py Ошибка: 'NoneType' object has no attribute 'hot_keys_2'
2026-05-24T11:26:25+0300 ERROR: Завершение выполнения процесса. E:\Univercity\Puzzle\Hackaton_Case_1\process\main.json
2026-05-24T11:28:31+0300 INFO: Запуск процесса из студии разработки. E:\Univercity\Puzzle\Hackaton_Case_1\process\main.json
2026-05-24T11:28:37+0300 INFO: Старт робота: E:\Univercity\Puzzle\Hackaton_Case_1\resource\0079d999-8d99-4919-9432-51f37734cd33\main.py
2026-05-24T11:28:38+0300 INFO: E:\Univercity\Puzzle\Hackaton_Case_1\resource\0079d999-8d99-4919-9432-51f37734cd33\main.py Таблица из excel была прочитана
2026-05-24T11:28:47+0300 INFO: E:\Univercity\Puzzle\Hackaton_Case_1\resource\0079d999-8d99-4919-9432-51f37734cd33\main.py Ввод логина прошел успешно
2026-05-24T11:28:48+0300 INFO: E:\Univercity\Puzzle\Hackaton_Case_1\resource\0079d999-8d99-4919-9432-51f37734cd33\main.py Ввод пароля прошел успешно
2026-05-24T11:28:48+0300 ERROR: E:\Univercity\Puzzle\Hackaton_Case_1\resource\0079d999-8d99-4919-9432-51f37734cd33\main.py Был введен неправильный инн. Процесс  будет остановлен
2026-05-24T11:30:04+0300 INFO: Завершение выполнения процесса. E:\Univercity\Puzzle\Hackaton_Case_1\process\main.json
2026-05-24T11:30:37+0300 INFO: Запуск процесса из студии разработки. E:\Univercity\Puzzle\Hackaton_Case_1\process\main.json
2026-05-24T11:30:43+0300 INFO: Старт робота: E:\Univercity\Puzzle\Hackaton_Case_1\resource\ec1846a0-52a3-4b2b-908f-018f09926d6b\main.py
2026-05-24T11:30:43+0300 INFO: E:\Univercity\Puzzle\Hackaton_Case_1\resource\ec1846a0-52a3-4b2b-908f-018f09926d6b\main.py Таблица из excel была прочитана
2026-05-24T11:30:53+0300 INFO: E:\Univercity\Puzzle\Hackaton_Case_1\resource\ec1846a0-52a3-4b2b-908f-018f09926d6b\main.py Ввод логина прошел успешно
2026-05-24T11:30:53+0300 INFO: E:\Univercity\Puzzle\Hackaton_Case_1\resource\ec1846a0-52a3-4b2b-908f-018f09926d6b\main.py Ввод пароля прошел успешно
2026-05-24T11:30:54+0300 ERROR: E:\Univercity\Puzzle\Hackaton_Case_1\resource\ec1846a0-52a3-4b2b-908f-018f09926d6b\main.py Был введен неправильный инн. Процесс  будет остановлен
2026-05-24T11:32:09+0300 ERROR: E:\Univercity\Puzzle\Hackaton_Case_1\resource\ec1846a0-52a3-4b2b-908f-018f09926d6b\main.py Ошибка: 'NoneType' object has no attribute 'hot_keys_2'
2026-05-24T11:32:19+0300 ERROR: Завершение выполнения процесса. E:\Univercity\Puzzle\Hackaton_Case_1\process\main.json
2026-05-24T11:32:42+0300 INFO: Запуск процесса из студии разработки. E:\Univercity\Puzzle\Hackaton_Case_1\process\main.json
2026-05-24T11:32:47+0300 INFO: Старт робота: E:\Univercity\Puzzle\Hackaton_Case_1\resource\ceac43c3-f210-49e7-b4a2-a26f6465767e\main.py
2026-05-24T11:32:48+0300 INFO: E:\Univercity\Puzzle\Hackaton_Case_1\resource\ceac43c3-f210-49e7-b4a2-a26f6465767e\main.py Таблица из excel была прочитана
2026-05-24T11:32:59+0300 INFO: E:\Univercity\Puzzle\Hackaton_Case_1\resource\ceac43c3-f210-49e7-b4a2-a26f6465767e\main.py Ввод логина прошел успешно
2026-05-24T11:32:59+0300 INFO: E:\Univercity\Puzzle\Hackaton_Case_1\resource\ceac43c3-f210-49e7-b4a2-a26f6465767e\main.py Ввод пароля прошел успешно
2026-05-24T11:32:59+0300 ERROR: E:\Univercity\Puzzle\Hackaton_Case_1\resource\ceac43c3-f210-49e7-b4a2-a26f6465767e\main.py Был введен неправильный инн. Процесс  будет остановлен
2026-05-24T11:34:13+0300 ERROR: E:\Univercity\Puzzle\Hackaton_Case_1\resource\ceac43c3-f210-49e7-b4a2-a26f6465767e\main.py Ошибка: 'NoneType' object has no attribute 'hot_keys_2'
2026-05-24T11:34:19+0300 ERROR: Завершение выполнения процесса. E:\Univercity\Puzzle\Hackaton_Case_1\process\main.json
2026-05-24T11:35:04+0300 INFO: Запуск процесса из студии разработки. E:\Univercity\Puzzle\Hackaton_Case_1\process\main.json
2026-05-24T11:35:10+0300 INFO: Старт робота: E:\Univercity\Puzzle\Hackaton_Case_1\resource\30500600-4bbb-43b1-993a-f8e1a92a8d1a\main.py
2026-05-24T11:35:10+0300 INFO: E:\Univercity\Puzzle\Hackaton_Case_1\resource\30500600-4bbb-43b1-993a-f8e1a92a8d1a\main.py Таблица из excel была прочитана
2026-05-24T11:35:20+0300 INFO: E:\Univercity\Puzzle\Hackaton_Case_1\resource\30500600-4bbb-43b1-993a-f8e1a92a8d1a\main.py Ввод логина прошел успешно
2026-05-24T11:35:20+0300 INFO: E:\Univercity\Puzzle\Hackaton_Case_1\resource\30500600-4bbb-43b1-993a-f8e1a92a8d1a\main.py Ввод пароля прошел успешно
2026-05-24T11:35:21+0300 ERROR: E:\Univercity\Puzzle\Hackaton_Case_1\resource\30500600-4bbb-43b1-993a-f8e1a92a8d1a\main.py Был введен неправильный инн. Процесс  будет остановлен
2026-05-24T11:36:33+0300 ERROR: E:\Univercity\Puzzle\Hackaton_Case_1\resource\30500600-4bbb-43b1-993a-f8e1a92a8d1a\main.py Ошибка: 'NoneType' object has no attribute 'hot_keys_2'
2026-05-24T11:37:31+0300 ERROR: Завершение выполнения процесса. E:\Univercity\Puzzle\Hackaton_Case_1\process\main.json
2026-05-24T11:40:55+0300 INFO: Запуск процесса из студии разработки. E:\Univercity\Puzzle\Hackaton_Case_1\process\main.json
2026-05-24T11:41:01+0300 INFO: Старт робота: E:\Univercity\Puzzle\Hackaton_Case_1\resource\90ca52b2-046d-4823-bccd-f66a8fd82fab\main.py
2026-05-24T11:41:01+0300 INFO: E:\Univercity\Puzzle\Hackaton_Case_1\resource\90ca52b2-046d-4823-bccd-f66a8fd82fab\main.py Таблица из excel была прочитана
2026-05-24T11:41:11+0300 INFO: E:\Univercity\Puzzle\Hackaton_Case_1\resource\90ca52b2-046d-4823-bccd-f66a8fd82fab\main.py Ввод логина прошел успешно
2026-05-24T11:41:11+0300 INFO: E:\Univercity\Puzzle\Hackaton_Case_1\resource\90ca52b2-046d-4823-bccd-f66a8fd82fab\main.py Ввод пароля прошел успешно
2026-05-24T11:41:11+0300 ERROR: E:\Univercity\Puzzle\Hackaton_Case_1\resource\90ca52b2-046d-4823-bccd-f66a8fd82fab\main.py Был введен неправильный инн. Процесс  будет остановлен
2026-05-24T11:42:27+0300 ERROR: E:\Univercity\Puzzle\Hackaton_Case_1\resource\90ca52b2-046d-4823-bccd-f66a8fd82fab\main.py Ошибка: 'NoneType' object has no attribute 'hot_keys_2'
2026-05-24T11:42:31+0300 ERROR: Завершение выполнения процесса. E:\Univercity\Puzzle\Hackaton_Case_1\process\main.json
2026-05-24T11:44:41+0300 INFO: Запуск процесса из студии разработки. E:\Univercity\Puzzle\Hackaton_Case_1\process\main.json
2026-05-24T11:44:50+0300 INFO: Старт робота: E:\Univercity\Puzzle\Hackaton_Case_1\resource\a6b9b3c4-c5df-4a70-b1d6-822c73c47d7b\main.py
2026-05-24T11:44:51+0300 INFO: E:\Univercity\Puzzle\Hackaton_Case_1\resource\a6b9b3c4-c5df-4a70-b1d6-822c73c47d7b\main.py Таблица из excel была прочитана
2026-05-24T11:45:01+0300 INFO: E:\Univercity\Puzzle\Hackaton_Case_1\resource\a6b9b3c4-c5df-4a70-b1d6-822c73c47d7b\main.py Ввод логина прошел успешно
2026-05-24T11:45:01+0300 INFO: E:\Univercity\Puzzle\Hackaton_Case_1\resource\a6b9b3c4-c5df-4a70-b1d6-822c73c47d7b\main.py Ввод пароля прошел успешно
2026-05-24T11:45:01+0300 ERROR: E:\Univercity\Puzzle\Hackaton_Case_1\resource\a6b9b3c4-c5df-4a70-b1d6-822c73c47d7b\main.py Авторизация прошла с ошибкой
2026-05-24T11:45:01+0300 ERROR: E:\Univercity\Puzzle\Hackaton_Case_1\resource\a6b9b3c4-c5df-4a70-b1d6-822c73c47d7b\main.py Был введен неправильный инн. Процесс  будет остановлен
2026-05-24T11:47:39+0300 ERROR: E:\Univercity\Puzzle\Hackaton_Case_1\resource\a6b9b3c4-c5df-4a70-b1d6-822c73c47d7b\main.py Был введен неправильный инн. Процесс  будет остановлен
2026-05-24T11:47:47+0300 INFO: Завершение выполнения процесса. E:\Univercity\Puzzle\Hackaton_Case_1\process\main.json
