2026-05-24T10:10:05+0300 INFO: Запуск процесса из студии разработки. C:\Users\kulak\Downloads\aaaaaaaaaa\case3_search-for-printed-form-master\Кейс3_ПоискПечатнойФормы1С\process\main.json
2026-05-24T10:10:07+0300 INFO: Старт робота: C:\Users\kulak\Downloads\aaaaaaaaaa\case3_search-for-printed-form-master\Кейс3_ПоискПечатнойФормы1С\resource\471e4c48-82b1-4a51-afff-17333c8736fb\ConfigFunctions.py
2026-05-24T10:10:09+0300 INFO: Старт робота: C:\Users\kulak\Downloads\aaaaaaaaaa\case3_search-for-printed-form-master\Кейс3_ПоискПечатнойФормы1С\resource\471e4c48-82b1-4a51-afff-17333c8736fb\techFunctions.py
2026-05-24T10:10:10+0300 INFO: Старт робота: C:\Users\kulak\Downloads\aaaaaaaaaa\case3_search-for-printed-form-master\Кейс3_ПоискПечатнойФормы1С\resource\471e4c48-82b1-4a51-afff-17333c8736fb\relay_930.py
2026-05-24T10:10:10+0300 INFO: Старт робота: C:\Users\kulak\Downloads\aaaaaaaaaa\case3_search-for-printed-form-master\Кейс3_ПоискПечатнойФормы1С\resource\471e4c48-82b1-4a51-afff-17333c8736fb\ProcessDocument.py
2026-05-24T10:10:10+0300 INFO: Старт робота: C:\Users\kulak\Downloads\aaaaaaaaaa\case3_search-for-printed-form-master\Кейс3_ПоискПечатнойФормы1С\resource\471e4c48-82b1-4a51-afff-17333c8736fb\FinishProcess.py
2026-05-24T10:10:10+0300 INFO: Старт робота: C:\Users\kulak\Downloads\aaaaaaaaaa\case3_search-for-printed-form-master\Кейс3_ПоискПечатнойФормы1С\resource\471e4c48-82b1-4a51-afff-17333c8736fb\main.py
2026-05-24T10:10:10+0300 INFO: C:\Users\kulak\Downloads\aaaaaaaaaa\case3_search-for-printed-form-master\Кейс3_ПоискПечатнойФормы1С\resource\471e4c48-82b1-4a51-afff-17333c8736fb\main.py Робот начал работу 24.05.2026 10:10:10
2026-05-24T10:10:10+0300 INFO: C:\Users\kulak\Downloads\aaaaaaaaaa\case3_search-for-printed-form-master\Кейс3_ПоискПечатнойФормы1С\resource\471e4c48-82b1-4a51-afff-17333c8736fb\ConfigFunctions.py Папки подготовлены
2026-05-24T10:10:58+0300 Окно выполнения: main: ERROR:  ["Failed to get child processes: program not found"]
2026-05-24T10:12:05+0300 ERROR: C:\Users\kulak\Downloads\aaaaaaaaaa\case3_search-for-printed-form-master\Кейс3_ПоискПечатнойФормы1С\resource\471e4c48-82b1-4a51-afff-17333c8736fb\ProcessDocument.py Ошибка получения печатной формы
2026-05-24T10:12:05+0300 ERROR: C:\Users\kulak\Downloads\aaaaaaaaaa\case3_search-for-printed-form-master\Кейс3_ПоискПечатнойФормы1С\resource\471e4c48-82b1-4a51-afff-17333c8736fb\main.py Ошибка: name 'is_process_successed' is not defined
2026-05-24T10:12:05+0300 INFO: Завершение выполнения процесса. C:\Users\kulak\Downloads\aaaaaaaaaa\case3_search-for-printed-form-master\Кейс3_ПоискПечатнойФормы1С\process\main.json
2026-05-24T10:13:07+0300 INFO: Запуск процесса из студии разработки. C:\Users\kulak\Downloads\aaaaaaaaaa\case3_search-for-printed-form-master\Кейс3_ПоискПечатнойФормы1С\process\main.json
2026-05-24T10:13:08+0300 INFO: Старт робота: C:\Users\kulak\Downloads\aaaaaaaaaa\case3_search-for-printed-form-master\Кейс3_ПоискПечатнойФормы1С\resource\35223405-26bb-498f-ad34-a8e8a0697d1c\ConfigFunctions.py
2026-05-24T10:13:08+0300 INFO: Старт робота: C:\Users\kulak\Downloads\aaaaaaaaaa\case3_search-for-printed-form-master\Кейс3_ПоискПечатнойФормы1С\resource\35223405-26bb-498f-ad34-a8e8a0697d1c\techFunctions.py
2026-05-24T10:13:10+0300 INFO: Старт робота: C:\Users\kulak\Downloads\aaaaaaaaaa\case3_search-for-printed-form-master\Кейс3_ПоискПечатнойФормы1С\resource\35223405-26bb-498f-ad34-a8e8a0697d1c\relay_930.py
2026-05-24T10:13:10+0300 INFO: Старт робота: C:\Users\kulak\Downloads\aaaaaaaaaa\case3_search-for-printed-form-master\Кейс3_ПоискПечатнойФормы1С\resource\35223405-26bb-498f-ad34-a8e8a0697d1c\ProcessDocument.py
2026-05-24T10:13:10+0300 INFO: Старт робота: C:\Users\kulak\Downloads\aaaaaaaaaa\case3_search-for-printed-form-master\Кейс3_ПоискПечатнойФормы1С\resource\35223405-26bb-498f-ad34-a8e8a0697d1c\FinishProcess.py
2026-05-24T10:13:10+0300 INFO: Старт робота: C:\Users\kulak\Downloads\aaaaaaaaaa\case3_search-for-printed-form-master\Кейс3_ПоискПечатнойФормы1С\resource\35223405-26bb-498f-ad34-a8e8a0697d1c\main.py
2026-05-24T10:13:10+0300 INFO: C:\Users\kulak\Downloads\aaaaaaaaaa\case3_search-for-printed-form-master\Кейс3_ПоискПечатнойФормы1С\resource\35223405-26bb-498f-ad34-a8e8a0697d1c\main.py Робот начал работу 24.05.2026 10:13:10
2026-05-24T10:13:10+0300 INFO: C:\Users\kulak\Downloads\aaaaaaaaaa\case3_search-for-printed-form-master\Кейс3_ПоискПечатнойФормы1С\resource\35223405-26bb-498f-ad34-a8e8a0697d1c\ConfigFunctions.py Папки подготовлены
2026-05-24T10:14:32+0300 ERROR: C:\Users\kulak\Downloads\aaaaaaaaaa\case3_search-for-printed-form-master\Кейс3_ПоискПечатнойФормы1С\resource\35223405-26bb-498f-ad34-a8e8a0697d1c\ProcessDocument.py Ошибка получения печатной формы
2026-05-24T10:14:32+0300 ERROR: C:\Users\kulak\Downloads\aaaaaaaaaa\case3_search-for-printed-form-master\Кейс3_ПоискПечатнойФормы1С\resource\35223405-26bb-498f-ad34-a8e8a0697d1c\main.py Ошибка: name 'is_process_successed' is not defined
2026-05-24T10:14:33+0300 Окно выполнения: main: ERROR:  ["name 'is_process_successed' is not defined"]
2026-05-24T10:14:37+0300 ERROR: Завершение выполнения процесса. C:\Users\kulak\Downloads\aaaaaaaaaa\case3_search-for-printed-form-master\Кейс3_ПоискПечатнойФормы1С\process\main.json
2026-05-24T10:22:26+0300 INFO: Запуск процесса из студии разработки. C:\Users\kulak\Downloads\aaaaaaaaaa\case3_search-for-printed-form-master\Кейс3_ПоискПечатнойФормы1С\process\main.json
2026-05-24T10:22:28+0300 INFO: Старт робота: C:\Users\kulak\Downloads\aaaaaaaaaa\case3_search-for-printed-form-master\Кейс3_ПоискПечатнойФормы1С\resource\bc0a0a56-beb8-41a1-a364-e8f34e4ae24e\ConfigFunctions.py
2026-05-24T10:22:28+0300 INFO: Старт робота: C:\Users\kulak\Downloads\aaaaaaaaaa\case3_search-for-printed-form-master\Кейс3_ПоискПечатнойФормы1С\resource\bc0a0a56-beb8-41a1-a364-e8f34e4ae24e\techFunctions.py
2026-05-24T10:22:30+0300 INFO: Старт робота: C:\Users\kulak\Downloads\aaaaaaaaaa\case3_search-for-printed-form-master\Кейс3_ПоискПечатнойФормы1С\resource\bc0a0a56-beb8-41a1-a364-e8f34e4ae24e\relay_930.py
2026-05-24T10:22:30+0300 INFO: Старт робота: C:\Users\kulak\Downloads\aaaaaaaaaa\case3_search-for-printed-form-master\Кейс3_ПоискПечатнойФормы1С\resource\bc0a0a56-beb8-41a1-a364-e8f34e4ae24e\ProcessDocument.py
2026-05-24T10:22:30+0300 INFO: Старт робота: C:\Users\kulak\Downloads\aaaaaaaaaa\case3_search-for-printed-form-master\Кейс3_ПоискПечатнойФормы1С\resource\bc0a0a56-beb8-41a1-a364-e8f34e4ae24e\FinishProcess.py
2026-05-24T10:22:30+0300 INFO: Старт робота: C:\Users\kulak\Downloads\aaaaaaaaaa\case3_search-for-printed-form-master\Кейс3_ПоискПечатнойФормы1С\resource\bc0a0a56-beb8-41a1-a364-e8f34e4ae24e\main.py
2026-05-24T10:22:30+0300 INFO: C:\Users\kulak\Downloads\aaaaaaaaaa\case3_search-for-printed-form-master\Кейс3_ПоискПечатнойФормы1С\resource\bc0a0a56-beb8-41a1-a364-e8f34e4ae24e\main.py Робот начал работу 24.05.2026 10:22:30
2026-05-24T10:22:30+0300 INFO: C:\Users\kulak\Downloads\aaaaaaaaaa\case3_search-for-printed-form-master\Кейс3_ПоискПечатнойФормы1С\resource\bc0a0a56-beb8-41a1-a364-e8f34e4ae24e\ConfigFunctions.py Папки подготовлены
2026-05-24T10:23:53+0300 ERROR: C:\Users\kulak\Downloads\aaaaaaaaaa\case3_search-for-printed-form-master\Кейс3_ПоискПечатнойФормы1С\resource\bc0a0a56-beb8-41a1-a364-e8f34e4ae24e\main.py Ошибка: name 'text' is not defined
2026-05-24T10:23:53+0300 Окно выполнения: main: ERROR:  ["name 'text' is not defined"]
2026-05-24T10:24:03+0300 ERROR: Завершение выполнения процесса. C:\Users\kulak\Downloads\aaaaaaaaaa\case3_search-for-printed-form-master\Кейс3_ПоискПечатнойФормы1С\process\main.json
2026-05-24T10:27:27+0300 INFO: Запуск процесса из студии разработки. C:\Users\kulak\Downloads\aaaaaaaaaa\case3_search-for-printed-form-master\Кейс3_ПоискПечатнойФормы1С\process\main.json
2026-05-24T10:27:28+0300 INFO: Старт робота: C:\Users\kulak\Downloads\aaaaaaaaaa\case3_search-for-printed-form-master\Кейс3_ПоискПечатнойФормы1С\resource\8d74e3b7-6e77-4330-ba04-01b7c9eed0c4\ConfigFunctions.py
2026-05-24T10:27:29+0300 INFO: Старт робота: C:\Users\kulak\Downloads\aaaaaaaaaa\case3_search-for-printed-form-master\Кейс3_ПоискПечатнойФормы1С\resource\8d74e3b7-6e77-4330-ba04-01b7c9eed0c4\techFunctions.py
2026-05-24T10:27:30+0300 INFO: Старт робота: C:\Users\kulak\Downloads\aaaaaaaaaa\case3_search-for-printed-form-master\Кейс3_ПоискПечатнойФормы1С\resource\8d74e3b7-6e77-4330-ba04-01b7c9eed0c4\relay_930.py
2026-05-24T10:27:30+0300 INFO: Старт робота: C:\Users\kulak\Downloads\aaaaaaaaaa\case3_search-for-printed-form-master\Кейс3_ПоискПечатнойФормы1С\resource\8d74e3b7-6e77-4330-ba04-01b7c9eed0c4\ProcessDocument.py
2026-05-24T10:27:30+0300 INFO: Старт робота: C:\Users\kulak\Downloads\aaaaaaaaaa\case3_search-for-printed-form-master\Кейс3_ПоискПечатнойФормы1С\resource\8d74e3b7-6e77-4330-ba04-01b7c9eed0c4\FinishProcess.py
2026-05-24T10:27:30+0300 INFO: Старт робота: C:\Users\kulak\Downloads\aaaaaaaaaa\case3_search-for-printed-form-master\Кейс3_ПоискПечатнойФормы1С\resource\8d74e3b7-6e77-4330-ba04-01b7c9eed0c4\main.py
2026-05-24T10:27:30+0300 INFO: C:\Users\kulak\Downloads\aaaaaaaaaa\case3_search-for-printed-form-master\Кейс3_ПоискПечатнойФормы1С\resource\8d74e3b7-6e77-4330-ba04-01b7c9eed0c4\main.py Робот начал работу 24.05.2026 10:27:30
2026-05-24T10:27:30+0300 INFO: C:\Users\kulak\Downloads\aaaaaaaaaa\case3_search-for-printed-form-master\Кейс3_ПоискПечатнойФормы1С\resource\8d74e3b7-6e77-4330-ba04-01b7c9eed0c4\ConfigFunctions.py Папки подготовлены
2026-05-24T10:29:51+0300 ERROR: C:\Users\kulak\Downloads\aaaaaaaaaa\case3_search-for-printed-form-master\Кейс3_ПоискПечатнойФормы1С\resource\8d74e3b7-6e77-4330-ba04-01b7c9eed0c4\ProcessDocument.py Ошибка получения печатной формы
2026-05-24T10:29:51+0300 ERROR: C:\Users\kulak\Downloads\aaaaaaaaaa\case3_search-for-printed-form-master\Кейс3_ПоискПечатнойФормы1С\resource\8d74e3b7-6e77-4330-ba04-01b7c9eed0c4\main.py Ошибка: name 'is_process_successed' is not defined
2026-05-24T10:29:51+0300 Окно выполнения: main: ERROR:  ["name 'is_process_successed' is not defined"]
2026-05-24T10:29:53+0300 ERROR: Завершение выполнения процесса. C:\Users\kulak\Downloads\aaaaaaaaaa\case3_search-for-printed-form-master\Кейс3_ПоискПечатнойФормы1С\process\main.json
2026-05-24T10:30:18+0300 INFO: Запуск процесса из студии разработки. C:\Users\kulak\Downloads\aaaaaaaaaa\case3_search-for-printed-form-master\Кейс3_ПоискПечатнойФормы1С\process\main.json
2026-05-24T10:30:19+0300 INFO: Старт робота: C:\Users\kulak\Downloads\aaaaaaaaaa\case3_search-for-printed-form-master\Кейс3_ПоискПечатнойФормы1С\resource\07ea6426-626d-4362-a487-679e734e9fe1\ConfigFunctions.py
2026-05-24T10:30:19+0300 INFO: Старт робота: C:\Users\kulak\Downloads\aaaaaaaaaa\case3_search-for-printed-form-master\Кейс3_ПоискПечатнойФормы1С\resource\07ea6426-626d-4362-a487-679e734e9fe1\techFunctions.py
2026-05-24T10:30:21+0300 INFO: Старт робота: C:\Users\kulak\Downloads\aaaaaaaaaa\case3_search-for-printed-form-master\Кейс3_ПоискПечатнойФормы1С\resource\07ea6426-626d-4362-a487-679e734e9fe1\relay_930.py
2026-05-24T10:30:21+0300 INFO: Старт робота: C:\Users\kulak\Downloads\aaaaaaaaaa\case3_search-for-printed-form-master\Кейс3_ПоискПечатнойФормы1С\resource\07ea6426-626d-4362-a487-679e734e9fe1\ProcessDocument.py
2026-05-24T10:30:21+0300 INFO: Старт робота: C:\Users\kulak\Downloads\aaaaaaaaaa\case3_search-for-printed-form-master\Кейс3_ПоискПечатнойФормы1С\resource\07ea6426-626d-4362-a487-679e734e9fe1\FinishProcess.py
2026-05-24T10:30:21+0300 INFO: Старт робота: C:\Users\kulak\Downloads\aaaaaaaaaa\case3_search-for-printed-form-master\Кейс3_ПоискПечатнойФормы1С\resource\07ea6426-626d-4362-a487-679e734e9fe1\main.py
2026-05-24T10:30:21+0300 INFO: C:\Users\kulak\Downloads\aaaaaaaaaa\case3_search-for-printed-form-master\Кейс3_ПоискПечатнойФормы1С\resource\07ea6426-626d-4362-a487-679e734e9fe1\main.py Робот начал работу 24.05.2026 10:30:21
2026-05-24T10:30:21+0300 INFO: C:\Users\kulak\Downloads\aaaaaaaaaa\case3_search-for-printed-form-master\Кейс3_ПоискПечатнойФормы1С\resource\07ea6426-626d-4362-a487-679e734e9fe1\ConfigFunctions.py Папки подготовлены
2026-05-24T10:33:10+0300 Окно выполнения: main: ERROR:  ["Failed to get child processes: program not found"]
2026-05-24T10:36:36+0300 ERROR: C:\Users\kulak\Downloads\aaaaaaaaaa\case3_search-for-printed-form-master\Кейс3_ПоискПечатнойФормы1С\resource\07ea6426-626d-4362-a487-679e734e9fe1\ProcessDocument.py Ошибка получения печатной формы
2026-05-24T10:36:36+0300 ERROR: C:\Users\kulak\Downloads\aaaaaaaaaa\case3_search-for-printed-form-master\Кейс3_ПоискПечатнойФормы1С\resource\07ea6426-626d-4362-a487-679e734e9fe1\main.py Ошибка: name 'is_process_successed' is not defined
2026-05-24T10:36:38+0300 INFO: Завершение выполнения процесса. C:\Users\kulak\Downloads\aaaaaaaaaa\case3_search-for-printed-form-master\Кейс3_ПоискПечатнойФормы1С\process\main.json
2026-05-24T10:36:42+0300 INFO: Запуск процесса из студии разработки. C:\Users\kulak\Downloads\aaaaaaaaaa\case3_search-for-printed-form-master\Кейс3_ПоискПечатнойФормы1С\process\main.json
2026-05-24T10:36:43+0300 INFO: Старт робота: C:\Users\kulak\Downloads\aaaaaaaaaa\case3_search-for-printed-form-master\Кейс3_ПоискПечатнойФормы1С\resource\e6b126dc-b55c-4d93-9a60-f477a7880c67\ConfigFunctions.py
2026-05-24T10:36:43+0300 INFO: Старт робота: C:\Users\kulak\Downloads\aaaaaaaaaa\case3_search-for-printed-form-master\Кейс3_ПоискПечатнойФормы1С\resource\e6b126dc-b55c-4d93-9a60-f477a7880c67\techFunctions.py
2026-05-24T10:36:45+0300 INFO: Старт робота: C:\Users\kulak\Downloads\aaaaaaaaaa\case3_search-for-printed-form-master\Кейс3_ПоискПечатнойФормы1С\resource\e6b126dc-b55c-4d93-9a60-f477a7880c67\relay_930.py
2026-05-24T10:36:45+0300 INFO: Старт робота: C:\Users\kulak\Downloads\aaaaaaaaaa\case3_search-for-printed-form-master\Кейс3_ПоискПечатнойФормы1С\resource\e6b126dc-b55c-4d93-9a60-f477a7880c67\ProcessDocument.py
2026-05-24T10:36:45+0300 INFO: Старт робота: C:\Users\kulak\Downloads\aaaaaaaaaa\case3_search-for-printed-form-master\Кейс3_ПоискПечатнойФормы1С\resource\e6b126dc-b55c-4d93-9a60-f477a7880c67\FinishProcess.py
2026-05-24T10:36:45+0300 INFO: Старт робота: C:\Users\kulak\Downloads\aaaaaaaaaa\case3_search-for-printed-form-master\Кейс3_ПоискПечатнойФормы1С\resource\e6b126dc-b55c-4d93-9a60-f477a7880c67\main.py
2026-05-24T10:36:45+0300 INFO: C:\Users\kulak\Downloads\aaaaaaaaaa\case3_search-for-printed-form-master\Кейс3_ПоискПечатнойФормы1С\resource\e6b126dc-b55c-4d93-9a60-f477a7880c67\main.py Робот начал работу 24.05.2026 10:36:45
2026-05-24T10:36:45+0300 INFO: C:\Users\kulak\Downloads\aaaaaaaaaa\case3_search-for-printed-form-master\Кейс3_ПоискПечатнойФормы1С\resource\e6b126dc-b55c-4d93-9a60-f477a7880c67\ConfigFunctions.py Папки подготовлены
2026-05-24T10:38:19+0300 ERROR: C:\Users\kulak\Downloads\aaaaaaaaaa\case3_search-for-printed-form-master\Кейс3_ПоискПечатнойФормы1С\resource\e6b126dc-b55c-4d93-9a60-f477a7880c67\ProcessDocument.py Ошибка получения печатной формы
2026-05-24T10:38:19+0300 ERROR: C:\Users\kulak\Downloads\aaaaaaaaaa\case3_search-for-printed-form-master\Кейс3_ПоискПечатнойФормы1С\resource\e6b126dc-b55c-4d93-9a60-f477a7880c67\main.py Ошибка: name 'is_process_successed' is not defined
2026-05-24T10:38:19+0300 Окно выполнения: main: ERROR:  ["name 'is_process_successed' is not defined"]
2026-05-24T10:38:21+0300 ERROR: Завершение выполнения процесса. C:\Users\kulak\Downloads\aaaaaaaaaa\case3_search-for-printed-form-master\Кейс3_ПоискПечатнойФормы1С\process\main.json
2026-05-24T10:39:49+0300 INFO: Запуск процесса из студии разработки. C:\Users\kulak\Downloads\aaaaaaaaaa\case3_search-for-printed-form-master\Кейс3_ПоискПечатнойФормы1С\process\main.json
2026-05-24T10:39:50+0300 INFO: Старт робота: C:\Users\kulak\Downloads\aaaaaaaaaa\case3_search-for-printed-form-master\Кейс3_ПоискПечатнойФормы1С\resource\2d044023-6f1f-4798-ad3c-8ef63c63c26f\ConfigFunctions.py
2026-05-24T10:39:50+0300 INFO: Старт робота: C:\Users\kulak\Downloads\aaaaaaaaaa\case3_search-for-printed-form-master\Кейс3_ПоискПечатнойФормы1С\resource\2d044023-6f1f-4798-ad3c-8ef63c63c26f\techFunctions.py
2026-05-24T10:39:51+0300 INFO: Старт робота: C:\Users\kulak\Downloads\aaaaaaaaaa\case3_search-for-printed-form-master\Кейс3_ПоискПечатнойФормы1С\resource\2d044023-6f1f-4798-ad3c-8ef63c63c26f\relay_930.py
2026-05-24T10:39:51+0300 INFO: Старт робота: C:\Users\kulak\Downloads\aaaaaaaaaa\case3_search-for-printed-form-master\Кейс3_ПоискПечатнойФормы1С\resource\2d044023-6f1f-4798-ad3c-8ef63c63c26f\ProcessDocument.py
2026-05-24T10:39:51+0300 INFO: Старт робота: C:\Users\kulak\Downloads\aaaaaaaaaa\case3_search-for-printed-form-master\Кейс3_ПоискПечатнойФормы1С\resource\2d044023-6f1f-4798-ad3c-8ef63c63c26f\FinishProcess.py
2026-05-24T10:39:51+0300 INFO: Старт робота: C:\Users\kulak\Downloads\aaaaaaaaaa\case3_search-for-printed-form-master\Кейс3_ПоискПечатнойФормы1С\resource\2d044023-6f1f-4798-ad3c-8ef63c63c26f\main.py
2026-05-24T10:39:51+0300 INFO: C:\Users\kulak\Downloads\aaaaaaaaaa\case3_search-for-printed-form-master\Кейс3_ПоискПечатнойФормы1С\resource\2d044023-6f1f-4798-ad3c-8ef63c63c26f\main.py Робот начал работу 24.05.2026 10:39:51
2026-05-24T10:39:51+0300 INFO: C:\Users\kulak\Downloads\aaaaaaaaaa\case3_search-for-printed-form-master\Кейс3_ПоискПечатнойФормы1С\resource\2d044023-6f1f-4798-ad3c-8ef63c63c26f\ConfigFunctions.py Папки подготовлены
2026-05-24T10:42:06+0300 Окно выполнения: main: ERROR:  ["Failed to get child processes: program not found"]
2026-05-24T10:49:55+0300 ERROR: C:\Users\kulak\Downloads\aaaaaaaaaa\case3_search-for-printed-form-master\Кейс3_ПоискПечатнойФормы1С\resource\2d044023-6f1f-4798-ad3c-8ef63c63c26f\ProcessDocument.py Ошибка получения печатной формы
2026-05-24T10:49:55+0300 ERROR: C:\Users\kulak\Downloads\aaaaaaaaaa\case3_search-for-printed-form-master\Кейс3_ПоискПечатнойФормы1С\resource\2d044023-6f1f-4798-ad3c-8ef63c63c26f\main.py Ошибка: name 'is_process_successed' is not defined
2026-05-24T10:49:56+0300 INFO: Завершение выполнения процесса. C:\Users\kulak\Downloads\aaaaaaaaaa\case3_search-for-printed-form-master\Кейс3_ПоискПечатнойФормы1С\process\main.json
2026-05-24T10:50:59+0300 INFO: Запуск процесса из студии разработки. C:\Users\kulak\Downloads\aaaaaaaaaa\case3_search-for-printed-form-master\Кейс3_ПоискПечатнойФормы1С\process\main.json
2026-05-24T10:51:00+0300 INFO: Старт робота: C:\Users\kulak\Downloads\aaaaaaaaaa\case3_search-for-printed-form-master\Кейс3_ПоискПечатнойФормы1С\resource\d67b6a8e-5733-4bd9-855e-b4fdfa9b03e2\ConfigFunctions.py
2026-05-24T10:51:00+0300 INFO: Старт робота: C:\Users\kulak\Downloads\aaaaaaaaaa\case3_search-for-printed-form-master\Кейс3_ПоискПечатнойФормы1С\resource\d67b6a8e-5733-4bd9-855e-b4fdfa9b03e2\techFunctions.py
2026-05-24T10:51:02+0300 INFO: Старт робота: C:\Users\kulak\Downloads\aaaaaaaaaa\case3_search-for-printed-form-master\Кейс3_ПоискПечатнойФормы1С\resource\d67b6a8e-5733-4bd9-855e-b4fdfa9b03e2\relay_930.py
2026-05-24T10:51:02+0300 INFO: Старт робота: C:\Users\kulak\Downloads\aaaaaaaaaa\case3_search-for-printed-form-master\Кейс3_ПоискПечатнойФормы1С\resource\d67b6a8e-5733-4bd9-855e-b4fdfa9b03e2\ProcessDocument.py
2026-05-24T10:51:02+0300 INFO: Старт робота: C:\Users\kulak\Downloads\aaaaaaaaaa\case3_search-for-printed-form-master\Кейс3_ПоискПечатнойФормы1С\resource\d67b6a8e-5733-4bd9-855e-b4fdfa9b03e2\FinishProcess.py
2026-05-24T10:51:02+0300 INFO: Старт робота: C:\Users\kulak\Downloads\aaaaaaaaaa\case3_search-for-printed-form-master\Кейс3_ПоискПечатнойФормы1С\resource\d67b6a8e-5733-4bd9-855e-b4fdfa9b03e2\main.py
2026-05-24T10:51:02+0300 INFO: C:\Users\kulak\Downloads\aaaaaaaaaa\case3_search-for-printed-form-master\Кейс3_ПоискПечатнойФормы1С\resource\d67b6a8e-5733-4bd9-855e-b4fdfa9b03e2\main.py Робот начал работу 24.05.2026 10:51:02
2026-05-24T10:51:02+0300 INFO: C:\Users\kulak\Downloads\aaaaaaaaaa\case3_search-for-printed-form-master\Кейс3_ПоискПечатнойФормы1С\resource\d67b6a8e-5733-4bd9-855e-b4fdfa9b03e2\ConfigFunctions.py Папки подготовлены
2026-05-24T10:52:30+0300 ERROR: C:\Users\kulak\Downloads\aaaaaaaaaa\case3_search-for-printed-form-master\Кейс3_ПоискПечатнойФормы1С\resource\d67b6a8e-5733-4bd9-855e-b4fdfa9b03e2\main.py Ошибка: 'int' object is not subscriptable
2026-05-24T10:52:30+0300 Окно выполнения: main: ERROR:  ["'int' object is not subscriptable"]
2026-05-24T10:52:37+0300 ERROR: Завершение выполнения процесса. C:\Users\kulak\Downloads\aaaaaaaaaa\case3_search-for-printed-form-master\Кейс3_ПоискПечатнойФормы1С\process\main.json
2026-05-24T10:54:42+0300 INFO: Запуск процесса из студии разработки. C:\Users\kulak\Downloads\aaaaaaaaaa\case3_search-for-printed-form-master\Кейс3_ПоискПечатнойФормы1С\process\main.json
2026-05-24T10:54:43+0300 INFO: Старт робота: C:\Users\kulak\Downloads\aaaaaaaaaa\case3_search-for-printed-form-master\Кейс3_ПоискПечатнойФормы1С\resource\13f81011-3e15-40c5-ad42-7aae1020ec19\ConfigFunctions.py
2026-05-24T10:54:43+0300 INFO: Старт робота: C:\Users\kulak\Downloads\aaaaaaaaaa\case3_search-for-printed-form-master\Кейс3_ПоискПечатнойФормы1С\resource\13f81011-3e15-40c5-ad42-7aae1020ec19\techFunctions.py
2026-05-24T10:54:44+0300 INFO: Старт робота: C:\Users\kulak\Downloads\aaaaaaaaaa\case3_search-for-printed-form-master\Кейс3_ПоискПечатнойФормы1С\resource\13f81011-3e15-40c5-ad42-7aae1020ec19\relay_930.py
2026-05-24T10:54:44+0300 INFO: Старт робота: C:\Users\kulak\Downloads\aaaaaaaaaa\case3_search-for-printed-form-master\Кейс3_ПоискПечатнойФормы1С\resource\13f81011-3e15-40c5-ad42-7aae1020ec19\ProcessDocument.py
2026-05-24T10:54:44+0300 INFO: Старт робота: C:\Users\kulak\Downloads\aaaaaaaaaa\case3_search-for-printed-form-master\Кейс3_ПоискПечатнойФормы1С\resource\13f81011-3e15-40c5-ad42-7aae1020ec19\FinishProcess.py
2026-05-24T10:54:44+0300 INFO: Старт робота: C:\Users\kulak\Downloads\aaaaaaaaaa\case3_search-for-printed-form-master\Кейс3_ПоискПечатнойФормы1С\resource\13f81011-3e15-40c5-ad42-7aae1020ec19\main.py
2026-05-24T10:54:44+0300 INFO: C:\Users\kulak\Downloads\aaaaaaaaaa\case3_search-for-printed-form-master\Кейс3_ПоискПечатнойФормы1С\resource\13f81011-3e15-40c5-ad42-7aae1020ec19\main.py Робот начал работу 24.05.2026 10:54:44
2026-05-24T10:54:44+0300 INFO: C:\Users\kulak\Downloads\aaaaaaaaaa\case3_search-for-printed-form-master\Кейс3_ПоискПечатнойФормы1С\resource\13f81011-3e15-40c5-ad42-7aae1020ec19\ConfigFunctions.py Папки подготовлены
2026-05-24T10:56:13+0300 ERROR: C:\Users\kulak\Downloads\aaaaaaaaaa\case3_search-for-printed-form-master\Кейс3_ПоискПечатнойФормы1С\resource\13f81011-3e15-40c5-ad42-7aae1020ec19\main.py Ошибка: 'int' object is not subscriptable
2026-05-24T10:56:13+0300 Окно выполнения: main: ERROR:  ["'int' object is not subscriptable"]
2026-05-24T10:56:23+0300 ERROR: Завершение выполнения процесса. C:\Users\kulak\Downloads\aaaaaaaaaa\case3_search-for-printed-form-master\Кейс3_ПоискПечатнойФормы1С\process\main.json
2026-05-24T11:02:04+0300 INFO: Запуск процесса из студии разработки. C:\Users\kulak\Downloads\aaaaaaaaaa\case3_search-for-printed-form-master\Кейс3_ПоискПечатнойФормы1С\process\main.json
2026-05-24T11:02:05+0300 INFO: Старт робота: C:\Users\kulak\Downloads\aaaaaaaaaa\case3_search-for-printed-form-master\Кейс3_ПоискПечатнойФормы1С\resource\e2697187-7794-4995-b35f-e26bd8265679\ConfigFunctions.py
2026-05-24T11:02:05+0300 INFO: Старт робота: C:\Users\kulak\Downloads\aaaaaaaaaa\case3_search-for-printed-form-master\Кейс3_ПоискПечатнойФормы1С\resource\e2697187-7794-4995-b35f-e26bd8265679\techFunctions.py
2026-05-24T11:02:07+0300 INFO: Старт робота: C:\Users\kulak\Downloads\aaaaaaaaaa\case3_search-for-printed-form-master\Кейс3_ПоискПечатнойФормы1С\resource\e2697187-7794-4995-b35f-e26bd8265679\relay_930.py
2026-05-24T11:02:07+0300 INFO: Старт робота: C:\Users\kulak\Downloads\aaaaaaaaaa\case3_search-for-printed-form-master\Кейс3_ПоискПечатнойФормы1С\resource\e2697187-7794-4995-b35f-e26bd8265679\ProcessDocument.py
2026-05-24T11:02:07+0300 INFO: Старт робота: C:\Users\kulak\Downloads\aaaaaaaaaa\case3_search-for-printed-form-master\Кейс3_ПоискПечатнойФормы1С\resource\e2697187-7794-4995-b35f-e26bd8265679\FinishProcess.py
2026-05-24T11:02:07+0300 INFO: Старт робота: C:\Users\kulak\Downloads\aaaaaaaaaa\case3_search-for-printed-form-master\Кейс3_ПоискПечатнойФормы1С\resource\e2697187-7794-4995-b35f-e26bd8265679\main.py
2026-05-24T11:02:07+0300 INFO: C:\Users\kulak\Downloads\aaaaaaaaaa\case3_search-for-printed-form-master\Кейс3_ПоискПечатнойФормы1С\resource\e2697187-7794-4995-b35f-e26bd8265679\main.py Робот начал работу 24.05.2026 11:02:07
2026-05-24T11:02:07+0300 INFO: C:\Users\kulak\Downloads\aaaaaaaaaa\case3_search-for-printed-form-master\Кейс3_ПоискПечатнойФормы1С\resource\e2697187-7794-4995-b35f-e26bd8265679\ConfigFunctions.py Папки подготовлены
2026-05-24T11:04:01+0300 ERROR: C:\Users\kulak\Downloads\aaaaaaaaaa\case3_search-for-printed-form-master\Кейс3_ПоискПечатнойФормы1С\resource\e2697187-7794-4995-b35f-e26bd8265679\main.py Ошибка: 'int' object is not subscriptable
2026-05-24T11:04:01+0300 Окно выполнения: main: ERROR:  ["'int' object is not subscriptable"]
2026-05-24T11:04:06+0300 ERROR: Завершение выполнения процесса. C:\Users\kulak\Downloads\aaaaaaaaaa\case3_search-for-printed-form-master\Кейс3_ПоискПечатнойФормы1С\process\main.json
2026-05-24T11:05:24+0300 INFO: Запуск процесса из студии разработки. C:\Users\kulak\Downloads\aaaaaaaaaa\case3_search-for-printed-form-master\Кейс3_ПоискПечатнойФормы1С\process\main.json
2026-05-24T11:05:25+0300 INFO: Старт робота: C:\Users\kulak\Downloads\aaaaaaaaaa\case3_search-for-printed-form-master\Кейс3_ПоискПечатнойФормы1С\resource\bfe4b962-96c7-4c1b-b097-a9d08837a563\ConfigFunctions.py
2026-05-24T11:05:25+0300 INFO: Старт робота: C:\Users\kulak\Downloads\aaaaaaaaaa\case3_search-for-printed-form-master\Кейс3_ПоискПечатнойФормы1С\resource\bfe4b962-96c7-4c1b-b097-a9d08837a563\techFunctions.py
2026-05-24T11:05:27+0300 INFO: Старт робота: C:\Users\kulak\Downloads\aaaaaaaaaa\case3_search-for-printed-form-master\Кейс3_ПоискПечатнойФормы1С\resource\bfe4b962-96c7-4c1b-b097-a9d08837a563\relay_930.py
2026-05-24T11:05:27+0300 INFO: Старт робота: C:\Users\kulak\Downloads\aaaaaaaaaa\case3_search-for-printed-form-master\Кейс3_ПоискПечатнойФормы1С\resource\bfe4b962-96c7-4c1b-b097-a9d08837a563\ProcessDocument.py
2026-05-24T11:05:27+0300 INFO: Старт робота: C:\Users\kulak\Downloads\aaaaaaaaaa\case3_search-for-printed-form-master\Кейс3_ПоискПечатнойФормы1С\resource\bfe4b962-96c7-4c1b-b097-a9d08837a563\FinishProcess.py
2026-05-24T11:05:27+0300 INFO: Старт робота: C:\Users\kulak\Downloads\aaaaaaaaaa\case3_search-for-printed-form-master\Кейс3_ПоискПечатнойФормы1С\resource\bfe4b962-96c7-4c1b-b097-a9d08837a563\main.py
2026-05-24T11:05:27+0300 INFO: C:\Users\kulak\Downloads\aaaaaaaaaa\case3_search-for-printed-form-master\Кейс3_ПоискПечатнойФормы1С\resource\bfe4b962-96c7-4c1b-b097-a9d08837a563\main.py Робот начал работу 24.05.2026 11:05:27
2026-05-24T11:05:27+0300 INFO: C:\Users\kulak\Downloads\aaaaaaaaaa\case3_search-for-printed-form-master\Кейс3_ПоискПечатнойФормы1С\resource\bfe4b962-96c7-4c1b-b097-a9d08837a563\ConfigFunctions.py Папки подготовлены
2026-05-24T11:08:03+0300 ERROR: C:\Users\kulak\Downloads\aaaaaaaaaa\case3_search-for-printed-form-master\Кейс3_ПоискПечатнойФормы1С\resource\bfe4b962-96c7-4c1b-b097-a9d08837a563\main.py Ошибка: 'int' object is not subscriptable
2026-05-24T11:08:03+0300 Окно выполнения: main: ERROR:  ["'int' object is not subscriptable"]
2026-05-24T11:08:05+0300 ERROR: Завершение выполнения процесса. C:\Users\kulak\Downloads\aaaaaaaaaa\case3_search-for-printed-form-master\Кейс3_ПоискПечатнойФормы1С\process\main.json
2026-05-24T11:08:56+0300 INFO: Запуск процесса из студии разработки. C:\Users\kulak\Downloads\aaaaaaaaaa\case3_search-for-printed-form-master\Кейс3_ПоискПечатнойФормы1С\process\main.json
2026-05-24T11:08:57+0300 INFO: Старт робота: C:\Users\kulak\Downloads\aaaaaaaaaa\case3_search-for-printed-form-master\Кейс3_ПоискПечатнойФормы1С\resource\656a66d3-b3eb-4367-9098-af44dfb9a944\ConfigFunctions.py
2026-05-24T11:08:58+0300 INFO: Старт робота: C:\Users\kulak\Downloads\aaaaaaaaaa\case3_search-for-printed-form-master\Кейс3_ПоискПечатнойФормы1С\resource\656a66d3-b3eb-4367-9098-af44dfb9a944\techFunctions.py
2026-05-24T11:09:00+0300 INFO: Старт робота: C:\Users\kulak\Downloads\aaaaaaaaaa\case3_search-for-printed-form-master\Кейс3_ПоискПечатнойФормы1С\resource\656a66d3-b3eb-4367-9098-af44dfb9a944\relay_930.py
2026-05-24T11:09:00+0300 INFO: Старт робота: C:\Users\kulak\Downloads\aaaaaaaaaa\case3_search-for-printed-form-master\Кейс3_ПоискПечатнойФормы1С\resource\656a66d3-b3eb-4367-9098-af44dfb9a944\ProcessDocument.py
2026-05-24T11:09:00+0300 INFO: Старт робота: C:\Users\kulak\Downloads\aaaaaaaaaa\case3_search-for-printed-form-master\Кейс3_ПоискПечатнойФормы1С\resource\656a66d3-b3eb-4367-9098-af44dfb9a944\FinishProcess.py
2026-05-24T11:09:00+0300 INFO: Старт робота: C:\Users\kulak\Downloads\aaaaaaaaaa\case3_search-for-printed-form-master\Кейс3_ПоискПечатнойФормы1С\resource\656a66d3-b3eb-4367-9098-af44dfb9a944\main.py
2026-05-24T11:09:00+0300 INFO: C:\Users\kulak\Downloads\aaaaaaaaaa\case3_search-for-printed-form-master\Кейс3_ПоискПечатнойФормы1С\resource\656a66d3-b3eb-4367-9098-af44dfb9a944\main.py Робот начал работу 24.05.2026 11:09:00
2026-05-24T11:09:00+0300 INFO: C:\Users\kulak\Downloads\aaaaaaaaaa\case3_search-for-printed-form-master\Кейс3_ПоискПечатнойФормы1С\resource\656a66d3-b3eb-4367-9098-af44dfb9a944\ConfigFunctions.py Папки подготовлены
2026-05-24T11:09:40+0300 ERROR: C:\Users\kulak\Downloads\aaaaaaaaaa\case3_search-for-printed-form-master\Кейс3_ПоискПечатнойФормы1С\resource\656a66d3-b3eb-4367-9098-af44dfb9a944\main.py Ошибка: server rejected WebSocket connection: HTTP 500
2026-05-24T11:09:40+0300 Окно выполнения: main: ERROR:  ["server rejected WebSocket connection: HTTP 500"]
2026-05-24T11:09:42+0300 ERROR: Завершение выполнения процесса. C:\Users\kulak\Downloads\aaaaaaaaaa\case3_search-for-printed-form-master\Кейс3_ПоискПечатнойФормы1С\process\main.json
2026-05-24T11:10:22+0300 INFO: Запуск процесса из студии разработки. C:\Users\kulak\Downloads\aaaaaaaaaa\case3_search-for-printed-form-master\Кейс3_ПоискПечатнойФормы1С\process\main.json
2026-05-24T11:10:23+0300 INFO: Старт робота: C:\Users\kulak\Downloads\aaaaaaaaaa\case3_search-for-printed-form-master\Кейс3_ПоискПечатнойФормы1С\resource\fb92138b-9c36-431b-8a8f-0dd8485f1ed5\ConfigFunctions.py
2026-05-24T11:10:24+0300 INFO: Старт робота: C:\Users\kulak\Downloads\aaaaaaaaaa\case3_search-for-printed-form-master\Кейс3_ПоискПечатнойФормы1С\resource\fb92138b-9c36-431b-8a8f-0dd8485f1ed5\techFunctions.py
2026-05-24T11:10:25+0300 INFO: Старт робота: C:\Users\kulak\Downloads\aaaaaaaaaa\case3_search-for-printed-form-master\Кейс3_ПоискПечатнойФормы1С\resource\fb92138b-9c36-431b-8a8f-0dd8485f1ed5\relay_930.py
2026-05-24T11:10:25+0300 INFO: Старт робота: C:\Users\kulak\Downloads\aaaaaaaaaa\case3_search-for-printed-form-master\Кейс3_ПоискПечатнойФормы1С\resource\fb92138b-9c36-431b-8a8f-0dd8485f1ed5\ProcessDocument.py
2026-05-24T11:10:25+0300 INFO: Старт робота: C:\Users\kulak\Downloads\aaaaaaaaaa\case3_search-for-printed-form-master\Кейс3_ПоискПечатнойФормы1С\resource\fb92138b-9c36-431b-8a8f-0dd8485f1ed5\FinishProcess.py
2026-05-24T11:10:25+0300 INFO: Старт робота: C:\Users\kulak\Downloads\aaaaaaaaaa\case3_search-for-printed-form-master\Кейс3_ПоискПечатнойФормы1С\resource\fb92138b-9c36-431b-8a8f-0dd8485f1ed5\main.py
2026-05-24T11:10:25+0300 INFO: C:\Users\kulak\Downloads\aaaaaaaaaa\case3_search-for-printed-form-master\Кейс3_ПоискПечатнойФормы1С\resource\fb92138b-9c36-431b-8a8f-0dd8485f1ed5\main.py Робот начал работу 24.05.2026 11:10:25
2026-05-24T11:10:25+0300 INFO: C:\Users\kulak\Downloads\aaaaaaaaaa\case3_search-for-printed-form-master\Кейс3_ПоискПечатнойФормы1С\resource\fb92138b-9c36-431b-8a8f-0dd8485f1ed5\ConfigFunctions.py Папки подготовлены
2026-05-24T11:12:27+0300 ERROR: C:\Users\kulak\Downloads\aaaaaaaaaa\case3_search-for-printed-form-master\Кейс3_ПоискПечатнойФормы1С\resource\fb92138b-9c36-431b-8a8f-0dd8485f1ed5\main.py Ошибка: При открытии страницы произошла ошибка. Не указана ссылка или полное название страницы.
2026-05-24T11:12:27+0300 Окно выполнения: main: ERROR:  ["При открытии страницы произошла ошибка. Не указана ссылка или полное название страницы."]
2026-05-24T11:12:42+0300 ERROR: Завершение выполнения процесса. C:\Users\kulak\Downloads\aaaaaaaaaa\case3_search-for-printed-form-master\Кейс3_ПоискПечатнойФормы1С\process\main.json
2026-05-24T11:21:32+0300 INFO: Запуск процесса из студии разработки. C:\Users\kulak\Downloads\aaaaaaaaaa\case3_search-for-printed-form-master\Кейс3_ПоискПечатнойФормы1С\process\main.json
2026-05-24T11:21:33+0300 INFO: Старт робота: C:\Users\kulak\Downloads\aaaaaaaaaa\case3_search-for-printed-form-master\Кейс3_ПоискПечатнойФормы1С\resource\4283f0bf-c419-41eb-80a9-eb4397d7cf42\ConfigFunctions.py
2026-05-24T11:21:33+0300 INFO: Старт робота: C:\Users\kulak\Downloads\aaaaaaaaaa\case3_search-for-printed-form-master\Кейс3_ПоискПечатнойФормы1С\resource\4283f0bf-c419-41eb-80a9-eb4397d7cf42\techFunctions.py
2026-05-24T11:21:35+0300 INFO: Старт робота: C:\Users\kulak\Downloads\aaaaaaaaaa\case3_search-for-printed-form-master\Кейс3_ПоискПечатнойФормы1С\resource\4283f0bf-c419-41eb-80a9-eb4397d7cf42\relay_930.py
2026-05-24T11:21:35+0300 INFO: Старт робота: C:\Users\kulak\Downloads\aaaaaaaaaa\case3_search-for-printed-form-master\Кейс3_ПоискПечатнойФормы1С\resource\4283f0bf-c419-41eb-80a9-eb4397d7cf42\ProcessDocument.py
2026-05-24T11:21:35+0300 INFO: Старт робота: C:\Users\kulak\Downloads\aaaaaaaaaa\case3_search-for-printed-form-master\Кейс3_ПоискПечатнойФормы1С\resource\4283f0bf-c419-41eb-80a9-eb4397d7cf42\FinishProcess.py
2026-05-24T11:21:35+0300 INFO: Старт робота: C:\Users\kulak\Downloads\aaaaaaaaaa\case3_search-for-printed-form-master\Кейс3_ПоискПечатнойФормы1С\resource\4283f0bf-c419-41eb-80a9-eb4397d7cf42\main.py
2026-05-24T11:21:35+0300 INFO: C:\Users\kulak\Downloads\aaaaaaaaaa\case3_search-for-printed-form-master\Кейс3_ПоискПечатнойФормы1С\resource\4283f0bf-c419-41eb-80a9-eb4397d7cf42\main.py Робот начал работу 24.05.2026 11:21:35
2026-05-24T11:21:35+0300 INFO: C:\Users\kulak\Downloads\aaaaaaaaaa\case3_search-for-printed-form-master\Кейс3_ПоискПечатнойФормы1С\resource\4283f0bf-c419-41eb-80a9-eb4397d7cf42\ConfigFunctions.py Папки подготовлены
2026-05-24T11:23:25+0300 ERROR: C:\Users\kulak\Downloads\aaaaaaaaaa\case3_search-for-printed-form-master\Кейс3_ПоискПечатнойФормы1С\resource\4283f0bf-c419-41eb-80a9-eb4397d7cf42\ProcessDocument.py Ошибка получения печатной формы
2026-05-24T11:23:25+0300 ERROR: C:\Users\kulak\Downloads\aaaaaaaaaa\case3_search-for-printed-form-master\Кейс3_ПоискПечатнойФормы1С\resource\4283f0bf-c419-41eb-80a9-eb4397d7cf42\main.py Ошибка: name 'is_process_successed' is not defined
2026-05-24T11:23:25+0300 Окно выполнения: main: ERROR:  ["name 'is_process_successed' is not defined"]
2026-05-24T11:23:29+0300 ERROR: Завершение выполнения процесса. C:\Users\kulak\Downloads\aaaaaaaaaa\case3_search-for-printed-form-master\Кейс3_ПоискПечатнойФормы1С\process\main.json
